{"/Users/cguzman/Developer/PlatziMasterProjects/music_app/back-end/api/components/album/controller.js":{"path":"/Users/cguzman/Developer/PlatziMasterProjects/music_app/back-end/api/components/album/controller.js","statementMap":{"0":{"start":{"line":1,"column":0},"end":{"line":42,"column":1}},"1":{"start":{"line":2,"column":14},"end":{"line":2,"column":27}},"2":{"start":{"line":5,"column":22},"end":{"line":5,"column":37}},"3":{"start":{"line":6,"column":6},"end":{"line":6,"column":27}},"4":{"start":{"line":7,"column":6},"end":{"line":7,"column":21}},"5":{"start":{"line":11,"column":22},"end":{"line":14,"column":8}},"6":{"start":{"line":15,"column":6},"end":{"line":15,"column":30}},"7":{"start":{"line":19,"column":30},"end":{"line":21,"column":8}},"8":{"start":{"line":22,"column":6},"end":{"line":22,"column":29}},"9":{"start":{"line":26,"column":21},"end":{"line":26,"column":39}},"10":{"start":{"line":27,"column":6},"end":{"line":27,"column":26}},"11":{"start":{"line":31,"column":20},"end":{"line":31,"column":51}},"12":{"start":{"line":32,"column":6},"end":{"line":32,"column":28}},"13":{"start":{"line":35,"column":2},"end":{"line":41,"column":3}}},"fnMap":{"0":{"name":"(anonymous_0)","decl":{"start":{"line":1,"column":17},"end":{"line":1,"column":18}},"loc":{"start":{"line":1,"column":40},"end":{"line":42,"column":1}},"line":1},"1":{"name":"createAlbum","decl":{"start":{"line":4,"column":17},"end":{"line":4,"column":28}},"loc":{"start":{"line":4,"column":35},"end":{"line":8,"column":3}},"line":4},"2":{"name":"updateAlbum","decl":{"start":{"line":10,"column":17},"end":{"line":10,"column":28}},"loc":{"start":{"line":10,"column":44},"end":{"line":16,"column":3}},"line":10},"3":{"name":"deleteAlbum","decl":{"start":{"line":18,"column":17},"end":{"line":18,"column":28}},"loc":{"start":{"line":18,"column":38},"end":{"line":23,"column":3}},"line":18},"4":{"name":"getAlbums","decl":{"start":{"line":25,"column":17},"end":{"line":25,"column":26}},"loc":{"start":{"line":25,"column":28},"end":{"line":28,"column":3}},"line":25},"5":{"name":"getAlbum","decl":{"start":{"line":30,"column":17},"end":{"line":30,"column":25}},"loc":{"start":{"line":30,"column":38},"end":{"line":33,"column":3}},"line":30}},"branchMap":{"0":{"loc":{"start":{"line":15,"column":13},"end":{"line":15,"column":29}},"type":"binary-expr","locations":[{"start":{"line":15,"column":13},"end":{"line":15,"column":20}},{"start":{"line":15,"column":24},"end":{"line":15,"column":29}}],"line":15},"1":{"loc":{"start":{"line":27,"column":13},"end":{"line":27,"column":25}},"type":"binary-expr","locations":[{"start":{"line":27,"column":13},"end":{"line":27,"column":19}},{"start":{"line":27,"column":23},"end":{"line":27,"column":25}}],"line":27},"2":{"loc":{"start":{"line":32,"column":13},"end":{"line":32,"column":27}},"type":"binary-expr","locations":[{"start":{"line":32,"column":13},"end":{"line":32,"column":18}},{"start":{"line":32,"column":22},"end":{"line":32,"column":27}}],"line":32}},"s":{"0":0,"1":0,"2":0,"3":0,"4":0,"5":0,"6":0,"7":0,"8":0,"9":0,"10":0,"11":0,"12":0,"13":0},"f":{"0":0,"1":0,"2":0,"3":0,"4":0,"5":0},"b":{"0":[0,0],"1":[0,0],"2":[0,0]},"all":true},"/Users/cguzman/Developer/PlatziMasterProjects/music_app/back-end/api/components/album/routes.js":{"path":"/Users/cguzman/Developer/PlatziMasterProjects/music_app/back-end/api/components/album/routes.js","statementMap":{"0":{"start":{"line":1,"column":19},"end":{"line":1,"column":37}},"1":{"start":{"line":2,"column":15},"end":{"line":2,"column":23}},"2":{"start":{"line":3,"column":17},"end":{"line":3,"column":36}},"3":{"start":{"line":5,"column":21},"end":{"line":5,"column":41}},"4":{"start":{"line":7,"column":32},"end":{"line":7,"column":92}},"5":{"start":{"line":8,"column":34},"end":{"line":8,"column":96}},"6":{"start":{"line":11,"column":23},"end":{"line":11,"column":42}},"7":{"start":{"line":12,"column":2},"end":{"line":12,"column":31}},"8":{"start":{"line":14,"column":2},"end":{"line":18,"column":3}},"9":{"start":{"line":19,"column":2},"end":{"line":24,"column":3}},"10":{"start":{"line":25,"column":2},"end":{"line":29,"column":4}},"11":{"start":{"line":30,"column":2},"end":{"line":35,"column":4}},"12":{"start":{"line":36,"column":2},"end":{"line":41,"column":4}},"13":{"start":{"line":43,"column":0},"end":{"line":43,"column":29}}},"fnMap":{"0":{"name":"albumRoutes","decl":{"start":{"line":10,"column":9},"end":{"line":10,"column":20}},"loc":{"start":{"line":10,"column":32},"end":{"line":42,"column":1}},"line":10}},"branchMap":{},"s":{"0":0,"1":0,"2":0,"3":0,"4":0,"5":0,"6":0,"7":0,"8":0,"9":0,"10":0,"11":0,"12":0,"13":0},"f":{"0":0},"b":{},"all":true},"/Users/cguzman/Developer/PlatziMasterProjects/music_app/back-end/api/components/album/service.js":{"path":"/Users/cguzman/Developer/PlatziMasterProjects/music_app/back-end/api/components/album/service.js","statementMap":{"0":{"start":{"line":1,"column":17},"end":{"line":1,"column":51}},"1":{"start":{"line":2,"column":19},"end":{"line":2,"column":42}},"2":{"start":{"line":3,"column":13},"end":{"line":3,"column":28}},"3":{"start":{"line":7,"column":16},"end":{"line":7,"column":29}},"4":{"start":{"line":8,"column":23},"end":{"line":8,"column":40}},"5":{"start":{"line":10,"column":22},"end":{"line":17,"column":5}},"6":{"start":{"line":11,"column":8},"end":{"line":16,"column":9}},"7":{"start":{"line":12,"column":27},"end":{"line":12,"column":55}},"8":{"start":{"line":13,"column":12},"end":{"line":13,"column":52}},"9":{"start":{"line":15,"column":12},"end":{"line":15,"column":24}},"10":{"start":{"line":19,"column":21},"end":{"line":34,"column":5}},"11":{"start":{"line":20,"column":27},"end":{"line":20,"column":30}},"12":{"start":{"line":21,"column":8},"end":{"line":33,"column":9}},"13":{"start":{"line":22,"column":26},"end":{"line":22,"column":73}},"14":{"start":{"line":23,"column":12},"end":{"line":30,"column":13}},"15":{"start":{"line":24,"column":16},"end":{"line":24,"column":55}},"16":{"start":{"line":26,"column":16},"end":{"line":29,"column":25}},"17":{"start":{"line":32,"column":12},"end":{"line":32,"column":24}},"18":{"start":{"line":36,"column":24},"end":{"line":45,"column":5}},"19":{"start":{"line":37,"column":31},"end":{"line":37,"column":34}},"20":{"start":{"line":39,"column":8},"end":{"line":44,"column":9}},"21":{"start":{"line":40,"column":33},"end":{"line":40,"column":67}},"22":{"start":{"line":41,"column":12},"end":{"line":41,"column":58}},"23":{"start":{"line":43,"column":10},"end":{"line":43,"column":57}},"24":{"start":{"line":47,"column":24},"end":{"line":64,"column":5}},"25":{"start":{"line":48,"column":27},"end":{"line":48,"column":30}},"26":{"start":{"line":49,"column":31},"end":{"line":49,"column":34}},"27":{"start":{"line":50,"column":8},"end":{"line":63,"column":9}},"28":{"start":{"line":51,"column":33},"end":{"line":51,"column":83}},"29":{"start":{"line":52,"column":12},"end":{"line":60,"column":13}},"30":{"start":{"line":53,"column":14},"end":{"line":56,"column":23}},"31":{"start":{"line":59,"column":14},"end":{"line":59,"column":60}},"32":{"start":{"line":62,"column":12},"end":{"line":62,"column":24}},"33":{"start":{"line":66,"column":24},"end":{"line":78,"column":5}},"34":{"start":{"line":67,"column":27},"end":{"line":67,"column":30}},"35":{"start":{"line":68,"column":8},"end":{"line":77,"column":9}},"36":{"start":{"line":69,"column":33},"end":{"line":69,"column":77}},"37":{"start":{"line":70,"column":12},"end":{"line":74,"column":13}},"38":{"start":{"line":71,"column":14},"end":{"line":71,"column":101}},"39":{"start":{"line":73,"column":14},"end":{"line":73,"column":60}},"40":{"start":{"line":76,"column":12},"end":{"line":76,"column":24}},"41":{"start":{"line":80,"column":29},"end":{"line":88,"column":5}},"42":{"start":{"line":81,"column":8},"end":{"line":87,"column":9}},"43":{"start":{"line":82,"column":30},"end":{"line":82,"column":38}},"44":{"start":{"line":83,"column":26},"end":{"line":83,"column":70}},"45":{"start":{"line":84,"column":12},"end":{"line":84,"column":34}},"46":{"start":{"line":86,"column":12},"end":{"line":86,"column":24}},"47":{"start":{"line":90,"column":4},"end":{"line":97,"column":5}},"48":{"start":{"line":100,"column":0},"end":{"line":100,"column":30}}},"fnMap":{"0":{"name":"albumService","decl":{"start":{"line":6,"column":9},"end":{"line":6,"column":21}},"loc":{"start":{"line":6,"column":37},"end":{"line":98,"column":1}},"line":6},"1":{"name":"(anonymous_1)","decl":{"start":{"line":10,"column":22},"end":{"line":10,"column":23}},"loc":{"start":{"line":10,"column":48},"end":{"line":17,"column":5}},"line":10},"2":{"name":"(anonymous_2)","decl":{"start":{"line":19,"column":21},"end":{"line":19,"column":22}},"loc":{"start":{"line":19,"column":47},"end":{"line":34,"column":5}},"line":19},"3":{"name":"(anonymous_3)","decl":{"start":{"line":36,"column":24},"end":{"line":36,"column":25}},"loc":{"start":{"line":36,"column":50},"end":{"line":45,"column":5}},"line":36},"4":{"name":"(anonymous_4)","decl":{"start":{"line":47,"column":24},"end":{"line":47,"column":25}},"loc":{"start":{"line":47,"column":50},"end":{"line":64,"column":5}},"line":47},"5":{"name":"(anonymous_5)","decl":{"start":{"line":66,"column":24},"end":{"line":66,"column":25}},"loc":{"start":{"line":66,"column":50},"end":{"line":78,"column":5}},"line":66},"6":{"name":"(anonymous_6)","decl":{"start":{"line":80,"column":29},"end":{"line":80,"column":30}},"loc":{"start":{"line":80,"column":54},"end":{"line":88,"column":5}},"line":80}},"branchMap":{"0":{"loc":{"start":{"line":23,"column":12},"end":{"line":30,"column":13}},"type":"if","locations":[{"start":{"line":23,"column":12},"end":{"line":30,"column":13}},{"start":{"line":23,"column":12},"end":{"line":30,"column":13}}],"line":23},"1":{"loc":{"start":{"line":52,"column":12},"end":{"line":60,"column":13}},"type":"if","locations":[{"start":{"line":52,"column":12},"end":{"line":60,"column":13}},{"start":{"line":52,"column":12},"end":{"line":60,"column":13}}],"line":52},"2":{"loc":{"start":{"line":70,"column":12},"end":{"line":74,"column":13}},"type":"if","locations":[{"start":{"line":70,"column":12},"end":{"line":74,"column":13}},{"start":{"line":70,"column":12},"end":{"line":74,"column":13}}],"line":70},"3":{"loc":{"start":{"line":84,"column":19},"end":{"line":84,"column":33}},"type":"binary-expr","locations":[{"start":{"line":84,"column":19},"end":{"line":84,"column":24}},{"start":{"line":84,"column":28},"end":{"line":84,"column":33}}],"line":84}},"s":{"0":0,"1":0,"2":0,"3":0,"4":0,"5":0,"6":0,"7":0,"8":0,"9":0,"10":0,"11":0,"12":0,"13":0,"14":0,"15":0,"16":0,"17":0,"18":0,"19":0,"20":0,"21":0,"22":0,"23":0,"24":0,"25":0,"26":0,"27":0,"28":0,"29":0,"30":0,"31":0,"32":0,"33":0,"34":0,"35":0,"36":0,"37":0,"38":0,"39":0,"40":0,"41":0,"42":0,"43":0,"44":0,"45":0,"46":0,"47":0,"48":0},"f":{"0":0,"1":0,"2":0,"3":0,"4":0,"5":0,"6":0},"b":{"0":[0,0],"1":[0,0],"2":[0,0],"3":[0,0]},"all":true},"/Users/cguzman/Developer/PlatziMasterProjects/music_app/back-end/api/components/apiKey/controller.js":{"path":"/Users/cguzman/Developer/PlatziMasterProjects/music_app/back-end/api/components/apiKey/controller.js","statementMap":{"0":{"start":{"line":1,"column":0},"end":{"line":38,"column":1}},"1":{"start":{"line":2,"column":14},"end":{"line":2,"column":27}},"2":{"start":{"line":5,"column":22},"end":{"line":5,"column":37}},"3":{"start":{"line":6,"column":6},"end":{"line":6,"column":27}},"4":{"start":{"line":7,"column":6},"end":{"line":7,"column":21}},"5":{"start":{"line":11,"column":31},"end":{"line":13,"column":8}},"6":{"start":{"line":14,"column":6},"end":{"line":14,"column":30}},"7":{"start":{"line":18,"column":22},"end":{"line":18,"column":40}},"8":{"start":{"line":19,"column":6},"end":{"line":19,"column":27}},"9":{"start":{"line":22,"column":22},"end":{"line":22,"column":54}},"10":{"start":{"line":23,"column":6},"end":{"line":23,"column":27}},"11":{"start":{"line":26,"column":6},"end":{"line":26,"column":31}},"12":{"start":{"line":27,"column":22},"end":{"line":27,"column":40}},"13":{"start":{"line":28,"column":6},"end":{"line":28,"column":27}},"14":{"start":{"line":31,"column":2},"end":{"line":37,"column":3}}},"fnMap":{"0":{"name":"(anonymous_0)","decl":{"start":{"line":1,"column":17},"end":{"line":1,"column":18}},"loc":{"start":{"line":1,"column":40},"end":{"line":38,"column":1}},"line":1},"1":{"name":"createApiKey","decl":{"start":{"line":4,"column":17},"end":{"line":4,"column":29}},"loc":{"start":{"line":4,"column":36},"end":{"line":8,"column":3}},"line":4},"2":{"name":"deleteApiKey","decl":{"start":{"line":10,"column":17},"end":{"line":10,"column":29}},"loc":{"start":{"line":10,"column":40},"end":{"line":15,"column":3}},"line":10},"3":{"name":"getApiKeys","decl":{"start":{"line":17,"column":17},"end":{"line":17,"column":27}},"loc":{"start":{"line":17,"column":29},"end":{"line":20,"column":3}},"line":17},"4":{"name":"getApiKey","decl":{"start":{"line":21,"column":17},"end":{"line":21,"column":26}},"loc":{"start":{"line":21,"column":39},"end":{"line":24,"column":3}},"line":21},"5":{"name":"emptyApiKeys","decl":{"start":{"line":25,"column":17},"end":{"line":25,"column":29}},"loc":{"start":{"line":25,"column":31},"end":{"line":29,"column":3}},"line":25}},"branchMap":{"0":{"loc":{"start":{"line":19,"column":13},"end":{"line":19,"column":26}},"type":"binary-expr","locations":[{"start":{"line":19,"column":13},"end":{"line":19,"column":20}},{"start":{"line":19,"column":24},"end":{"line":19,"column":26}}],"line":19},"1":{"loc":{"start":{"line":23,"column":13},"end":{"line":23,"column":26}},"type":"binary-expr","locations":[{"start":{"line":23,"column":13},"end":{"line":23,"column":20}},{"start":{"line":23,"column":24},"end":{"line":23,"column":26}}],"line":23},"2":{"loc":{"start":{"line":28,"column":13},"end":{"line":28,"column":26}},"type":"binary-expr","locations":[{"start":{"line":28,"column":13},"end":{"line":28,"column":20}},{"start":{"line":28,"column":24},"end":{"line":28,"column":26}}],"line":28}},"s":{"0":0,"1":0,"2":0,"3":0,"4":0,"5":0,"6":0,"7":0,"8":0,"9":0,"10":0,"11":0,"12":0,"13":0,"14":0},"f":{"0":0,"1":0,"2":0,"3":0,"4":0,"5":0},"b":{"0":[0,0],"1":[0,0],"2":[0,0]},"all":true},"/Users/cguzman/Developer/PlatziMasterProjects/music_app/back-end/api/components/apiKey/index.js":{"path":"/Users/cguzman/Developer/PlatziMasterProjects/music_app/back-end/api/components/apiKey/index.js","statementMap":{"0":{"start":{"line":1,"column":14},"end":{"line":1,"column":47}},"1":{"start":{"line":2,"column":19},"end":{"line":2,"column":42}},"2":{"start":{"line":4,"column":0},"end":{"line":4,"column":35}}},"fnMap":{},"branchMap":{},"s":{"0":0,"1":0,"2":0},"f":{},"b":{},"all":true},"/Users/cguzman/Developer/PlatziMasterProjects/music_app/back-end/api/components/artist/controller.js":{"path":"/Users/cguzman/Developer/PlatziMasterProjects/music_app/back-end/api/components/artist/controller.js","statementMap":{"0":{"start":{"line":1,"column":0},"end":{"line":42,"column":1}},"1":{"start":{"line":2,"column":16},"end":{"line":2,"column":29}},"2":{"start":{"line":5,"column":24},"end":{"line":5,"column":39}},"3":{"start":{"line":6,"column":8},"end":{"line":6,"column":29}},"4":{"start":{"line":7,"column":8},"end":{"line":7,"column":23}},"5":{"start":{"line":11,"column":24},"end":{"line":14,"column":10}},"6":{"start":{"line":15,"column":8},"end":{"line":15,"column":32}},"7":{"start":{"line":19,"column":30},"end":{"line":21,"column":10}},"8":{"start":{"line":22,"column":8},"end":{"line":22,"column":29}},"9":{"start":{"line":26,"column":24},"end":{"line":26,"column":42}},"10":{"start":{"line":27,"column":8},"end":{"line":27,"column":29}},"11":{"start":{"line":31,"column":23},"end":{"line":31,"column":55}},"12":{"start":{"line":32,"column":8},"end":{"line":32,"column":31}},"13":{"start":{"line":35,"column":4},"end":{"line":41,"column":5}}},"fnMap":{"0":{"name":"(anonymous_0)","decl":{"start":{"line":1,"column":17},"end":{"line":1,"column":18}},"loc":{"start":{"line":1,"column":40},"end":{"line":42,"column":1}},"line":1},"1":{"name":"createArtist","decl":{"start":{"line":4,"column":19},"end":{"line":4,"column":31}},"loc":{"start":{"line":4,"column":38},"end":{"line":8,"column":5}},"line":4},"2":{"name":"updateArtist","decl":{"start":{"line":10,"column":19},"end":{"line":10,"column":31}},"loc":{"start":{"line":10,"column":48},"end":{"line":16,"column":5}},"line":10},"3":{"name":"deleteArtist","decl":{"start":{"line":18,"column":19},"end":{"line":18,"column":31}},"loc":{"start":{"line":18,"column":42},"end":{"line":23,"column":5}},"line":18},"4":{"name":"getArtists","decl":{"start":{"line":25,"column":19},"end":{"line":25,"column":29}},"loc":{"start":{"line":25,"column":31},"end":{"line":28,"column":5}},"line":25},"5":{"name":"getArtist","decl":{"start":{"line":30,"column":19},"end":{"line":30,"column":28}},"loc":{"start":{"line":30,"column":42},"end":{"line":33,"column":5}},"line":30}},"branchMap":{"0":{"loc":{"start":{"line":15,"column":15},"end":{"line":15,"column":31}},"type":"binary-expr","locations":[{"start":{"line":15,"column":15},"end":{"line":15,"column":22}},{"start":{"line":15,"column":26},"end":{"line":15,"column":31}}],"line":15},"1":{"loc":{"start":{"line":27,"column":15},"end":{"line":27,"column":28}},"type":"binary-expr","locations":[{"start":{"line":27,"column":15},"end":{"line":27,"column":22}},{"start":{"line":27,"column":26},"end":{"line":27,"column":28}}],"line":27},"2":{"loc":{"start":{"line":32,"column":15},"end":{"line":32,"column":30}},"type":"binary-expr","locations":[{"start":{"line":32,"column":15},"end":{"line":32,"column":21}},{"start":{"line":32,"column":25},"end":{"line":32,"column":30}}],"line":32}},"s":{"0":0,"1":0,"2":0,"3":0,"4":0,"5":0,"6":0,"7":0,"8":0,"9":0,"10":0,"11":0,"12":0,"13":0},"f":{"0":0,"1":0,"2":0,"3":0,"4":0,"5":0},"b":{"0":[0,0],"1":[0,0],"2":[0,0]},"all":true},"/Users/cguzman/Developer/PlatziMasterProjects/music_app/back-end/api/components/artist/routes.js":{"path":"/Users/cguzman/Developer/PlatziMasterProjects/music_app/back-end/api/components/artist/routes.js","statementMap":{"0":{"start":{"line":1,"column":19},"end":{"line":1,"column":37}},"1":{"start":{"line":2,"column":15},"end":{"line":2,"column":23}},"2":{"start":{"line":3,"column":17},"end":{"line":3,"column":36}},"3":{"start":{"line":5,"column":22},"end":{"line":5,"column":42}},"4":{"start":{"line":7,"column":32},"end":{"line":7,"column":92}},"5":{"start":{"line":10,"column":0},"end":{"line":10,"column":46}},"6":{"start":{"line":13,"column":26},"end":{"line":13,"column":46}},"7":{"start":{"line":14,"column":4},"end":{"line":14,"column":35}},"8":{"start":{"line":16,"column":4},"end":{"line":19,"column":36}},"9":{"start":{"line":20,"column":4},"end":{"line":23,"column":36}},"10":{"start":{"line":24,"column":4},"end":{"line":27,"column":36}},"11":{"start":{"line":28,"column":4},"end":{"line":31,"column":34}},"12":{"start":{"line":32,"column":4},"end":{"line":35,"column":33}},"13":{"start":{"line":38,"column":0},"end":{"line":38,"column":30}}},"fnMap":{"0":{"name":"artistRoutes","decl":{"start":{"line":12,"column":9},"end":{"line":12,"column":21}},"loc":{"start":{"line":12,"column":34},"end":{"line":36,"column":1}},"line":12}},"branchMap":{},"s":{"0":0,"1":0,"2":0,"3":0,"4":0,"5":0,"6":0,"7":0,"8":0,"9":0,"10":0,"11":0,"12":0,"13":0},"f":{"0":0},"b":{},"all":true},"/Users/cguzman/Developer/PlatziMasterProjects/music_app/back-end/api/components/artist/service.js":{"path":"/Users/cguzman/Developer/PlatziMasterProjects/music_app/back-end/api/components/artist/service.js","statementMap":{"0":{"start":{"line":1,"column":17},"end":{"line":1,"column":51}},"1":{"start":{"line":2,"column":19},"end":{"line":2,"column":42}},"2":{"start":{"line":3,"column":13},"end":{"line":3,"column":28}},"3":{"start":{"line":5,"column":16},"end":{"line":5,"column":29}},"4":{"start":{"line":6,"column":23},"end":{"line":6,"column":40}},"5":{"start":{"line":8,"column":23},"end":{"line":15,"column":5}},"6":{"start":{"line":9,"column":8},"end":{"line":14,"column":9}},"7":{"start":{"line":10,"column":28},"end":{"line":10,"column":57}},"8":{"start":{"line":11,"column":12},"end":{"line":11,"column":53}},"9":{"start":{"line":13,"column":12},"end":{"line":13,"column":59}},"10":{"start":{"line":17,"column":22},"end":{"line":32,"column":5}},"11":{"start":{"line":18,"column":27},"end":{"line":18,"column":30}},"12":{"start":{"line":19,"column":8},"end":{"line":31,"column":9}},"13":{"start":{"line":20,"column":27},"end":{"line":20,"column":76}},"14":{"start":{"line":21,"column":12},"end":{"line":28,"column":13}},"15":{"start":{"line":22,"column":16},"end":{"line":22,"column":56}},"16":{"start":{"line":24,"column":16},"end":{"line":27,"column":25}},"17":{"start":{"line":30,"column":12},"end":{"line":30,"column":59}},"18":{"start":{"line":34,"column":25},"end":{"line":42,"column":5}},"19":{"start":{"line":35,"column":31},"end":{"line":35,"column":34}},"20":{"start":{"line":36,"column":8},"end":{"line":41,"column":9}},"21":{"start":{"line":37,"column":34},"end":{"line":37,"column":69}},"22":{"start":{"line":38,"column":12},"end":{"line":38,"column":59}},"23":{"start":{"line":40,"column":12},"end":{"line":40,"column":59}},"24":{"start":{"line":44,"column":25},"end":{"line":57,"column":5}},"25":{"start":{"line":45,"column":27},"end":{"line":45,"column":30}},"26":{"start":{"line":46,"column":31},"end":{"line":46,"column":34}},"27":{"start":{"line":47,"column":8},"end":{"line":56,"column":9}},"28":{"start":{"line":48,"column":34},"end":{"line":48,"column":86}},"29":{"start":{"line":49,"column":12},"end":{"line":52,"column":21}},"30":{"start":{"line":49,"column":32},"end":{"line":52,"column":21}},"31":{"start":{"line":53,"column":12},"end":{"line":53,"column":59}},"32":{"start":{"line":55,"column":12},"end":{"line":55,"column":59}},"33":{"start":{"line":59,"column":25},"end":{"line":71,"column":5}},"34":{"start":{"line":60,"column":27},"end":{"line":60,"column":30}},"35":{"start":{"line":61,"column":8},"end":{"line":70,"column":9}},"36":{"start":{"line":62,"column":34},"end":{"line":62,"column":80}},"37":{"start":{"line":63,"column":12},"end":{"line":66,"column":21}},"38":{"start":{"line":63,"column":32},"end":{"line":66,"column":21}},"39":{"start":{"line":67,"column":12},"end":{"line":67,"column":59}},"40":{"start":{"line":69,"column":12},"end":{"line":69,"column":59}},"41":{"start":{"line":74,"column":4},"end":{"line":80,"column":5}},"42":{"start":{"line":83,"column":0},"end":{"line":83,"column":31}}},"fnMap":{"0":{"name":"artistService","decl":{"start":{"line":4,"column":9},"end":{"line":4,"column":22}},"loc":{"start":{"line":4,"column":38},"end":{"line":81,"column":1}},"line":4},"1":{"name":"(anonymous_1)","decl":{"start":{"line":8,"column":23},"end":{"line":8,"column":24}},"loc":{"start":{"line":8,"column":49},"end":{"line":15,"column":5}},"line":8},"2":{"name":"(anonymous_2)","decl":{"start":{"line":17,"column":22},"end":{"line":17,"column":23}},"loc":{"start":{"line":17,"column":48},"end":{"line":32,"column":5}},"line":17},"3":{"name":"(anonymous_3)","decl":{"start":{"line":34,"column":25},"end":{"line":34,"column":26}},"loc":{"start":{"line":34,"column":51},"end":{"line":42,"column":5}},"line":34},"4":{"name":"(anonymous_4)","decl":{"start":{"line":44,"column":25},"end":{"line":44,"column":26}},"loc":{"start":{"line":44,"column":51},"end":{"line":57,"column":5}},"line":44},"5":{"name":"(anonymous_5)","decl":{"start":{"line":59,"column":25},"end":{"line":59,"column":26}},"loc":{"start":{"line":59,"column":51},"end":{"line":71,"column":5}},"line":59}},"branchMap":{"0":{"loc":{"start":{"line":21,"column":12},"end":{"line":28,"column":13}},"type":"if","locations":[{"start":{"line":21,"column":12},"end":{"line":28,"column":13}},{"start":{"line":21,"column":12},"end":{"line":28,"column":13}}],"line":21},"1":{"loc":{"start":{"line":49,"column":12},"end":{"line":52,"column":21}},"type":"if","locations":[{"start":{"line":49,"column":12},"end":{"line":52,"column":21}},{"start":{"line":49,"column":12},"end":{"line":52,"column":21}}],"line":49},"2":{"loc":{"start":{"line":63,"column":12},"end":{"line":66,"column":21}},"type":"if","locations":[{"start":{"line":63,"column":12},"end":{"line":66,"column":21}},{"start":{"line":63,"column":12},"end":{"line":66,"column":21}}],"line":63}},"s":{"0":0,"1":0,"2":0,"3":0,"4":0,"5":0,"6":0,"7":0,"8":0,"9":0,"10":0,"11":0,"12":0,"13":0,"14":0,"15":0,"16":0,"17":0,"18":0,"19":0,"20":0,"21":0,"22":0,"23":0,"24":0,"25":0,"26":0,"27":0,"28":0,"29":0,"30":0,"31":0,"32":0,"33":0,"34":0,"35":0,"36":0,"37":0,"38":0,"39":0,"40":0,"41":0,"42":0},"f":{"0":0,"1":0,"2":0,"3":0,"4":0,"5":0},"b":{"0":[0,0],"1":[0,0],"2":[0,0]},"all":true},"/Users/cguzman/Developer/PlatziMasterProjects/music_app/back-end/api/components/auth/routes.js":{"path":"/Users/cguzman/Developer/PlatziMasterProjects/music_app/back-end/api/components/auth/routes.js","statementMap":{"0":{"start":{"line":1,"column":19},"end":{"line":1,"column":37}},"1":{"start":{"line":2,"column":15},"end":{"line":2,"column":23}},"2":{"start":{"line":3,"column":17},"end":{"line":3,"column":36}},"3":{"start":{"line":5,"column":20},"end":{"line":5,"column":67}},"4":{"start":{"line":6,"column":18},"end":{"line":6,"column":50}},"5":{"start":{"line":7,"column":21},"end":{"line":7,"column":54}},"6":{"start":{"line":9,"column":20},"end":{"line":9,"column":56}},"7":{"start":{"line":10,"column":34},"end":{"line":10,"column":96}},"8":{"start":{"line":11,"column":39},"end":{"line":11,"column":106}},"9":{"start":{"line":13,"column":0},"end":{"line":13,"column":48}},"10":{"start":{"line":17,"column":2},"end":{"line":17,"column":31}},"11":{"start":{"line":23,"column":2},"end":{"line":27,"column":4}},"12":{"start":{"line":33,"column":2},"end":{"line":33,"column":46}},"13":{"start":{"line":35,"column":2},"end":{"line":39,"column":4}},"14":{"start":{"line":44,"column":2},"end":{"line":47,"column":4}},"15":{"start":{"line":53,"column":2},"end":{"line":55,"column":4}},"16":{"start":{"line":57,"column":0},"end":{"line":57,"column":28}}},"fnMap":{"0":{"name":"authRoutes","decl":{"start":{"line":15,"column":9},"end":{"line":15,"column":19}},"loc":{"start":{"line":15,"column":25},"end":{"line":56,"column":1}},"line":15}},"branchMap":{},"s":{"0":0,"1":0,"2":0,"3":0,"4":0,"5":0,"6":0,"7":0,"8":0,"9":0,"10":0,"11":0,"12":0,"13":0,"14":0,"15":0,"16":0},"f":{"0":0},"b":{},"all":true},"/Users/cguzman/Developer/PlatziMasterProjects/music_app/back-end/api/components/auth/service.js":{"path":"/Users/cguzman/Developer/PlatziMasterProjects/music_app/back-end/api/components/auth/service.js","statementMap":{"0":{"start":{"line":1,"column":17},"end":{"line":1,"column":51}},"1":{"start":{"line":2,"column":23},"end":{"line":2,"column":52}},"2":{"start":{"line":3,"column":25},"end":{"line":3,"column":56}},"3":{"start":{"line":4,"column":13},"end":{"line":4,"column":28}},"4":{"start":{"line":5,"column":17},"end":{"line":5,"column":36}},"5":{"start":{"line":6,"column":12},"end":{"line":6,"column":35}},"6":{"start":{"line":7,"column":15},"end":{"line":7,"column":47}},"7":{"start":{"line":8,"column":19},"end":{"line":8,"column":40}},"8":{"start":{"line":9,"column":31},"end":{"line":9,"column":86}},"9":{"start":{"line":10,"column":31},"end":{"line":10,"column":86}},"10":{"start":{"line":11,"column":26},"end":{"line":11,"column":75}},"11":{"start":{"line":12,"column":14},"end":{"line":12,"column":30}},"12":{"start":{"line":13,"column":14},"end":{"line":13,"column":30}},"13":{"start":{"line":14,"column":14},"end":{"line":14,"column":31}},"14":{"start":{"line":16,"column":18},"end":{"line":24,"column":2}},"15":{"start":{"line":27,"column":0},"end":{"line":27,"column":48}},"16":{"start":{"line":30,"column":18},"end":{"line":30,"column":27}},"17":{"start":{"line":31,"column":21},"end":{"line":31,"column":33}},"18":{"start":{"line":32,"column":25},"end":{"line":32,"column":50}},"19":{"start":{"line":33,"column":27},"end":{"line":33,"column":57}},"20":{"start":{"line":39,"column":17},"end":{"line":89,"column":3}},"21":{"start":{"line":40,"column":4},"end":{"line":88,"column":5}},"22":{"start":{"line":41,"column":30},"end":{"line":41,"column":38}},"23":{"start":{"line":42,"column":6},"end":{"line":44,"column":7}},"24":{"start":{"line":43,"column":8},"end":{"line":43,"column":62}},"25":{"start":{"line":45,"column":6},"end":{"line":85,"column":25}},"26":{"start":{"line":46,"column":8},"end":{"line":84,"column":9}},"27":{"start":{"line":47,"column":10},"end":{"line":49,"column":11}},"28":{"start":{"line":48,"column":12},"end":{"line":48,"column":67}},"29":{"start":{"line":50,"column":10},"end":{"line":54,"column":13}},"30":{"start":{"line":51,"column":12},"end":{"line":53,"column":13}},"31":{"start":{"line":52,"column":14},"end":{"line":52,"column":31}},"32":{"start":{"line":56,"column":25},"end":{"line":58,"column":12}},"33":{"start":{"line":61,"column":10},"end":{"line":63,"column":11}},"34":{"start":{"line":62,"column":12},"end":{"line":62,"column":61}},"35":{"start":{"line":65,"column":39},"end":{"line":65,"column":43}},"36":{"start":{"line":66,"column":26},"end":{"line":71,"column":11}},"37":{"start":{"line":72,"column":24},"end":{"line":74,"column":12}},"38":{"start":{"line":75,"column":29},"end":{"line":79,"column":11}},"39":{"start":{"line":80,"column":10},"end":{"line":80,"column":32}},"40":{"start":{"line":81,"column":10},"end":{"line":81,"column":54}},"41":{"start":{"line":83,"column":10},"end":{"line":83,"column":51}},"42":{"start":{"line":87,"column":6},"end":{"line":87,"column":53}},"43":{"start":{"line":95,"column":17},"end":{"line":124,"column":3}},"44":{"start":{"line":96,"column":17},"end":{"line":96,"column":25}},"45":{"start":{"line":97,"column":4},"end":{"line":123,"column":5}},"46":{"start":{"line":98,"column":23},"end":{"line":98,"column":70}},"47":{"start":{"line":99,"column":6},"end":{"line":117,"column":7}},"48":{"start":{"line":100,"column":8},"end":{"line":100,"column":55}},"49":{"start":{"line":102,"column":24},"end":{"line":102,"column":61}},"50":{"start":{"line":104,"column":8},"end":{"line":104,"column":48}},"51":{"start":{"line":107,"column":24},"end":{"line":111,"column":9}},"52":{"start":{"line":113,"column":25},"end":{"line":113,"column":60}},"53":{"start":{"line":114,"column":8},"end":{"line":116,"column":9}},"54":{"start":{"line":115,"column":10},"end":{"line":115,"column":39}},"55":{"start":{"line":119,"column":6},"end":{"line":121,"column":7}},"56":{"start":{"line":120,"column":8},"end":{"line":120,"column":62}},"57":{"start":{"line":122,"column":6},"end":{"line":122,"column":53}},"58":{"start":{"line":130,"column":26},"end":{"line":149,"column":3}},"59":{"start":{"line":131,"column":4},"end":{"line":148,"column":5}},"60":{"start":{"line":132,"column":21},"end":{"line":132,"column":30}},"61":{"start":{"line":133,"column":19},"end":{"line":133,"column":60}},"62":{"start":{"line":134,"column":6},"end":{"line":145,"column":7}},"63":{"start":{"line":135,"column":8},"end":{"line":135,"column":29}},"64":{"start":{"line":136,"column":30},"end":{"line":136,"column":71}},"65":{"start":{"line":137,"column":8},"end":{"line":137,"column":55}},"66":{"start":{"line":139,"column":8},"end":{"line":144,"column":10}},"67":{"start":{"line":147,"column":6},"end":{"line":147,"column":51}},"68":{"start":{"line":155,"column":23},"end":{"line":196,"column":3}},"69":{"start":{"line":156,"column":43},"end":{"line":156,"column":51}},"70":{"start":{"line":157,"column":4},"end":{"line":195,"column":5}},"71":{"start":{"line":158,"column":19},"end":{"line":158,"column":68}},"72":{"start":{"line":159,"column":6},"end":{"line":192,"column":7}},"73":{"start":{"line":161,"column":8},"end":{"line":163,"column":9}},"74":{"start":{"line":162,"column":10},"end":{"line":162,"column":64}},"75":{"start":{"line":165,"column":23},"end":{"line":167,"column":8}},"76":{"start":{"line":170,"column":6},"end":{"line":172,"column":7}},"77":{"start":{"line":171,"column":8},"end":{"line":171,"column":57}},"78":{"start":{"line":174,"column":37},"end":{"line":174,"column":41}},"79":{"start":{"line":175,"column":24},"end":{"line":180,"column":9}},"80":{"start":{"line":181,"column":22},"end":{"line":183,"column":10}},"81":{"start":{"line":184,"column":27},"end":{"line":188,"column":9}},"82":{"start":{"line":189,"column":8},"end":{"line":189,"column":30}},"83":{"start":{"line":191,"column":8},"end":{"line":191,"column":52}},"84":{"start":{"line":194,"column":6},"end":{"line":194,"column":53}},"85":{"start":{"line":203,"column":25},"end":{"line":244,"column":1}},"86":{"start":{"line":204,"column":2},"end":{"line":243,"column":3}},"87":{"start":{"line":205,"column":22},"end":{"line":205,"column":30}},"88":{"start":{"line":206,"column":17},"end":{"line":206,"column":60}},"89":{"start":{"line":207,"column":19},"end":{"line":207,"column":27}},"90":{"start":{"line":208,"column":24},"end":{"line":208,"column":44}},"91":{"start":{"line":209,"column":4},"end":{"line":209,"column":55}},"92":{"start":{"line":211,"column":4},"end":{"line":211,"column":19}},"93":{"start":{"line":212,"column":4},"end":{"line":240,"column":5}},"94":{"start":{"line":213,"column":26},"end":{"line":213,"column":71}},"95":{"start":{"line":216,"column":22},"end":{"line":220,"column":7}},"96":{"start":{"line":221,"column":6},"end":{"line":221,"column":39}},"97":{"start":{"line":223,"column":23},"end":{"line":223,"column":58}},"98":{"start":{"line":225,"column":6},"end":{"line":227,"column":7}},"99":{"start":{"line":226,"column":8},"end":{"line":226,"column":41}},"100":{"start":{"line":228,"column":6},"end":{"line":228,"column":64}},"101":{"start":{"line":230,"column":6},"end":{"line":230,"column":71}},"102":{"start":{"line":234,"column":6},"end":{"line":239,"column":8}},"103":{"start":{"line":242,"column":4},"end":{"line":242,"column":49}},"104":{"start":{"line":247,"column":2},"end":{"line":253,"column":4}},"105":{"start":{"line":256,"column":0},"end":{"line":256,"column":29}}},"fnMap":{"0":{"name":"authService","decl":{"start":{"line":29,"column":9},"end":{"line":29,"column":20}},"loc":{"start":{"line":29,"column":46},"end":{"line":254,"column":1}},"line":29},"1":{"name":"(anonymous_1)","decl":{"start":{"line":39,"column":17},"end":{"line":39,"column":18}},"loc":{"start":{"line":39,"column":43},"end":{"line":89,"column":3}},"line":39},"2":{"name":"(anonymous_2)","decl":{"start":{"line":45,"column":37},"end":{"line":45,"column":38}},"loc":{"start":{"line":45,"column":64},"end":{"line":85,"column":7}},"line":45},"3":{"name":"(anonymous_3)","decl":{"start":{"line":50,"column":46},"end":{"line":50,"column":47}},"loc":{"start":{"line":50,"column":67},"end":{"line":54,"column":11}},"line":50},"4":{"name":"(anonymous_4)","decl":{"start":{"line":95,"column":17},"end":{"line":95,"column":18}},"loc":{"start":{"line":95,"column":43},"end":{"line":124,"column":3}},"line":95},"5":{"name":"(anonymous_5)","decl":{"start":{"line":130,"column":26},"end":{"line":130,"column":27}},"loc":{"start":{"line":130,"column":52},"end":{"line":149,"column":3}},"line":130},"6":{"name":"(anonymous_6)","decl":{"start":{"line":155,"column":23},"end":{"line":155,"column":24}},"loc":{"start":{"line":155,"column":49},"end":{"line":196,"column":3}},"line":155},"7":{"name":"(anonymous_7)","decl":{"start":{"line":203,"column":25},"end":{"line":203,"column":26}},"loc":{"start":{"line":203,"column":51},"end":{"line":244,"column":1}},"line":203}},"branchMap":{"0":{"loc":{"start":{"line":42,"column":6},"end":{"line":44,"column":7}},"type":"if","locations":[{"start":{"line":42,"column":6},"end":{"line":44,"column":7}},{"start":{"line":42,"column":6},"end":{"line":44,"column":7}}],"line":42},"1":{"loc":{"start":{"line":47,"column":10},"end":{"line":49,"column":11}},"type":"if","locations":[{"start":{"line":47,"column":10},"end":{"line":49,"column":11}},{"start":{"line":47,"column":10},"end":{"line":49,"column":11}}],"line":47},"2":{"loc":{"start":{"line":47,"column":14},"end":{"line":47,"column":26}},"type":"binary-expr","locations":[{"start":{"line":47,"column":14},"end":{"line":47,"column":17}},{"start":{"line":47,"column":21},"end":{"line":47,"column":26}}],"line":47},"3":{"loc":{"start":{"line":51,"column":12},"end":{"line":53,"column":13}},"type":"if","locations":[{"start":{"line":51,"column":12},"end":{"line":53,"column":13}},{"start":{"line":51,"column":12},"end":{"line":53,"column":13}}],"line":51},"4":{"loc":{"start":{"line":61,"column":10},"end":{"line":63,"column":11}},"type":"if","locations":[{"start":{"line":61,"column":10},"end":{"line":63,"column":11}},{"start":{"line":61,"column":10},"end":{"line":63,"column":11}}],"line":61},"5":{"loc":{"start":{"line":99,"column":6},"end":{"line":117,"column":7}},"type":"if","locations":[{"start":{"line":99,"column":6},"end":{"line":117,"column":7}},{"start":{"line":99,"column":6},"end":{"line":117,"column":7}}],"line":99},"6":{"loc":{"start":{"line":114,"column":8},"end":{"line":116,"column":9}},"type":"if","locations":[{"start":{"line":114,"column":8},"end":{"line":116,"column":9}},{"start":{"line":114,"column":8},"end":{"line":116,"column":9}}],"line":114},"7":{"loc":{"start":{"line":119,"column":6},"end":{"line":121,"column":7}},"type":"if","locations":[{"start":{"line":119,"column":6},"end":{"line":121,"column":7}},{"start":{"line":119,"column":6},"end":{"line":121,"column":7}}],"line":119},"8":{"loc":{"start":{"line":134,"column":6},"end":{"line":145,"column":7}},"type":"if","locations":[{"start":{"line":134,"column":6},"end":{"line":145,"column":7}},{"start":{"line":134,"column":6},"end":{"line":145,"column":7}}],"line":134},"9":{"loc":{"start":{"line":159,"column":6},"end":{"line":192,"column":7}},"type":"if","locations":[{"start":{"line":159,"column":6},"end":{"line":192,"column":7}},{"start":{"line":159,"column":6},"end":{"line":192,"column":7}}],"line":159},"10":{"loc":{"start":{"line":161,"column":8},"end":{"line":163,"column":9}},"type":"if","locations":[{"start":{"line":161,"column":8},"end":{"line":163,"column":9}},{"start":{"line":161,"column":8},"end":{"line":163,"column":9}}],"line":161},"11":{"loc":{"start":{"line":170,"column":6},"end":{"line":172,"column":7}},"type":"if","locations":[{"start":{"line":170,"column":6},"end":{"line":172,"column":7}},{"start":{"line":170,"column":6},"end":{"line":172,"column":7}}],"line":170},"12":{"loc":{"start":{"line":212,"column":4},"end":{"line":240,"column":5}},"type":"if","locations":[{"start":{"line":212,"column":4},"end":{"line":240,"column":5}},{"start":{"line":212,"column":4},"end":{"line":240,"column":5}}],"line":212},"13":{"loc":{"start":{"line":225,"column":6},"end":{"line":227,"column":7}},"type":"if","locations":[{"start":{"line":225,"column":6},"end":{"line":227,"column":7}},{"start":{"line":225,"column":6},"end":{"line":227,"column":7}}],"line":225}},"s":{"0":0,"1":0,"2":0,"3":0,"4":0,"5":0,"6":0,"7":0,"8":0,"9":0,"10":0,"11":0,"12":0,"13":0,"14":0,"15":0,"16":0,"17":0,"18":0,"19":0,"20":0,"21":0,"22":0,"23":0,"24":0,"25":0,"26":0,"27":0,"28":0,"29":0,"30":0,"31":0,"32":0,"33":0,"34":0,"35":0,"36":0,"37":0,"38":0,"39":0,"40":0,"41":0,"42":0,"43":0,"44":0,"45":0,"46":0,"47":0,"48":0,"49":0,"50":0,"51":0,"52":0,"53":0,"54":0,"55":0,"56":0,"57":0,"58":0,"59":0,"60":0,"61":0,"62":0,"63":0,"64":0,"65":0,"66":0,"67":0,"68":0,"69":0,"70":0,"71":0,"72":0,"73":0,"74":0,"75":0,"76":0,"77":0,"78":0,"79":0,"80":0,"81":0,"82":0,"83":0,"84":0,"85":0,"86":0,"87":0,"88":0,"89":0,"90":0,"91":0,"92":0,"93":0,"94":0,"95":0,"96":0,"97":0,"98":0,"99":0,"100":0,"101":0,"102":0,"103":0,"104":0,"105":0},"f":{"0":0,"1":0,"2":0,"3":0,"4":0,"5":0,"6":0,"7":0},"b":{"0":[0,0],"1":[0,0],"2":[0,0],"3":[0,0],"4":[0,0],"5":[0,0],"6":[0,0],"7":[0,0],"8":[0,0],"9":[0,0],"10":[0,0],"11":[0,0],"12":[0,0],"13":[0,0]},"all":true},"/Users/cguzman/Developer/PlatziMasterProjects/music_app/back-end/api/components/gender/controller.js":{"path":"/Users/cguzman/Developer/PlatziMasterProjects/music_app/back-end/api/components/gender/controller.js","statementMap":{"0":{"start":{"line":1,"column":0},"end":{"line":42,"column":1}},"1":{"start":{"line":2,"column":16},"end":{"line":2,"column":29}},"2":{"start":{"line":5,"column":24},"end":{"line":5,"column":39}},"3":{"start":{"line":6,"column":8},"end":{"line":6,"column":29}},"4":{"start":{"line":7,"column":8},"end":{"line":7,"column":23}},"5":{"start":{"line":11,"column":24},"end":{"line":14,"column":10}},"6":{"start":{"line":15,"column":8},"end":{"line":15,"column":32}},"7":{"start":{"line":19,"column":30},"end":{"line":21,"column":10}},"8":{"start":{"line":22,"column":8},"end":{"line":22,"column":29}},"9":{"start":{"line":26,"column":24},"end":{"line":26,"column":42}},"10":{"start":{"line":27,"column":8},"end":{"line":27,"column":29}},"11":{"start":{"line":31,"column":23},"end":{"line":31,"column":61}},"12":{"start":{"line":32,"column":8},"end":{"line":32,"column":31}},"13":{"start":{"line":35,"column":4},"end":{"line":41,"column":5}}},"fnMap":{"0":{"name":"(anonymous_0)","decl":{"start":{"line":1,"column":17},"end":{"line":1,"column":18}},"loc":{"start":{"line":1,"column":40},"end":{"line":42,"column":1}},"line":1},"1":{"name":"createGender","decl":{"start":{"line":4,"column":19},"end":{"line":4,"column":31}},"loc":{"start":{"line":4,"column":38},"end":{"line":8,"column":5}},"line":4},"2":{"name":"updateGender","decl":{"start":{"line":10,"column":19},"end":{"line":10,"column":31}},"loc":{"start":{"line":10,"column":48},"end":{"line":16,"column":5}},"line":10},"3":{"name":"deleteGender","decl":{"start":{"line":18,"column":19},"end":{"line":18,"column":31}},"loc":{"start":{"line":18,"column":42},"end":{"line":23,"column":5}},"line":18},"4":{"name":"getGenders","decl":{"start":{"line":25,"column":19},"end":{"line":25,"column":29}},"loc":{"start":{"line":25,"column":31},"end":{"line":28,"column":5}},"line":25},"5":{"name":"getGender","decl":{"start":{"line":30,"column":19},"end":{"line":30,"column":28}},"loc":{"start":{"line":30,"column":39},"end":{"line":33,"column":5}},"line":30}},"branchMap":{"0":{"loc":{"start":{"line":15,"column":15},"end":{"line":15,"column":31}},"type":"binary-expr","locations":[{"start":{"line":15,"column":15},"end":{"line":15,"column":22}},{"start":{"line":15,"column":26},"end":{"line":15,"column":31}}],"line":15},"1":{"loc":{"start":{"line":27,"column":15},"end":{"line":27,"column":28}},"type":"binary-expr","locations":[{"start":{"line":27,"column":15},"end":{"line":27,"column":22}},{"start":{"line":27,"column":26},"end":{"line":27,"column":28}}],"line":27},"2":{"loc":{"start":{"line":32,"column":15},"end":{"line":32,"column":30}},"type":"binary-expr","locations":[{"start":{"line":32,"column":15},"end":{"line":32,"column":21}},{"start":{"line":32,"column":25},"end":{"line":32,"column":30}}],"line":32}},"s":{"0":0,"1":0,"2":0,"3":0,"4":0,"5":0,"6":0,"7":0,"8":0,"9":0,"10":0,"11":0,"12":0,"13":0},"f":{"0":0,"1":0,"2":0,"3":0,"4":0,"5":0},"b":{"0":[0,0],"1":[0,0],"2":[0,0]},"all":true},"/Users/cguzman/Developer/PlatziMasterProjects/music_app/back-end/api/components/gender/index.js":{"path":"/Users/cguzman/Developer/PlatziMasterProjects/music_app/back-end/api/components/gender/index.js","statementMap":{"0":{"start":{"line":1,"column":14},"end":{"line":1,"column":47}},"1":{"start":{"line":2,"column":19},"end":{"line":2,"column":42}},"2":{"start":{"line":4,"column":0},"end":{"line":4,"column":35}}},"fnMap":{},"branchMap":{},"s":{"0":0,"1":0,"2":0},"f":{},"b":{},"all":true},"/Users/cguzman/Developer/PlatziMasterProjects/music_app/back-end/api/components/gender/routes.js":{"path":"/Users/cguzman/Developer/PlatziMasterProjects/music_app/back-end/api/components/gender/routes.js","statementMap":{"0":{"start":{"line":1,"column":19},"end":{"line":1,"column":37}},"1":{"start":{"line":2,"column":15},"end":{"line":2,"column":23}},"2":{"start":{"line":3,"column":17},"end":{"line":3,"column":36}},"3":{"start":{"line":5,"column":22},"end":{"line":5,"column":42}},"4":{"start":{"line":7,"column":32},"end":{"line":7,"column":92}},"5":{"start":{"line":10,"column":0},"end":{"line":10,"column":46}},"6":{"start":{"line":13,"column":26},"end":{"line":13,"column":46}},"7":{"start":{"line":14,"column":4},"end":{"line":14,"column":35}},"8":{"start":{"line":16,"column":4},"end":{"line":19,"column":36}},"9":{"start":{"line":20,"column":4},"end":{"line":23,"column":36}},"10":{"start":{"line":24,"column":4},"end":{"line":27,"column":36}},"11":{"start":{"line":28,"column":4},"end":{"line":31,"column":33}},"12":{"start":{"line":32,"column":4},"end":{"line":35,"column":33}},"13":{"start":{"line":38,"column":0},"end":{"line":38,"column":30}}},"fnMap":{"0":{"name":"genderRoutes","decl":{"start":{"line":12,"column":9},"end":{"line":12,"column":21}},"loc":{"start":{"line":12,"column":34},"end":{"line":36,"column":1}},"line":12}},"branchMap":{},"s":{"0":0,"1":0,"2":0,"3":0,"4":0,"5":0,"6":0,"7":0,"8":0,"9":0,"10":0,"11":0,"12":0,"13":0},"f":{"0":0},"b":{},"all":true},"/Users/cguzman/Developer/PlatziMasterProjects/music_app/back-end/api/components/gender/service.js":{"path":"/Users/cguzman/Developer/PlatziMasterProjects/music_app/back-end/api/components/gender/service.js","statementMap":{"0":{"start":{"line":1,"column":17},"end":{"line":1,"column":51}},"1":{"start":{"line":2,"column":19},"end":{"line":2,"column":42}},"2":{"start":{"line":5,"column":16},"end":{"line":5,"column":29}},"3":{"start":{"line":6,"column":23},"end":{"line":6,"column":40}},"4":{"start":{"line":8,"column":23},"end":{"line":15,"column":5}},"5":{"start":{"line":9,"column":8},"end":{"line":14,"column":9}},"6":{"start":{"line":10,"column":28},"end":{"line":10,"column":57}},"7":{"start":{"line":11,"column":12},"end":{"line":11,"column":53}},"8":{"start":{"line":13,"column":12},"end":{"line":13,"column":24}},"9":{"start":{"line":17,"column":22},"end":{"line":32,"column":5}},"10":{"start":{"line":18,"column":27},"end":{"line":18,"column":30}},"11":{"start":{"line":19,"column":8},"end":{"line":31,"column":9}},"12":{"start":{"line":20,"column":27},"end":{"line":20,"column":70}},"13":{"start":{"line":21,"column":12},"end":{"line":28,"column":13}},"14":{"start":{"line":22,"column":16},"end":{"line":22,"column":54}},"15":{"start":{"line":24,"column":16},"end":{"line":27,"column":25}},"16":{"start":{"line":30,"column":12},"end":{"line":30,"column":24}},"17":{"start":{"line":34,"column":25},"end":{"line":42,"column":5}},"18":{"start":{"line":35,"column":31},"end":{"line":35,"column":34}},"19":{"start":{"line":36,"column":8},"end":{"line":41,"column":9}},"20":{"start":{"line":37,"column":34},"end":{"line":37,"column":69}},"21":{"start":{"line":38,"column":12},"end":{"line":38,"column":59}},"22":{"start":{"line":40,"column":12},"end":{"line":40,"column":24}},"23":{"start":{"line":44,"column":25},"end":{"line":57,"column":5}},"24":{"start":{"line":45,"column":27},"end":{"line":45,"column":30}},"25":{"start":{"line":46,"column":31},"end":{"line":46,"column":34}},"26":{"start":{"line":47,"column":8},"end":{"line":56,"column":9}},"27":{"start":{"line":48,"column":34},"end":{"line":48,"column":86}},"28":{"start":{"line":49,"column":12},"end":{"line":52,"column":21}},"29":{"start":{"line":49,"column":32},"end":{"line":52,"column":21}},"30":{"start":{"line":53,"column":12},"end":{"line":53,"column":59}},"31":{"start":{"line":55,"column":12},"end":{"line":55,"column":24}},"32":{"start":{"line":59,"column":25},"end":{"line":71,"column":5}},"33":{"start":{"line":60,"column":27},"end":{"line":60,"column":30}},"34":{"start":{"line":61,"column":8},"end":{"line":70,"column":9}},"35":{"start":{"line":62,"column":34},"end":{"line":62,"column":80}},"36":{"start":{"line":63,"column":12},"end":{"line":66,"column":21}},"37":{"start":{"line":63,"column":32},"end":{"line":66,"column":21}},"38":{"start":{"line":67,"column":12},"end":{"line":67,"column":59}},"39":{"start":{"line":69,"column":12},"end":{"line":69,"column":24}},"40":{"start":{"line":74,"column":4},"end":{"line":80,"column":5}},"41":{"start":{"line":83,"column":0},"end":{"line":83,"column":31}}},"fnMap":{"0":{"name":"genderService","decl":{"start":{"line":4,"column":9},"end":{"line":4,"column":22}},"loc":{"start":{"line":4,"column":38},"end":{"line":81,"column":1}},"line":4},"1":{"name":"(anonymous_1)","decl":{"start":{"line":8,"column":23},"end":{"line":8,"column":24}},"loc":{"start":{"line":8,"column":49},"end":{"line":15,"column":5}},"line":8},"2":{"name":"(anonymous_2)","decl":{"start":{"line":17,"column":22},"end":{"line":17,"column":23}},"loc":{"start":{"line":17,"column":48},"end":{"line":32,"column":5}},"line":17},"3":{"name":"(anonymous_3)","decl":{"start":{"line":34,"column":25},"end":{"line":34,"column":26}},"loc":{"start":{"line":34,"column":51},"end":{"line":42,"column":5}},"line":34},"4":{"name":"(anonymous_4)","decl":{"start":{"line":44,"column":25},"end":{"line":44,"column":26}},"loc":{"start":{"line":44,"column":51},"end":{"line":57,"column":5}},"line":44},"5":{"name":"(anonymous_5)","decl":{"start":{"line":59,"column":25},"end":{"line":59,"column":26}},"loc":{"start":{"line":59,"column":51},"end":{"line":71,"column":5}},"line":59}},"branchMap":{"0":{"loc":{"start":{"line":21,"column":12},"end":{"line":28,"column":13}},"type":"if","locations":[{"start":{"line":21,"column":12},"end":{"line":28,"column":13}},{"start":{"line":21,"column":12},"end":{"line":28,"column":13}}],"line":21},"1":{"loc":{"start":{"line":49,"column":12},"end":{"line":52,"column":21}},"type":"if","locations":[{"start":{"line":49,"column":12},"end":{"line":52,"column":21}},{"start":{"line":49,"column":12},"end":{"line":52,"column":21}}],"line":49},"2":{"loc":{"start":{"line":63,"column":12},"end":{"line":66,"column":21}},"type":"if","locations":[{"start":{"line":63,"column":12},"end":{"line":66,"column":21}},{"start":{"line":63,"column":12},"end":{"line":66,"column":21}}],"line":63}},"s":{"0":0,"1":0,"2":0,"3":0,"4":0,"5":0,"6":0,"7":0,"8":0,"9":0,"10":0,"11":0,"12":0,"13":0,"14":0,"15":0,"16":0,"17":0,"18":0,"19":0,"20":0,"21":0,"22":0,"23":0,"24":0,"25":0,"26":0,"27":0,"28":0,"29":0,"30":0,"31":0,"32":0,"33":0,"34":0,"35":0,"36":0,"37":0,"38":0,"39":0,"40":0,"41":0},"f":{"0":0,"1":0,"2":0,"3":0,"4":0,"5":0},"b":{"0":[0,0],"1":[0,0],"2":[0,0]},"all":true},"/Users/cguzman/Developer/PlatziMasterProjects/music_app/back-end/api/components/playlist/controller.js":{"path":"/Users/cguzman/Developer/PlatziMasterProjects/music_app/back-end/api/components/playlist/controller.js","statementMap":{"0":{"start":{"line":1,"column":17},"end":{"line":1,"column":36}},"1":{"start":{"line":2,"column":15},"end":{"line":2,"column":32}},"2":{"start":{"line":4,"column":0},"end":{"line":114,"column":1}},"3":{"start":{"line":5,"column":16},"end":{"line":5,"column":29}},"4":{"start":{"line":6,"column":26},"end":{"line":6,"column":36}},"5":{"start":{"line":7,"column":25},"end":{"line":7,"column":34}},"6":{"start":{"line":10,"column":32},"end":{"line":10,"column":47}},"7":{"start":{"line":11,"column":8},"end":{"line":11,"column":37}},"8":{"start":{"line":12,"column":8},"end":{"line":12,"column":31}},"9":{"start":{"line":16,"column":24},"end":{"line":19,"column":10}},"10":{"start":{"line":20,"column":8},"end":{"line":20,"column":32}},"11":{"start":{"line":24,"column":32},"end":{"line":26,"column":10}},"12":{"start":{"line":27,"column":8},"end":{"line":27,"column":31}},"13":{"start":{"line":31,"column":26},"end":{"line":31,"column":44}},"14":{"start":{"line":32,"column":8},"end":{"line":32,"column":31}},"15":{"start":{"line":36,"column":25},"end":{"line":36,"column":65}},"16":{"start":{"line":37,"column":8},"end":{"line":37,"column":33}},"17":{"start":{"line":41,"column":25},"end":{"line":41,"column":65}},"18":{"start":{"line":43,"column":30},"end":{"line":46,"column":9}},"19":{"start":{"line":47,"column":8},"end":{"line":47,"column":44}},"20":{"start":{"line":48,"column":32},"end":{"line":48,"column":53}},"21":{"start":{"line":49,"column":8},"end":{"line":49,"column":40}},"22":{"start":{"line":53,"column":25},"end":{"line":53,"column":65}},"23":{"start":{"line":54,"column":8},"end":{"line":54,"column":58}},"24":{"start":{"line":55,"column":24},"end":{"line":55,"column":39}},"25":{"start":{"line":56,"column":8},"end":{"line":56,"column":32}},"26":{"start":{"line":60,"column":31},"end":{"line":60,"column":109}},"27":{"start":{"line":61,"column":8},"end":{"line":62,"column":34}},"28":{"start":{"line":62,"column":12},"end":{"line":62,"column":34}},"29":{"start":{"line":64,"column":28},"end":{"line":72,"column":9}},"30":{"start":{"line":73,"column":33},"end":{"line":73,"column":55}},"31":{"start":{"line":74,"column":8},"end":{"line":74,"column":38}},"32":{"start":{"line":75,"column":8},"end":{"line":75,"column":32}},"33":{"start":{"line":79,"column":25},"end":{"line":79,"column":101}},"34":{"start":{"line":80,"column":8},"end":{"line":80,"column":33}},"35":{"start":{"line":84,"column":25},"end":{"line":84,"column":65}},"36":{"start":{"line":85,"column":35},"end":{"line":88,"column":9}},"37":{"start":{"line":89,"column":8},"end":{"line":89,"column":54}},"38":{"start":{"line":90,"column":32},"end":{"line":90,"column":53}},"39":{"start":{"line":91,"column":8},"end":{"line":91,"column":40}},"40":{"start":{"line":95,"column":25},"end":{"line":95,"column":65}},"41":{"start":{"line":96,"column":8},"end":{"line":96,"column":53}},"42":{"start":{"line":97,"column":24},"end":{"line":97,"column":39}},"43":{"start":{"line":98,"column":8},"end":{"line":98,"column":32}},"44":{"start":{"line":101,"column":4},"end":{"line":113,"column":5}}},"fnMap":{"0":{"name":"(anonymous_0)","decl":{"start":{"line":4,"column":17},"end":{"line":4,"column":18}},"loc":{"start":{"line":4,"column":42},"end":{"line":114,"column":1}},"line":4},"1":{"name":"createPlaylist","decl":{"start":{"line":9,"column":19},"end":{"line":9,"column":33}},"loc":{"start":{"line":9,"column":40},"end":{"line":13,"column":5}},"line":9},"2":{"name":"updatePlaylist","decl":{"start":{"line":15,"column":19},"end":{"line":15,"column":33}},"loc":{"start":{"line":15,"column":52},"end":{"line":21,"column":5}},"line":15},"3":{"name":"deletePlaylist","decl":{"start":{"line":23,"column":19},"end":{"line":23,"column":33}},"loc":{"start":{"line":23,"column":46},"end":{"line":28,"column":5}},"line":23},"4":{"name":"getPlaylists","decl":{"start":{"line":30,"column":19},"end":{"line":30,"column":31}},"loc":{"start":{"line":30,"column":34},"end":{"line":33,"column":5}},"line":30},"5":{"name":"getPlaylist","decl":{"start":{"line":35,"column":19},"end":{"line":35,"column":30}},"loc":{"start":{"line":35,"column":43},"end":{"line":38,"column":5}},"line":35},"6":{"name":"addPlaylistTrack","decl":{"start":{"line":40,"column":19},"end":{"line":40,"column":35}},"loc":{"start":{"line":40,"column":55},"end":{"line":50,"column":5}},"line":40},"7":{"name":"deletePlaylistTrack","decl":{"start":{"line":52,"column":19},"end":{"line":52,"column":38}},"loc":{"start":{"line":52,"column":68},"end":{"line":57,"column":5}},"line":52},"8":{"name":"createFavPlaylist","decl":{"start":{"line":59,"column":19},"end":{"line":59,"column":36}},"loc":{"start":{"line":59,"column":43},"end":{"line":76,"column":5}},"line":59},"9":{"name":"getFavorites","decl":{"start":{"line":78,"column":19},"end":{"line":78,"column":31}},"loc":{"start":{"line":78,"column":40},"end":{"line":81,"column":5}},"line":78},"10":{"name":"subscribe","decl":{"start":{"line":83,"column":19},"end":{"line":83,"column":28}},"loc":{"start":{"line":83,"column":48},"end":{"line":92,"column":5}},"line":83},"11":{"name":"unsubscribe","decl":{"start":{"line":94,"column":19},"end":{"line":94,"column":30}},"loc":{"start":{"line":94,"column":51},"end":{"line":99,"column":5}},"line":94}},"branchMap":{"0":{"loc":{"start":{"line":20,"column":15},"end":{"line":20,"column":31}},"type":"binary-expr","locations":[{"start":{"line":20,"column":15},"end":{"line":20,"column":22}},{"start":{"line":20,"column":26},"end":{"line":20,"column":31}}],"line":20},"1":{"loc":{"start":{"line":32,"column":15},"end":{"line":32,"column":30}},"type":"binary-expr","locations":[{"start":{"line":32,"column":15},"end":{"line":32,"column":24}},{"start":{"line":32,"column":28},"end":{"line":32,"column":30}}],"line":32},"2":{"loc":{"start":{"line":37,"column":15},"end":{"line":37,"column":32}},"type":"binary-expr","locations":[{"start":{"line":37,"column":15},"end":{"line":37,"column":23}},{"start":{"line":37,"column":27},"end":{"line":37,"column":32}}],"line":37},"3":{"loc":{"start":{"line":49,"column":15},"end":{"line":49,"column":39}},"type":"binary-expr","locations":[{"start":{"line":49,"column":15},"end":{"line":49,"column":30}},{"start":{"line":49,"column":34},"end":{"line":49,"column":39}}],"line":49},"4":{"loc":{"start":{"line":56,"column":15},"end":{"line":56,"column":31}},"type":"binary-expr","locations":[{"start":{"line":56,"column":15},"end":{"line":56,"column":22}},{"start":{"line":56,"column":26},"end":{"line":56,"column":31}}],"line":56},"5":{"loc":{"start":{"line":61,"column":8},"end":{"line":62,"column":34}},"type":"if","locations":[{"start":{"line":61,"column":8},"end":{"line":62,"column":34}},{"start":{"line":61,"column":8},"end":{"line":62,"column":34}}],"line":61},"6":{"loc":{"start":{"line":80,"column":15},"end":{"line":80,"column":32}},"type":"binary-expr","locations":[{"start":{"line":80,"column":15},"end":{"line":80,"column":23}},{"start":{"line":80,"column":27},"end":{"line":80,"column":32}}],"line":80},"7":{"loc":{"start":{"line":91,"column":15},"end":{"line":91,"column":39}},"type":"binary-expr","locations":[{"start":{"line":91,"column":15},"end":{"line":91,"column":30}},{"start":{"line":91,"column":34},"end":{"line":91,"column":39}}],"line":91},"8":{"loc":{"start":{"line":98,"column":15},"end":{"line":98,"column":31}},"type":"binary-expr","locations":[{"start":{"line":98,"column":15},"end":{"line":98,"column":22}},{"start":{"line":98,"column":26},"end":{"line":98,"column":31}}],"line":98}},"s":{"0":0,"1":0,"2":0,"3":0,"4":0,"5":0,"6":0,"7":0,"8":0,"9":0,"10":0,"11":0,"12":0,"13":0,"14":0,"15":0,"16":0,"17":0,"18":0,"19":0,"20":0,"21":0,"22":0,"23":0,"24":0,"25":0,"26":0,"27":0,"28":0,"29":0,"30":0,"31":0,"32":0,"33":0,"34":0,"35":0,"36":0,"37":0,"38":0,"39":0,"40":0,"41":0,"42":0,"43":0,"44":0},"f":{"0":0,"1":0,"2":0,"3":0,"4":0,"5":0,"6":0,"7":0,"8":0,"9":0,"10":0,"11":0},"b":{"0":[0,0],"1":[0,0],"2":[0,0],"3":[0,0],"4":[0,0],"5":[0,0],"6":[0,0],"7":[0,0],"8":[0,0]},"all":true},"/Users/cguzman/Developer/PlatziMasterProjects/music_app/back-end/api/components/playlist/index.js":{"path":"/Users/cguzman/Developer/PlatziMasterProjects/music_app/back-end/api/components/playlist/index.js","statementMap":{"0":{"start":{"line":1,"column":14},"end":{"line":1,"column":50}},"1":{"start":{"line":2,"column":19},"end":{"line":2,"column":42}},"2":{"start":{"line":4,"column":0},"end":{"line":4,"column":35}}},"fnMap":{},"branchMap":{},"s":{"0":0,"1":0,"2":0},"f":{},"b":{},"all":true},"/Users/cguzman/Developer/PlatziMasterProjects/music_app/back-end/api/components/playlist/routes.js":{"path":"/Users/cguzman/Developer/PlatziMasterProjects/music_app/back-end/api/components/playlist/routes.js","statementMap":{"0":{"start":{"line":1,"column":19},"end":{"line":1,"column":37}},"1":{"start":{"line":2,"column":15},"end":{"line":2,"column":23}},"2":{"start":{"line":3,"column":17},"end":{"line":3,"column":36}},"3":{"start":{"line":5,"column":24},"end":{"line":5,"column":44}},"4":{"start":{"line":7,"column":32},"end":{"line":7,"column":92}},"5":{"start":{"line":8,"column":34},"end":{"line":8,"column":96}},"6":{"start":{"line":11,"column":0},"end":{"line":11,"column":46}},"7":{"start":{"line":14,"column":28},"end":{"line":14,"column":50}},"8":{"start":{"line":15,"column":4},"end":{"line":15,"column":37}},"9":{"start":{"line":17,"column":4},"end":{"line":20,"column":40}},"10":{"start":{"line":21,"column":4},"end":{"line":24,"column":40}},"11":{"start":{"line":25,"column":4},"end":{"line":29,"column":40}},"12":{"start":{"line":30,"column":4},"end":{"line":33,"column":38}},"13":{"start":{"line":34,"column":4},"end":{"line":38,"column":37}},"14":{"start":{"line":39,"column":4},"end":{"line":43,"column":42}},"15":{"start":{"line":44,"column":4},"end":{"line":49,"column":45}},"16":{"start":{"line":50,"column":4},"end":{"line":53,"column":38}},"17":{"start":{"line":54,"column":4},"end":{"line":58,"column":35}},"18":{"start":{"line":59,"column":4},"end":{"line":63,"column":37}},"19":{"start":{"line":66,"column":0},"end":{"line":66,"column":32}}},"fnMap":{"0":{"name":"playlistRoutes","decl":{"start":{"line":13,"column":9},"end":{"line":13,"column":23}},"loc":{"start":{"line":13,"column":36},"end":{"line":64,"column":1}},"line":13}},"branchMap":{},"s":{"0":0,"1":0,"2":0,"3":0,"4":0,"5":0,"6":0,"7":0,"8":0,"9":0,"10":0,"11":0,"12":0,"13":0,"14":0,"15":0,"16":0,"17":0,"18":0,"19":0},"f":{"0":0},"b":{},"all":true},"/Users/cguzman/Developer/PlatziMasterProjects/music_app/back-end/api/components/playlist/service.js":{"path":"/Users/cguzman/Developer/PlatziMasterProjects/music_app/back-end/api/components/playlist/service.js","statementMap":{"0":{"start":{"line":1,"column":13},"end":{"line":1,"column":28}},"1":{"start":{"line":3,"column":17},"end":{"line":3,"column":51}},"2":{"start":{"line":4,"column":19},"end":{"line":4,"column":42}},"3":{"start":{"line":5,"column":23},"end":{"line":5,"column":52}},"4":{"start":{"line":6,"column":18},"end":{"line":6,"column":50}},"5":{"start":{"line":11,"column":16},"end":{"line":11,"column":29}},"6":{"start":{"line":12,"column":23},"end":{"line":12,"column":40}},"7":{"start":{"line":14,"column":25},"end":{"line":21,"column":5}},"8":{"start":{"line":15,"column":8},"end":{"line":20,"column":9}},"9":{"start":{"line":16,"column":30},"end":{"line":16,"column":61}},"10":{"start":{"line":17,"column":12},"end":{"line":17,"column":55}},"11":{"start":{"line":19,"column":12},"end":{"line":19,"column":59}},"12":{"start":{"line":23,"column":24},"end":{"line":38,"column":5}},"13":{"start":{"line":24,"column":27},"end":{"line":24,"column":30}},"14":{"start":{"line":25,"column":8},"end":{"line":37,"column":9}},"15":{"start":{"line":26,"column":29},"end":{"line":26,"column":76}},"16":{"start":{"line":27,"column":12},"end":{"line":34,"column":13}},"17":{"start":{"line":28,"column":16},"end":{"line":28,"column":58}},"18":{"start":{"line":30,"column":16},"end":{"line":33,"column":25}},"19":{"start":{"line":36,"column":12},"end":{"line":36,"column":59}},"20":{"start":{"line":40,"column":27},"end":{"line":48,"column":5}},"21":{"start":{"line":41,"column":31},"end":{"line":41,"column":34}},"22":{"start":{"line":42,"column":8},"end":{"line":47,"column":9}},"23":{"start":{"line":43,"column":36},"end":{"line":43,"column":73}},"24":{"start":{"line":44,"column":12},"end":{"line":44,"column":61}},"25":{"start":{"line":46,"column":12},"end":{"line":46,"column":59}},"26":{"start":{"line":50,"column":27},"end":{"line":63,"column":5}},"27":{"start":{"line":51,"column":27},"end":{"line":51,"column":30}},"28":{"start":{"line":52,"column":31},"end":{"line":52,"column":34}},"29":{"start":{"line":53,"column":8},"end":{"line":62,"column":9}},"30":{"start":{"line":54,"column":36},"end":{"line":54,"column":92}},"31":{"start":{"line":55,"column":12},"end":{"line":58,"column":21}},"32":{"start":{"line":55,"column":34},"end":{"line":58,"column":21}},"33":{"start":{"line":59,"column":12},"end":{"line":59,"column":61}},"34":{"start":{"line":61,"column":12},"end":{"line":61,"column":59}},"35":{"start":{"line":65,"column":27},"end":{"line":77,"column":5}},"36":{"start":{"line":66,"column":27},"end":{"line":66,"column":30}},"37":{"start":{"line":67,"column":8},"end":{"line":76,"column":9}},"38":{"start":{"line":68,"column":36},"end":{"line":68,"column":86}},"39":{"start":{"line":69,"column":12},"end":{"line":72,"column":21}},"40":{"start":{"line":69,"column":34},"end":{"line":72,"column":21}},"41":{"start":{"line":73,"column":12},"end":{"line":73,"column":61}},"42":{"start":{"line":75,"column":12},"end":{"line":75,"column":59}},"43":{"start":{"line":79,"column":29},"end":{"line":98,"column":5}},"44":{"start":{"line":80,"column":31},"end":{"line":80,"column":41}},"45":{"start":{"line":81,"column":31},"end":{"line":81,"column":34}},"46":{"start":{"line":82,"column":8},"end":{"line":97,"column":9}},"47":{"start":{"line":83,"column":34},"end":{"line":83,"column":74}},"48":{"start":{"line":84,"column":12},"end":{"line":88,"column":25}},"49":{"start":{"line":85,"column":16},"end":{"line":88,"column":25}},"50":{"start":{"line":90,"column":12},"end":{"line":90,"column":40}},"51":{"start":{"line":92,"column":31},"end":{"line":92,"column":90}},"52":{"start":{"line":94,"column":12},"end":{"line":94,"column":56}},"53":{"start":{"line":96,"column":12},"end":{"line":96,"column":59}},"54":{"start":{"line":100,"column":32},"end":{"line":112,"column":5}},"55":{"start":{"line":101,"column":40},"end":{"line":101,"column":50}},"56":{"start":{"line":102,"column":8},"end":{"line":111,"column":9}},"57":{"start":{"line":103,"column":32},"end":{"line":103,"column":89}},"58":{"start":{"line":104,"column":12},"end":{"line":107,"column":21}},"59":{"start":{"line":104,"column":30},"end":{"line":107,"column":21}},"60":{"start":{"line":108,"column":12},"end":{"line":108,"column":57}},"61":{"start":{"line":110,"column":12},"end":{"line":110,"column":59}},"62":{"start":{"line":114,"column":30},"end":{"line":129,"column":5}},"63":{"start":{"line":115,"column":31},"end":{"line":115,"column":56}},"64":{"start":{"line":116,"column":8},"end":{"line":128,"column":9}},"65":{"start":{"line":117,"column":25},"end":{"line":117,"column":70}},"66":{"start":{"line":118,"column":12},"end":{"line":119,"column":74}},"67":{"start":{"line":119,"column":16},"end":{"line":119,"column":74}},"68":{"start":{"line":121,"column":37},"end":{"line":121,"column":77}},"69":{"start":{"line":122,"column":12},"end":{"line":123,"column":90}},"70":{"start":{"line":123,"column":16},"end":{"line":123,"column":90}},"71":{"start":{"line":125,"column":12},"end":{"line":125,"column":36}},"72":{"start":{"line":127,"column":12},"end":{"line":127,"column":59}},"73":{"start":{"line":131,"column":25},"end":{"line":144,"column":5}},"74":{"start":{"line":132,"column":21},"end":{"line":132,"column":29}},"75":{"start":{"line":133,"column":8},"end":{"line":143,"column":9}},"76":{"start":{"line":134,"column":29},"end":{"line":134,"column":68}},"77":{"start":{"line":135,"column":12},"end":{"line":139,"column":25}},"78":{"start":{"line":136,"column":16},"end":{"line":139,"column":25}},"79":{"start":{"line":140,"column":12},"end":{"line":140,"column":54}},"80":{"start":{"line":142,"column":12},"end":{"line":142,"column":59}},"81":{"start":{"line":146,"column":22},"end":{"line":161,"column":5}},"82":{"start":{"line":147,"column":27},"end":{"line":147,"column":30}},"83":{"start":{"line":148,"column":21},"end":{"line":148,"column":29}},"84":{"start":{"line":149,"column":8},"end":{"line":160,"column":9}},"85":{"start":{"line":150,"column":30},"end":{"line":150,"column":85}},"86":{"start":{"line":151,"column":12},"end":{"line":155,"column":25}},"87":{"start":{"line":152,"column":16},"end":{"line":155,"column":25}},"88":{"start":{"line":157,"column":12},"end":{"line":157,"column":55}},"89":{"start":{"line":159,"column":12},"end":{"line":159,"column":59}},"90":{"start":{"line":163,"column":24},"end":{"line":178,"column":5}},"91":{"start":{"line":164,"column":27},"end":{"line":164,"column":30}},"92":{"start":{"line":165,"column":21},"end":{"line":165,"column":29}},"93":{"start":{"line":166,"column":8},"end":{"line":177,"column":9}},"94":{"start":{"line":167,"column":32},"end":{"line":167,"column":89}},"95":{"start":{"line":168,"column":12},"end":{"line":172,"column":25}},"96":{"start":{"line":169,"column":16},"end":{"line":172,"column":25}},"97":{"start":{"line":174,"column":12},"end":{"line":174,"column":57}},"98":{"start":{"line":176,"column":12},"end":{"line":176,"column":59}},"99":{"start":{"line":180,"column":4},"end":{"line":192,"column":5}},"100":{"start":{"line":195,"column":0},"end":{"line":195,"column":33}}},"fnMap":{"0":{"name":"playlistService","decl":{"start":{"line":9,"column":9},"end":{"line":9,"column":24}},"loc":{"start":{"line":9,"column":40},"end":{"line":193,"column":1}},"line":9},"1":{"name":"(anonymous_1)","decl":{"start":{"line":14,"column":25},"end":{"line":14,"column":26}},"loc":{"start":{"line":14,"column":51},"end":{"line":21,"column":5}},"line":14},"2":{"name":"(anonymous_2)","decl":{"start":{"line":23,"column":24},"end":{"line":23,"column":25}},"loc":{"start":{"line":23,"column":50},"end":{"line":38,"column":5}},"line":23},"3":{"name":"(anonymous_3)","decl":{"start":{"line":40,"column":27},"end":{"line":40,"column":28}},"loc":{"start":{"line":40,"column":53},"end":{"line":48,"column":5}},"line":40},"4":{"name":"(anonymous_4)","decl":{"start":{"line":50,"column":27},"end":{"line":50,"column":28}},"loc":{"start":{"line":50,"column":53},"end":{"line":63,"column":5}},"line":50},"5":{"name":"(anonymous_5)","decl":{"start":{"line":65,"column":27},"end":{"line":65,"column":28}},"loc":{"start":{"line":65,"column":53},"end":{"line":77,"column":5}},"line":65},"6":{"name":"(anonymous_6)","decl":{"start":{"line":79,"column":29},"end":{"line":79,"column":30}},"loc":{"start":{"line":79,"column":55},"end":{"line":98,"column":5}},"line":79},"7":{"name":"(anonymous_7)","decl":{"start":{"line":100,"column":32},"end":{"line":100,"column":33}},"loc":{"start":{"line":100,"column":58},"end":{"line":112,"column":5}},"line":100},"8":{"name":"(anonymous_8)","decl":{"start":{"line":114,"column":30},"end":{"line":114,"column":31}},"loc":{"start":{"line":114,"column":48},"end":{"line":129,"column":5}},"line":114},"9":{"name":"(anonymous_9)","decl":{"start":{"line":131,"column":25},"end":{"line":131,"column":26}},"loc":{"start":{"line":131,"column":51},"end":{"line":144,"column":5}},"line":131},"10":{"name":"(anonymous_10)","decl":{"start":{"line":146,"column":22},"end":{"line":146,"column":23}},"loc":{"start":{"line":146,"column":48},"end":{"line":161,"column":5}},"line":146},"11":{"name":"(anonymous_11)","decl":{"start":{"line":163,"column":24},"end":{"line":163,"column":25}},"loc":{"start":{"line":163,"column":50},"end":{"line":178,"column":5}},"line":163}},"branchMap":{"0":{"loc":{"start":{"line":27,"column":12},"end":{"line":34,"column":13}},"type":"if","locations":[{"start":{"line":27,"column":12},"end":{"line":34,"column":13}},{"start":{"line":27,"column":12},"end":{"line":34,"column":13}}],"line":27},"1":{"loc":{"start":{"line":55,"column":12},"end":{"line":58,"column":21}},"type":"if","locations":[{"start":{"line":55,"column":12},"end":{"line":58,"column":21}},{"start":{"line":55,"column":12},"end":{"line":58,"column":21}}],"line":55},"2":{"loc":{"start":{"line":69,"column":12},"end":{"line":72,"column":21}},"type":"if","locations":[{"start":{"line":69,"column":12},"end":{"line":72,"column":21}},{"start":{"line":69,"column":12},"end":{"line":72,"column":21}}],"line":69},"3":{"loc":{"start":{"line":84,"column":12},"end":{"line":88,"column":25}},"type":"if","locations":[{"start":{"line":84,"column":12},"end":{"line":88,"column":25}},{"start":{"line":84,"column":12},"end":{"line":88,"column":25}}],"line":84},"4":{"loc":{"start":{"line":104,"column":12},"end":{"line":107,"column":21}},"type":"if","locations":[{"start":{"line":104,"column":12},"end":{"line":107,"column":21}},{"start":{"line":104,"column":12},"end":{"line":107,"column":21}}],"line":104},"5":{"loc":{"start":{"line":118,"column":12},"end":{"line":119,"column":74}},"type":"if","locations":[{"start":{"line":118,"column":12},"end":{"line":119,"column":74}},{"start":{"line":118,"column":12},"end":{"line":119,"column":74}}],"line":118},"6":{"loc":{"start":{"line":122,"column":12},"end":{"line":123,"column":90}},"type":"if","locations":[{"start":{"line":122,"column":12},"end":{"line":123,"column":90}},{"start":{"line":122,"column":12},"end":{"line":123,"column":90}}],"line":122},"7":{"loc":{"start":{"line":135,"column":12},"end":{"line":139,"column":25}},"type":"if","locations":[{"start":{"line":135,"column":12},"end":{"line":139,"column":25}},{"start":{"line":135,"column":12},"end":{"line":139,"column":25}}],"line":135},"8":{"loc":{"start":{"line":151,"column":12},"end":{"line":155,"column":25}},"type":"if","locations":[{"start":{"line":151,"column":12},"end":{"line":155,"column":25}},{"start":{"line":151,"column":12},"end":{"line":155,"column":25}}],"line":151},"9":{"loc":{"start":{"line":168,"column":12},"end":{"line":172,"column":25}},"type":"if","locations":[{"start":{"line":168,"column":12},"end":{"line":172,"column":25}},{"start":{"line":168,"column":12},"end":{"line":172,"column":25}}],"line":168}},"s":{"0":0,"1":0,"2":0,"3":0,"4":0,"5":0,"6":0,"7":0,"8":0,"9":0,"10":0,"11":0,"12":0,"13":0,"14":0,"15":0,"16":0,"17":0,"18":0,"19":0,"20":0,"21":0,"22":0,"23":0,"24":0,"25":0,"26":0,"27":0,"28":0,"29":0,"30":0,"31":0,"32":0,"33":0,"34":0,"35":0,"36":0,"37":0,"38":0,"39":0,"40":0,"41":0,"42":0,"43":0,"44":0,"45":0,"46":0,"47":0,"48":0,"49":0,"50":0,"51":0,"52":0,"53":0,"54":0,"55":0,"56":0,"57":0,"58":0,"59":0,"60":0,"61":0,"62":0,"63":0,"64":0,"65":0,"66":0,"67":0,"68":0,"69":0,"70":0,"71":0,"72":0,"73":0,"74":0,"75":0,"76":0,"77":0,"78":0,"79":0,"80":0,"81":0,"82":0,"83":0,"84":0,"85":0,"86":0,"87":0,"88":0,"89":0,"90":0,"91":0,"92":0,"93":0,"94":0,"95":0,"96":0,"97":0,"98":0,"99":0,"100":0},"f":{"0":0,"1":0,"2":0,"3":0,"4":0,"5":0,"6":0,"7":0,"8":0,"9":0,"10":0,"11":0},"b":{"0":[0,0],"1":[0,0],"2":[0,0],"3":[0,0],"4":[0,0],"5":[0,0],"6":[0,0],"7":[0,0],"8":[0,0],"9":[0,0]},"all":true},"/Users/cguzman/Developer/PlatziMasterProjects/music_app/back-end/api/components/track/controller.js":{"path":"/Users/cguzman/Developer/PlatziMasterProjects/music_app/back-end/api/components/track/controller.js","statementMap":{"0":{"start":{"line":1,"column":0},"end":{"line":43,"column":1}},"1":{"start":{"line":2,"column":14},"end":{"line":2,"column":27}},"2":{"start":{"line":5,"column":22},"end":{"line":5,"column":37}},"3":{"start":{"line":6,"column":6},"end":{"line":6,"column":27}},"4":{"start":{"line":7,"column":6},"end":{"line":7,"column":21}},"5":{"start":{"line":11,"column":22},"end":{"line":14,"column":8}},"6":{"start":{"line":15,"column":6},"end":{"line":15,"column":30}},"7":{"start":{"line":19,"column":30},"end":{"line":21,"column":8}},"8":{"start":{"line":22,"column":6},"end":{"line":22,"column":29}},"9":{"start":{"line":26,"column":21},"end":{"line":26,"column":60}},"10":{"start":{"line":27,"column":6},"end":{"line":27,"column":26}},"11":{"start":{"line":31,"column":20},"end":{"line":31,"column":51}},"12":{"start":{"line":32,"column":6},"end":{"line":32,"column":28}},"13":{"start":{"line":36,"column":2},"end":{"line":42,"column":3}}},"fnMap":{"0":{"name":"(anonymous_0)","decl":{"start":{"line":1,"column":17},"end":{"line":1,"column":18}},"loc":{"start":{"line":1,"column":40},"end":{"line":43,"column":1}},"line":1},"1":{"name":"createTrack","decl":{"start":{"line":4,"column":17},"end":{"line":4,"column":28}},"loc":{"start":{"line":4,"column":35},"end":{"line":8,"column":3}},"line":4},"2":{"name":"updateTrack","decl":{"start":{"line":10,"column":17},"end":{"line":10,"column":28}},"loc":{"start":{"line":10,"column":44},"end":{"line":16,"column":3}},"line":10},"3":{"name":"deleteTrack","decl":{"start":{"line":18,"column":17},"end":{"line":18,"column":28}},"loc":{"start":{"line":18,"column":38},"end":{"line":23,"column":3}},"line":18},"4":{"name":"getTracks","decl":{"start":{"line":25,"column":17},"end":{"line":25,"column":26}},"loc":{"start":{"line":25,"column":28},"end":{"line":28,"column":3}},"line":25},"5":{"name":"getTrack","decl":{"start":{"line":30,"column":17},"end":{"line":30,"column":25}},"loc":{"start":{"line":30,"column":38},"end":{"line":33,"column":3}},"line":30}},"branchMap":{"0":{"loc":{"start":{"line":15,"column":13},"end":{"line":15,"column":29}},"type":"binary-expr","locations":[{"start":{"line":15,"column":13},"end":{"line":15,"column":20}},{"start":{"line":15,"column":24},"end":{"line":15,"column":29}}],"line":15},"1":{"loc":{"start":{"line":27,"column":13},"end":{"line":27,"column":25}},"type":"binary-expr","locations":[{"start":{"line":27,"column":13},"end":{"line":27,"column":19}},{"start":{"line":27,"column":23},"end":{"line":27,"column":25}}],"line":27},"2":{"loc":{"start":{"line":32,"column":13},"end":{"line":32,"column":27}},"type":"binary-expr","locations":[{"start":{"line":32,"column":13},"end":{"line":32,"column":18}},{"start":{"line":32,"column":22},"end":{"line":32,"column":27}}],"line":32}},"s":{"0":0,"1":0,"2":0,"3":0,"4":0,"5":0,"6":0,"7":0,"8":0,"9":0,"10":0,"11":0,"12":0,"13":0},"f":{"0":0,"1":0,"2":0,"3":0,"4":0,"5":0},"b":{"0":[0,0],"1":[0,0],"2":[0,0]},"all":true},"/Users/cguzman/Developer/PlatziMasterProjects/music_app/back-end/api/components/track/index.js":{"path":"/Users/cguzman/Developer/PlatziMasterProjects/music_app/back-end/api/components/track/index.js","statementMap":{},"fnMap":{},"branchMap":{},"s":{},"f":{},"b":{},"all":true},"/Users/cguzman/Developer/PlatziMasterProjects/music_app/back-end/api/components/track/routes.js":{"path":"/Users/cguzman/Developer/PlatziMasterProjects/music_app/back-end/api/components/track/routes.js","statementMap":{"0":{"start":{"line":1,"column":19},"end":{"line":1,"column":37}},"1":{"start":{"line":2,"column":15},"end":{"line":2,"column":23}},"2":{"start":{"line":3,"column":17},"end":{"line":3,"column":36}},"3":{"start":{"line":5,"column":21},"end":{"line":5,"column":41}},"4":{"start":{"line":7,"column":32},"end":{"line":7,"column":92}},"5":{"start":{"line":8,"column":34},"end":{"line":8,"column":96}},"6":{"start":{"line":11,"column":23},"end":{"line":11,"column":42}},"7":{"start":{"line":12,"column":2},"end":{"line":12,"column":31}},"8":{"start":{"line":14,"column":2},"end":{"line":18,"column":3}},"9":{"start":{"line":19,"column":2},"end":{"line":24,"column":3}},"10":{"start":{"line":25,"column":2},"end":{"line":29,"column":4}},"11":{"start":{"line":30,"column":2},"end":{"line":35,"column":4}},"12":{"start":{"line":36,"column":2},"end":{"line":41,"column":4}},"13":{"start":{"line":43,"column":0},"end":{"line":43,"column":29}}},"fnMap":{"0":{"name":"trackRoutes","decl":{"start":{"line":10,"column":9},"end":{"line":10,"column":20}},"loc":{"start":{"line":10,"column":32},"end":{"line":42,"column":1}},"line":10}},"branchMap":{},"s":{"0":0,"1":0,"2":0,"3":0,"4":0,"5":0,"6":0,"7":0,"8":0,"9":0,"10":0,"11":0,"12":0,"13":0},"f":{"0":0},"b":{},"all":true},"/Users/cguzman/Developer/PlatziMasterProjects/music_app/back-end/api/components/track/service.js":{"path":"/Users/cguzman/Developer/PlatziMasterProjects/music_app/back-end/api/components/track/service.js","statementMap":{"0":{"start":{"line":1,"column":17},"end":{"line":1,"column":51}},"1":{"start":{"line":2,"column":19},"end":{"line":2,"column":42}},"2":{"start":{"line":3,"column":13},"end":{"line":3,"column":28}},"3":{"start":{"line":6,"column":16},"end":{"line":6,"column":29}},"4":{"start":{"line":7,"column":23},"end":{"line":7,"column":40}},"5":{"start":{"line":9,"column":22},"end":{"line":16,"column":5}},"6":{"start":{"line":10,"column":8},"end":{"line":15,"column":9}},"7":{"start":{"line":11,"column":27},"end":{"line":11,"column":55}},"8":{"start":{"line":12,"column":12},"end":{"line":12,"column":52}},"9":{"start":{"line":14,"column":12},"end":{"line":14,"column":24}},"10":{"start":{"line":18,"column":21},"end":{"line":33,"column":5}},"11":{"start":{"line":19,"column":27},"end":{"line":19,"column":30}},"12":{"start":{"line":20,"column":8},"end":{"line":32,"column":9}},"13":{"start":{"line":21,"column":26},"end":{"line":21,"column":73}},"14":{"start":{"line":22,"column":12},"end":{"line":29,"column":13}},"15":{"start":{"line":23,"column":16},"end":{"line":23,"column":55}},"16":{"start":{"line":25,"column":16},"end":{"line":28,"column":25}},"17":{"start":{"line":31,"column":12},"end":{"line":31,"column":24}},"18":{"start":{"line":35,"column":24},"end":{"line":43
[...]
"line":45,"column":25}},"loc":{"start":{"line":45,"column":50},"end":{"line":62,"column":5}},"line":45},"5":{"name":"(anonymous_5)","decl":{"start":{"line":64,"column":24},"end":{"line":64,"column":25}},"loc":{"start":{"line":64,"column":50},"end":{"line":76,"column":5}},"line":64},"6":{"name":"(anonymous_6)","decl":{"start":{"line":78,"column":29},"end":{"line":78,"column":30}},"loc":{"start":{"line":78,"column":54},"end":{"line":86,"column":5}},"line":78}},"branchMap":{"0":{"loc":{"start":{"line":22,"column":12},"end":{"line":29,"column":13}},"type":"if","locations":[{"start":{"line":22,"column":12},"end":{"line":29,"column":13}},{"start":{"line":22,"column":12},"end":{"line":29,"column":13}}],"line":22},"1":{"loc":{"start":{"line":50,"column":12},"end":{"line":58,"column":13}},"type":"if","locations":[{"start":{"line":50,"column":12},"end":{"line":58,"column":13}},{"start":{"line":50,"column":12},"end":{"line":58,"column":13}}],"line":50},"2":{"loc":{"start":{"line":68,"column":12},"end":{"line":72,"column":13}},"type":"if","locations":[{"start":{"line":68,"column":12},"end":{"line":72,"column":13}},{"start":{"line":68,"column":12},"end":{"line":72,"column":13}}],"line":68},"3":{"loc":{"start":{"line":82,"column":19},"end":{"line":82,"column":33}},"type":"binary-expr","locations":[{"start":{"line":82,"column":19},"end":{"line":82,"column":24}},{"start":{"line":82,"column":28},"end":{"line":82,"column":33}}],"line":82}},"s":{"0":0,"1":0,"2":0,"3":0,"4":0,"5":0,"6":0,"7":0,"8":0,"9":0,"10":0,"11":0,"12":0,"13":0,"14":0,"15":0,"16":0,"17":0,"18":0,"19":0,"20":0,"21":0,"22":0,"23":0,"24":0,"25":0,"26":0,"27":0,"28":0,"29":0,"30":0,"31":0,"32":0,"33":0,"34":0,"35":0,"36":0,"37":0,"38":0,"39":0,"40":0,"41":0,"42":0,"43":0,"44":0,"45":0,"46":0,"47":0,"48":0},"f":{"0":0,"1":0,"2":0,"3":0,"4":0,"5":0,"6":0},"b":{"0":[0,0],"1":[0,0],"2":[0,0],"3":[0,0]},"all":true},"/Users/cguzman/Developer/PlatziMasterProjects/music_app/back-end/api/components/user/controller.js":{"path":"/Users/cguzman/Developer/PlatziMasterProjects/music_app/back-end/api/components/user/controller.js","statementMap":{"0":{"start":{"line":1,"column":0},"end":{"line":58,"column":1}},"1":{"start":{"line":3,"column":14},"end":{"line":3,"column":27}},"2":{"start":{"line":6,"column":24},"end":{"line":6,"column":39}},"3":{"start":{"line":7,"column":8},"end":{"line":7,"column":29}},"4":{"start":{"line":8,"column":8},"end":{"line":8,"column":23}},"5":{"start":{"line":12,"column":24},"end":{"line":15,"column":10}},"6":{"start":{"line":16,"column":8},"end":{"line":16,"column":32}},"7":{"start":{"line":20,"column":28},"end":{"line":22,"column":8}},"8":{"start":{"line":23,"column":6},"end":{"line":23,"column":28}},"9":{"start":{"line":27,"column":22},"end":{"line":27,"column":61}},"10":{"start":{"line":28,"column":8},"end":{"line":28,"column":27}},"11":{"start":{"line":32,"column":21},"end":{"line":32,"column":47}},"12":{"start":{"line":33,"column":8},"end":{"line":33,"column":29}},"13":{"start":{"line":37,"column":21},"end":{"line":37,"column":51}},"14":{"start":{"line":38,"column":8},"end":{"line":38,"column":29}},"15":{"start":{"line":42,"column":21},"end":{"line":42,"column":60}},"16":{"start":{"line":43,"column":8},"end":{"line":44,"column":24}},"17":{"start":{"line":44,"column":12},"end":{"line":44,"column":24}},"18":{"start":{"line":45,"column":8},"end":{"line":45,"column":36}},"19":{"start":{"line":46,"column":8},"end":{"line":46,"column":53}},"20":{"start":{"line":49,"column":4},"end":{"line":57,"column":5}}},"fnMap":{"0":{"name":"(anonymous_0)","decl":{"start":{"line":1,"column":17},"end":{"line":1,"column":18}},"loc":{"start":{"line":1,"column":40},"end":{"line":58,"column":1}},"line":1},"1":{"name":"createUser","decl":{"start":{"line":5,"column":17},"end":{"line":5,"column":27}},"loc":{"start":{"line":5,"column":34},"end":{"line":9,"column":5}},"line":5},"2":{"name":"updateUser","decl":{"start":{"line":11,"column":19},"end":{"line":11,"column":29}},"loc":{"start":{"line":11,"column":44},"end":{"line":17,"column":5}},"line":11},"3":{"name":"deleteUser","decl":{"start":{"line":19,"column":19},"end":{"line":19,"column":29}},"loc":{"start":{"line":19,"column":38},"end":{"line":24,"column":5}},"line":19},"4":{"name":"getUsers","decl":{"start":{"line":26,"column":19},"end":{"line":26,"column":27}},"loc":{"start":{"line":26,"column":29},"end":{"line":29,"column":5}},"line":26},"5":{"name":"getUser","decl":{"start":{"line":31,"column":19},"end":{"line":31,"column":26}},"loc":{"start":{"line":31,"column":34},"end":{"line":34,"column":5}},"line":31},"6":{"name":"getUserByEmail","decl":{"start":{"line":36,"column":19},"end":{"line":36,"column":33}},"loc":{"start":{"line":36,"column":41},"end":{"line":39,"column":5}},"line":36},"7":{"name":"getOrCreateUser","decl":{"start":{"line":41,"column":19},"end":{"line":41,"column":34}},"loc":{"start":{"line":41,"column":41},"end":{"line":47,"column":5}},"line":41}},"branchMap":{"0":{"loc":{"start":{"line":16,"column":15},"end":{"line":16,"column":31}},"type":"binary-expr","locations":[{"start":{"line":16,"column":15},"end":{"line":16,"column":22}},{"start":{"line":16,"column":26},"end":{"line":16,"column":31}}],"line":16},"1":{"loc":{"start":{"line":28,"column":15},"end":{"line":28,"column":26}},"type":"binary-expr","locations":[{"start":{"line":28,"column":15},"end":{"line":28,"column":20}},{"start":{"line":28,"column":24},"end":{"line":28,"column":26}}],"line":28},"2":{"loc":{"start":{"line":33,"column":15},"end":{"line":33,"column":28}},"type":"binary-expr","locations":[{"start":{"line":33,"column":15},"end":{"line":33,"column":19}},{"start":{"line":33,"column":23},"end":{"line":33,"column":28}}],"line":33},"3":{"loc":{"start":{"line":38,"column":15},"end":{"line":38,"column":28}},"type":"binary-expr","locations":[{"start":{"line":38,"column":15},"end":{"line":38,"column":19}},{"start":{"line":38,"column":23},"end":{"line":38,"column":28}}],"line":38},"4":{"loc":{"start":{"line":43,"column":8},"end":{"line":44,"column":24}},"type":"if","locations":[{"start":{"line":43,"column":8},"end":{"line":44,"column":24}},{"start":{"line":43,"column":8},"end":{"line":44,"column":24}}],"line":43}},"s":{"0":0,"1":0,"2":0,"3":0,"4":0,"5":0,"6":0,"7":0,"8":0,"9":0,"10":0,"11":0,"12":0,"13":0,"14":0,"15":0,"16":0,"17":0,"18":0,"19":0,"20":0},"f":{"0":0,"1":0,"2":0,"3":0,"4":0,"5":0,"6":0,"7":0},"b":{"0":[0,0],"1":[0,0],"2":[0,0],"3":[0,0],"4":[0,0]},"all":true},"/Users/cguzman/Developer/PlatziMasterProjects/music_app/back-end/api/components/user/index.js":{"path":"/Users/cguzman/Developer/PlatziMasterProjects/music_app/back-end/api/components/user/index.js","statementMap":{"0":{"start":{"line":1,"column":14},"end":{"line":1,"column":46}},"1":{"start":{"line":2,"column":19},"end":{"line":2,"column":42}},"2":{"start":{"line":4,"column":0},"end":{"line":4,"column":35}}},"fnMap":{},"branchMap":{},"s":{"0":0,"1":0,"2":0},"f":{},"b":{},"all":true},"/Users/cguzman/Developer/PlatziMasterProjects/music_app/back-end/api/components/user/routes.js":{"path":"/Users/cguzman/Developer/PlatziMasterProjects/music_app/back-end/api/components/user/routes.js","statementMap":{"0":{"start":{"line":1,"column":19},"end":{"line":1,"column":37}},"1":{"start":{"line":2,"column":15},"end":{"line":2,"column":23}},"2":{"start":{"line":3,"column":17},"end":{"line":3,"column":36}},"3":{"start":{"line":5,"column":20},"end":{"line":5,"column":40}},"4":{"start":{"line":7,"column":32},"end":{"line":7,"column":92}},"5":{"start":{"line":10,"column":0},"end":{"line":10,"column":46}},"6":{"start":{"line":13,"column":22},"end":{"line":13,"column":40}},"7":{"start":{"line":14,"column":2},"end":{"line":14,"column":31}},"8":{"start":{"line":16,"column":2},"end":{"line":21,"column":4}},"9":{"start":{"line":22,"column":2},"end":{"line":28,"column":4}},"10":{"start":{"line":29,"column":2},"end":{"line":34,"column":4}},"11":{"start":{"line":35,"column":2},"end":{"line":40,"column":4}},"12":{"start":{"line":41,"column":2},"end":{"line":47,"column":4}},"13":{"start":{"line":50,"column":0},"end":{"line":50,"column":28}}},"fnMap":{"0":{"name":"userRoutes","decl":{"start":{"line":12,"column":9},"end":{"line":12,"column":19}},"loc":{"start":{"line":12,"column":32},"end":{"line":48,"column":1}},"line":12}},"branchMap":{},"s":{"0":0,"1":0,"2":0,"3":0,"4":0,"5":0,"6":0,"7":0,"8":0,"9":0,"10":0,"11":0,"12":0,"13":0},"f":{"0":0},"b":{},"all":true},"/Users/cguzman/Developer/PlatziMasterProjects/music_app/back-end/api/components/user/service.js":{"path":"/Users/cguzman/Developer/PlatziMasterProjects/music_app/back-end/api/components/user/service.js","statementMap":{"0":{"start":{"line":1,"column":17},"end":{"line":1,"column":51}},"1":{"start":{"line":2,"column":19},"end":{"line":2,"column":42}},"2":{"start":{"line":3,"column":14},"end":{"line":3,"column":50}},"3":{"start":{"line":4,"column":13},"end":{"line":4,"column":28}},"4":{"start":{"line":7,"column":16},"end":{"line":7,"column":29}},"5":{"start":{"line":8,"column":23},"end":{"line":8,"column":40}},"6":{"start":{"line":10,"column":21},"end":{"line":17,"column":5}},"7":{"start":{"line":11,"column":8},"end":{"line":16,"column":9}},"8":{"start":{"line":12,"column":26},"end":{"line":12,"column":53}},"9":{"start":{"line":13,"column":12},"end":{"line":13,"column":51}},"10":{"start":{"line":15,"column":12},"end":{"line":15,"column":24}},"11":{"start":{"line":19,"column":20},"end":{"line":34,"column":5}},"12":{"start":{"line":20,"column":27},"end":{"line":20,"column":30}},"13":{"start":{"line":21,"column":8},"end":{"line":33,"column":9}},"14":{"start":{"line":22,"column":25},"end":{"line":22,"column":70}},"15":{"start":{"line":23,"column":12},"end":{"line":30,"column":13}},"16":{"start":{"line":24,"column":16},"end":{"line":24,"column":54}},"17":{"start":{"line":26,"column":16},"end":{"line":29,"column":25}},"18":{"start":{"line":32,"column":12},"end":{"line":32,"column":24}},"19":{"start":{"line":36,"column":23},"end":{"line":55,"column":5}},"20":{"start":{"line":37,"column":31},"end":{"line":37,"column":34}},"21":{"start":{"line":38,"column":8},"end":{"line":54,"column":9}},"22":{"start":{"line":39,"column":32},"end":{"line":39,"column":65}},"23":{"start":{"line":40,"column":14},"end":{"line":42,"column":15}},"24":{"start":{"line":41,"column":16},"end":{"line":41,"column":61}},"25":{"start":{"line":50,"column":10},"end":{"line":52,"column":11}},"26":{"start":{"line":51,"column":12},"end":{"line":51,"column":66}},"27":{"start":{"line":53,"column":10},"end":{"line":53,"column":57}},"28":{"start":{"line":57,"column":23},"end":{"line":75,"column":5}},"29":{"start":{"line":58,"column":27},"end":{"line":58,"column":30}},"30":{"start":{"line":59,"column":31},"end":{"line":59,"column":34}},"31":{"start":{"line":60,"column":8},"end":{"line":74,"column":9}},"32":{"start":{"line":61,"column":32},"end":{"line":61,"column":80}},"33":{"start":{"line":62,"column":12},"end":{"line":69,"column":12}},"34":{"start":{"line":63,"column":14},"end":{"line":66,"column":23}},"35":{"start":{"line":68,"column":12},"end":{"line":68,"column":57}},"36":{"start":{"line":73,"column":12},"end":{"line":73,"column":24}},"37":{"start":{"line":77,"column":23},"end":{"line":95,"column":5}},"38":{"start":{"line":78,"column":27},"end":{"line":78,"column":30}},"39":{"start":{"line":79,"column":8},"end":{"line":94,"column":9}},"40":{"start":{"line":80,"column":32},"end":{"line":80,"column":74}},"41":{"start":{"line":81,"column":12},"end":{"line":89,"column":13}},"42":{"start":{"line":82,"column":14},"end":{"line":85,"column":23}},"43":{"start":{"line":88,"column":14},"end":{"line":88,"column":66}},"44":{"start":{"line":93,"column":12},"end":{"line":93,"column":24}},"45":{"start":{"line":97,"column":23},"end":{"line":100,"column":5}},"46":{"start":{"line":98,"column":29},"end":{"line":98,"column":67}},"47":{"start":{"line":99,"column":8},"end":{"line":99,"column":36}},"48":{"start":{"line":102,"column":28},"end":{"line":109,"column":5}},"49":{"start":{"line":103,"column":8},"end":{"line":108,"column":9}},"50":{"start":{"line":104,"column":25},"end":{"line":104,"column":67}},"51":{"start":{"line":105,"column":12},"end":{"line":105,"column":33}},"52":{"start":{"line":107,"column":12},"end":{"line":107,"column":25}},"53":{"start":{"line":111,"column":4},"end":{"line":119,"column":5}},"54":{"start":{"line":122,"column":0},"end":{"line":122,"column":29}}},"fnMap":{"0":{"name":"userService","decl":{"start":{"line":6,"column":9},"end":{"line":6,"column":20}},"loc":{"start":{"line":6,"column":36},"end":{"line":120,"column":1}},"line":6},"1":{"name":"(anonymous_1)","decl":{"start":{"line":10,"column":21},"end":{"line":10,"column":22}},"loc":{"start":{"line":10,"column":47},"end":{"line":17,"column":5}},"line":10},"2":{"name":"(anonymous_2)","decl":{"start":{"line":19,"column":20},"end":{"line":19,"column":21}},"loc":{"start":{"line":19,"column":46},"end":{"line":34,"column":5}},"line":19},"3":{"name":"(anonymous_3)","decl":{"start":{"line":36,"column":23},"end":{"line":36,"column":24}},"loc":{"start":{"line":36,"column":49},"end":{"line":55,"column":5}},"line":36},"4":{"name":"(anonymous_4)","decl":{"start":{"line":57,"column":23},"end":{"line":57,"column":24}},"loc":{"start":{"line":57,"column":49},"end":{"line":75,"column":5}},"line":57},"5":{"name":"(anonymous_5)","decl":{"start":{"line":77,"column":23},"end":{"line":77,"column":24}},"loc":{"start":{"line":77,"column":49},"end":{"line":95,"column":5}},"line":77},"6":{"name":"(anonymous_6)","decl":{"start":{"line":97,"column":23},"end":{"line":97,"column":24}},"loc":{"start":{"line":97,"column":40},"end":{"line":100,"column":5}},"line":97},"7":{"name":"(anonymous_7)","decl":{"start":{"line":102,"column":28},"end":{"line":102,"column":29}},"loc":{"start":{"line":102,"column":48},"end":{"line":109,"column":5}},"line":102}},"branchMap":{"0":{"loc":{"start":{"line":23,"column":12},"end":{"line":30,"column":13}},"type":"if","locations":[{"start":{"line":23,"column":12},"end":{"line":30,"column":13}},{"start":{"line":23,"column":12},"end":{"line":30,"column":13}}],"line":23},"1":{"loc":{"start":{"line":40,"column":14},"end":{"line":42,"column":15}},"type":"if","locations":[{"start":{"line":40,"column":14},"end":{"line":42,"column":15}},{"start":{"line":40,"column":14},"end":{"line":42,"column":15}}],"line":40},"2":{"loc":{"start":{"line":50,"column":10},"end":{"line":52,"column":11}},"type":"if","locations":[{"start":{"line":50,"column":10},"end":{"line":52,"column":11}},{"start":{"line":50,"column":10},"end":{"line":52,"column":11}}],"line":50},"3":{"loc":{"start":{"line":62,"column":12},"end":{"line":69,"column":12}},"type":"if","locations":[{"start":{"line":62,"column":12},"end":{"line":69,"column":12}},{"start":{"line":62,"column":12},"end":{"line":69,"column":12}}],"line":62},"4":{"loc":{"start":{"line":81,"column":12},"end":{"line":89,"column":13}},"type":"if","locations":[{"start":{"line":81,"column":12},"end":{"line":89,"column":13}},{"start":{"line":81,"column":12},"end":{"line":89,"column":13}}],"line":81},"5":{"loc":{"start":{"line":99,"column":15},"end":{"line":99,"column":35}},"type":"binary-expr","locations":[{"start":{"line":99,"column":15},"end":{"line":99,"column":27}},{"start":{"line":99,"column":31},"end":{"line":99,"column":35}}],"line":99},"6":{"loc":{"start":{"line":105,"column":19},"end":{"line":105,"column":32}},"type":"binary-expr","locations":[{"start":{"line":105,"column":19},"end":{"line":105,"column":23}},{"start":{"line":105,"column":27},"end":{"line":105,"column":32}}],"line":105}},"s":{"0":0,"1":0,"2":0,"3":0,"4":0,"5":0,"6":0,"7":0,"8":0,"9":0,"10":0,"11":0,"12":0,"13":0,"14":0,"15":0,"16":0,"17":0,"18":0,"19":0,"20":0,"21":0,"22":0,"23":0,"24":0,"25":0,"26":0,"27":0,"28":0,"29":0,"30":0,"31":0,"32":0,"33":0,"34":0,"35":0,"36":0,"37":0,"38":0,"39":0,"40":0,"41":0,"42":0,"43":0,"44":0,"45":0,"46":0,"47":0,"48":0,"49":0,"50":0,"51":0,"52":0,"53":0,"54":0},"f":{"0":0,"1":0,"2":0,"3":0,"4":0,"5":0,"6":0,"7":0},"b":{"0":[0,0],"1":[0,0],"2":[0,0],"3":[0,0],"4":[0,0],"5":[0,0],"6":[0,0]},"all":true},"/Users/cguzman/Developer/PlatziMasterProjects/music_app/back-end/api/index.js":{"path":"/Users/cguzman/Developer/PlatziMasterProjects/music_app/back-end/api/index.js","statementMap":{"0":{"start":{"line":1,"column":16},"end":{"line":1,"column":34}},"1":{"start":{"line":2,"column":15},"end":{"line":2,"column":32}},"2":{"start":{"line":3,"column":13},"end":{"line":3,"column":28}},"3":{"start":{"line":5,"column":14},"end":{"line":5,"column":47}},"4":{"start":{"line":6,"column":14},"end":{"line":6,"column":30}},"5":{"start":{"line":8,"column":15},"end":{"line":8,"column":41}},"6":{"start":{"line":9,"column":11},"end":{"line":9,"column":31}},"7":{"start":{"line":14,"column":4},"end":{"line":14,"column":48}},"8":{"start":{"line":16,"column":18},"end":{"line":16,"column":47}},"9":{"start":{"line":17,"column":19},"end":{"line":17,"column":44}},"10":{"start":{"line":20,"column":19},"end":{"line":20,"column":54}},"11":{"start":{"line":21,"column":21},"end":{"line":21,"column":58}},"12":{"start":{"line":22,"column":21},"end":{"line":22,"column":58}},"13":{"start":{"line":23,"column":20},"end":{"line":23,"column":56}},"14":{"start":{"line":24,"column":20},"end":{"line":24,"column":56}},"15":{"start":{"line":25,"column":19},"end":{"line":25,"column":54}},"16":{"start":{"line":26,"column":23},"end":{"line":26,"column":62}},"17":{"start":{"line":30,"column":13},"end":{"line":30,"column":39}},"18":{"start":{"line":31,"column":15},"end":{"line":31,"column":43}},"19":{"start":{"line":32,"column":15},"end":{"line":32,"column":42}},"20":{"start":{"line":33,"column":14},"end":{"line":33,"column":41}},"21":{"start":{"line":34,"column":14},"end":{"line":34,"column":41}},"22":{"start":{"line":35,"column":17},"end":{"line":35,"column":47}},"23":{"start":{"line":39,"column":12},"end":{"line":39,"column":21}},"24":{"start":{"line":41,"column":0},"end":{"line":41,"column":16}},"25":{"start":{"line":42,"column":0},"end":{"line":42,"column":24}},"26":{"start":{"line":43,"column":0},"end":{"line":43,"column":49}},"27":{"start":{"line":44,"column":0},"end":{"line":44,"column":18}},"28":{"start":{"line":46,"column":0},"end":{"line":46,"column":59}},"29":{"start":{"line":46,"column":32},"end":{"line":46,"column":55}},"30":{"start":{"line":48,"column":0},"end":{"line":48,"column":67}},"31":{"start":{"line":53,"column":26},"end":{"line":53,"column":68}},"32":{"start":{"line":54,"column":0},"end":{"line":54,"column":31}},"33":{"start":{"line":57,"column":0},"end":{"line":57,"column":22}},"34":{"start":{"line":58,"column":0},"end":{"line":58,"column":26}},"35":{"start":{"line":59,"column":0},"end":{"line":59,"column":26}},"36":{"start":{"line":60,"column":0},"end":{"line":60,"column":24}},"37":{"start":{"line":61,"column":0},"end":{"line":61,"column":24}},"38":{"start":{"line":62,"column":0},"end":{"line":62,"column":22}},"39":{"start":{"line":63,"column":0},"end":{"line":63,"column":30}},"40":{"start":{"line":65,"column":0},"end":{"line":65,"column":19}},"41":{"start":{"line":66,"column":0},"end":{"line":66,"column":22}},"42":{"start":{"line":70,"column":0},"end":{"line":72,"column":2}},"43":{"start":{"line":71,"column":4},"end":{"line":71,"column":76}}},"fnMap":{"0":{"name":"(anonymous_0)","decl":{"start":{"line":46,"column":16},"end":{"line":46,"column":17}},"loc":{"start":{"line":46,"column":30},"end":{"line":46,"column":57}},"line":46},"1":{"name":"(anonymous_1)","decl":{"start":{"line":70,"column":24},"end":{"line":70,"column":25}},"loc":{"start":{"line":70,"column":30},"end":{"line":72,"column":1}},"line":70}},"branchMap":{},"s":{"0":0,"1":0,"2":0,"3":0,"4":0,"5":0,"6":0,"7":0,"8":0,"9":0,"10":0,"11":0,"12":0,"13":0,"14":0,"15":0,"16":0,"17":0,"18":0,"19":0,"20":0,"21":0,"22":0,"23":0,"24":0,"25":0,"26":0,"27":0,"28":0,"29":0,"30":0,"31":0,"32":0,"33":0,"34":0,"35":0,"36":0,"37":0,"38":0,"39":0,"40":0,"41":0,"42":0,"43":0},"f":{"0":0,"1":0},"b":{},"all":true}}