{"/Users/cguzman/Developer/PlatziMasterProjects/music_app/back-end/api/components/album/controller.js":{"path":"/Users/cguzman/Developer/PlatziMasterProjects/music_app/back-end/api/components/album/controller.js","statementMap":{"0":{"start":{"line":1,"column":0},"end":{"line":51,"column":1}},"1":{"start":{"line":2,"column":14},"end":{"line":2,"column":27}},"2":{"start":{"line":3,"column":20},"end":{"line":3,"column":22}},"3":{"start":{"line":6,"column":20},"end":{"line":6,"column":35}},"4":{"start":{"line":7,"column":4},"end":{"line":7,"column":25}},"5":{"start":{"line":8,"column":4},"end":{"line":8,"column":19}},"6":{"start":{"line":12,"column":20},"end":{"line":15,"column":6}},"7":{"start":{"line":16,"column":4},"end":{"line":16,"column":28}},"8":{"start":{"line":20,"column":28},"end":{"line":22,"column":6}},"9":{"start":{"line":23,"column":4},"end":{"line":23,"column":27}},"10":{"start":{"line":27,"column":17},"end":{"line":27,"column":39}},"11":{"start":{"line":28,"column":19},"end":{"line":28,"column":65}},"12":{"start":{"line":29,"column":18},"end":{"line":29,"column":46}},"13":{"start":{"line":30,"column":30},"end":{"line":34,"column":5}},"14":{"start":{"line":36,"column":4},"end":{"line":36,"column":35}},"15":{"start":{"line":40,"column":18},"end":{"line":40,"column":49}},"16":{"start":{"line":41,"column":4},"end":{"line":41,"column":26}},"17":{"start":{"line":44,"column":2},"end":{"line":50,"column":3}}},"fnMap":{"0":{"name":"(anonymous_0)","decl":{"start":{"line":1,"column":17},"end":{"line":1,"column":18}},"loc":{"start":{"line":1,"column":42},"end":{"line":51,"column":1}},"line":1},"1":{"name":"createAlbum","decl":{"start":{"line":5,"column":17},"end":{"line":5,"column":28}},"loc":{"start":{"line":5,"column":35},"end":{"line":9,"column":3}},"line":5},"2":{"name":"updateAlbum","decl":{"start":{"line":11,"column":17},"end":{"line":11,"column":28}},"loc":{"start":{"line":11,"column":44},"end":{"line":17,"column":3}},"line":11},"3":{"name":"deleteAlbum","decl":{"start":{"line":19,"column":17},"end":{"line":19,"column":28}},"loc":{"start":{"line":19,"column":38},"end":{"line":24,"column":3}},"line":19},"4":{"name":"getAlbums","decl":{"start":{"line":26,"column":17},"end":{"line":26,"column":26}},"loc":{"start":{"line":26,"column":37},"end":{"line":37,"column":3}},"line":26},"5":{"name":"getAlbum","decl":{"start":{"line":39,"column":17},"end":{"line":39,"column":25}},"loc":{"start":{"line":39,"column":38},"end":{"line":42,"column":3}},"line":39}},"branchMap":{"0":{"loc":{"start":{"line":16,"column":11},"end":{"line":16,"column":27}},"type":"binary-expr","locations":[{"start":{"line":16,"column":11},"end":{"line":16,"column":18}},{"start":{"line":16,"column":22},"end":{"line":16,"column":27}}],"line":16},"1":{"loc":{"start":{"line":26,"column":27},"end":{"line":26,"column":35}},"type":"default-arg","locations":[{"start":{"line":26,"column":34},"end":{"line":26,"column":35}}],"line":26},"2":{"loc":{"start":{"line":36,"column":11},"end":{"line":36,"column":34}},"type":"binary-expr","locations":[{"start":{"line":36,"column":11},"end":{"line":36,"column":28}},{"start":{"line":36,"column":32},"end":{"line":36,"column":34}}],"line":36},"3":{"loc":{"start":{"line":41,"column":11},"end":{"line":41,"column":25}},"type":"binary-expr","locations":[{"start":{"line":41,"column":11},"end":{"line":41,"column":16}},{"start":{"line":41,"column":20},"end":{"line":41,"column":25}}],"line":41}},"s":{"0":0,"1":0,"2":0,"3":0,"4":0,"5":0,"6":0,"7":0,"8":0,"9":0,"10":0,"11":0,"12":0,"13":0,"14":0,"15":0,"16":0,"17":0},"f":{"0":0,"1":0,"2":0,"3":0,"4":0,"5":0},"b":{"0":[0,0],"1":[0],"2":[0,0],"3":[0,0]},"all":true},"/Users/cguzman/Developer/PlatziMasterProjects/music_app/back-end/api/components/album/routes.js":{"path":"/Users/cguzman/Developer/PlatziMasterProjects/music_app/back-end/api/components/album/routes.js","statementMap":{"0":{"start":{"line":1,"column":19},"end":{"line":1,"column":37}},"1":{"start":{"line":2,"column":15},"end":{"line":2,"column":23}},"2":{"start":{"line":3,"column":17},"end":{"line":3,"column":36}},"3":{"start":{"line":5,"column":21},"end":{"line":5,"column":41}},"4":{"start":{"line":7,"column":32},"end":{"line":7,"column":92}},"5":{"start":{"line":8,"column":34},"end":{"line":8,"column":96}},"6":{"start":{"line":11,"column":23},"end":{"line":11,"column":42}},"7":{"start":{"line":12,"column":2},"end":{"line":12,"column":31}},"8":{"start":{"line":14,"column":2},"end":{"line":18,"column":3}},"9":{"start":{"line":19,"column":2},"end":{"line":24,"column":3}},"10":{"start":{"line":25,"column":2},"end":{"line":29,"column":4}},"11":{"start":{"line":30,"column":2},"end":{"line":35,"column":4}},"12":{"start":{"line":36,"column":2},"end":{"line":41,"column":4}},"13":{"start":{"line":43,"column":0},"end":{"line":43,"column":29}}},"fnMap":{"0":{"name":"albumRoutes","decl":{"start":{"line":10,"column":9},"end":{"line":10,"column":20}},"loc":{"start":{"line":10,"column":32},"end":{"line":42,"column":1}},"line":10}},"branchMap":{},"s":{"0":0,"1":0,"2":0,"3":0,"4":0,"5":0,"6":0,"7":0,"8":0,"9":0,"10":0,"11":0,"12":0,"13":0},"f":{"0":0},"b":{},"all":true},"/Users/cguzman/Developer/PlatziMasterProjects/music_app/back-end/api/components/album/service.js":{"path":"/Users/cguzman/Developer/PlatziMasterProjects/music_app/back-end/api/components/album/service.js","statementMap":{"0":{"start":{"line":1,"column":17},"end":{"line":1,"column":51}},"1":{"start":{"line":2,"column":19},"end":{"line":2,"column":42}},"2":{"start":{"line":3,"column":13},"end":{"line":3,"column":28}},"3":{"start":{"line":7,"column":16},"end":{"line":7,"column":29}},"4":{"start":{"line":8,"column":23},"end":{"line":8,"column":40}},"5":{"start":{"line":10,"column":22},"end":{"line":18,"column":5}},"6":{"start":{"line":11,"column":8},"end":{"line":17,"column":9}},"7":{"start":{"line":12,"column":25},"end":{"line":12,"column":49}},"8":{"start":{"line":13,"column":27},"end":{"line":13,"column":59}},"9":{"start":{"line":14,"column":12},"end":{"line":14,"column":52}},"10":{"start":{"line":16,"column":12},"end":{"line":16,"column":24}},"11":{"start":{"line":20,"column":21},"end":{"line":35,"column":5}},"12":{"start":{"line":21,"column":27},"end":{"line":21,"column":30}},"13":{"start":{"line":22,"column":8},"end":{"line":34,"column":9}},"14":{"start":{"line":23,"column":26},"end":{"line":23,"column":73}},"15":{"start":{"line":24,"column":12},"end":{"line":31,"column":13}},"16":{"start":{"line":25,"column":16},"end":{"line":25,"column":55}},"17":{"start":{"line":27,"column":16},"end":{"line":30,"column":25}},"18":{"start":{"line":33,"column":12},"end":{"line":33,"column":24}},"19":{"start":{"line":37,"column":24},"end":{"line":46,"column":5}},"20":{"start":{"line":38,"column":31},"end":{"line":38,"column":34}},"21":{"start":{"line":40,"column":8},"end":{"line":45,"column":9}},"22":{"start":{"line":41,"column":33},"end":{"line":41,"column":67}},"23":{"start":{"line":42,"column":12},"end":{"line":42,"column":58}},"24":{"start":{"line":44,"column":10},"end":{"line":44,"column":57}},"25":{"start":{"line":48,"column":24},"end":{"line":65,"column":5}},"26":{"start":{"line":49,"column":27},"end":{"line":49,"column":30}},"27":{"start":{"line":50,"column":31},"end":{"line":50,"column":34}},"28":{"start":{"line":51,"column":8},"end":{"line":64,"column":9}},"29":{"start":{"line":52,"column":33},"end":{"line":52,"column":83}},"30":{"start":{"line":53,"column":12},"end":{"line":61,"column":13}},"31":{"start":{"line":54,"column":14},"end":{"line":57,"column":23}},"32":{"start":{"line":60,"column":14},"end":{"line":60,"column":60}},"33":{"start":{"line":63,"column":12},"end":{"line":63,"column":24}},"34":{"start":{"line":67,"column":24},"end":{"line":79,"column":5}},"35":{"start":{"line":68,"column":27},"end":{"line":68,"column":30}},"36":{"start":{"line":69,"column":8},"end":{"line":78,"column":9}},"37":{"start":{"line":70,"column":33},"end":{"line":70,"column":77}},"38":{"start":{"line":71,"column":12},"end":{"line":75,"column":13}},"39":{"start":{"line":72,"column":14},"end":{"line":72,"column":101}},"40":{"start":{"line":74,"column":14},"end":{"line":74,"column":60}},"41":{"start":{"line":77,"column":12},"end":{"line":77,"column":24}},"42":{"start":{"line":81,"column":29},"end":{"line":89,"column":5}},"43":{"start":{"line":82,"column":8},"end":{"line":88,"column":9}},"44":{"start":{"line":83,"column":30},"end":{"line":83,"column":38}},"45":{"start":{"line":84,"column":26},"end":{"line":84,"column":70}},"46":{"start":{"line":85,"column":12},"end":{"line":85,"column":34}},"47":{"start":{"line":87,"column":12},"end":{"line":87,"column":24}},"48":{"start":{"line":91,"column":4},"end":{"line":98,"column":5}},"49":{"start":{"line":101,"column":0},"end":{"line":101,"column":30}}},"fnMap":{"0":{"name":"albumService","decl":{"start":{"line":6,"column":9},"end":{"line":6,"column":21}},"loc":{"start":{"line":6,"column":37},"end":{"line":99,"column":1}},"line":6},"1":{"name":"(anonymous_1)","decl":{"start":{"line":10,"column":22},"end":{"line":10,"column":23}},"loc":{"start":{"line":10,"column":48},"end":{"line":18,"column":5}},"line":10},"2":{"name":"(anonymous_2)","decl":{"start":{"line":20,"column":21},"end":{"line":20,"column":22}},"loc":{"start":{"line":20,"column":47},"end":{"line":35,"column":5}},"line":20},"3":{"name":"(anonymous_3)","decl":{"start":{"line":37,"column":24},"end":{"line":37,"column":25}},"loc":{"start":{"line":37,"column":50},"end":{"line":46,"column":5}},"line":37},"4":{"name":"(anonymous_4)","decl":{"start":{"line":48,"column":24},"end":{"line":48,"column":25}},"loc":{"start":{"line":48,"column":50},"end":{"line":65,"column":5}},"line":48},"5":{"name":"(anonymous_5)","decl":{"start":{"line":67,"column":24},"end":{"line":67,"column":25}},"loc":{"start":{"line":67,"column":50},"end":{"line":79,"column":5}},"line":67},"6":{"name":"(anonymous_6)","decl":{"start":{"line":81,"column":29},"end":{"line":81,"column":30}},"loc":{"start":{"line":81,"column":54},"end":{"line":89,"column":5}},"line":81}},"branchMap":{"0":{"loc":{"start":{"line":24,"column":12},"end":{"line":31,"column":13}},"type":"if","locations":[{"start":{"line":24,"column":12},"end":{"line":31,"column":13}},{"start":{"line":24,"column":12},"end":{"line":31,"column":13}}],"line":24},"1":{"loc":{"start":{"line":53,"column":12},"end":{"line":61,"column":13}},"type":"if","locations":[{"start":{"line":53,"column":12},"end":{"line":61,"column":13}},{"start":{"line":53,"column":12},"end":{"line":61,"column":13}}],"line":53},"2":{"loc":{"start":{"line":71,"column":12},"end":{"line":75,"column":13}},"type":"if","locations":[{"start":{"line":71,"column":12},"end":{"line":75,"column":13}},{"start":{"line":71,"column":12},"end":{"line":75,"column":13}}],"line":71},"3":{"loc":{"start":{"line":85,"column":19},"end":{"line":85,"column":33}},"type":"binary-expr","locations":[{"start":{"line":85,"column":19},"end":{"line":85,"column":24}},{"start":{"line":85,"column":28},"end":{"line":85,"column":33}}],"line":85}},"s":{"0":0,"1":0,"2":0,"3":0,"4":0,"5":0,"6":0,"7":0,"8":0,"9":0,"10":0,"11":0,"12":0,"13":0,"14":0,"15":0,"16":0,"17":0,"18":0,"19":0,"20":0,"21":0,"22":0,"23":0,"24":0,"25":0,"26":0,"27":0,"28":0,"29":0,"30":0,"31":0,"32":0,"33":0,"34":0,"35":0,"36":0,"37":0,"38":0,"39":0,"40":0,"41":0,"42":0,"43":0,"44":0,"45":0,"46":0,"47":0,"48":0,"49":0},"f":{"0":0,"1":0,"2":0,"3":0,"4":0,"5":0,"6":0},"b":{"0":[0,0],"1":[0,0],"2":[0,0],"3":[0,0]},"all":true},"/Users/cguzman/Developer/PlatziMasterProjects/music_app/back-end/api/components/apiKey/controller.js":{"path":"/Users/cguzman/Developer/PlatziMasterProjects/music_app/back-end/api/components/apiKey/controller.js","statementMap":{"0":{"start":{"line":1,"column":0},"end":{"line":38,"column":1}},"1":{"start":{"line":2,"column":14},"end":{"line":2,"column":27}},"2":{"start":{"line":5,"column":22},"end":{"line":5,"column":37}},"3":{"start":{"line":6,"column":6},"end":{"line":6,"column":27}},"4":{"start":{"line":7,"column":6},"end":{"line":7,"column":21}},"5":{"start":{"line":11,"column":31},"end":{"line":13,"column":8}},"6":{"start":{"line":14,"column":6},"end":{"line":14,"column":30}},"7":{"start":{"line":18,"column":22},"end":{"line":18,"column":40}},"8":{"start":{"line":19,"column":6},"end":{"line":19,"column":27}},"9":{"start":{"line":22,"column":22},"end":{"line":22,"column":54}},"10":{"start":{"line":23,"column":6},"end":{"line":23,"column":27}},"11":{"start":{"line":26,"column":6},"end":{"line":26,"column":31}},"12":{"start":{"line":27,"column":22},"end":{"line":27,"column":40}},"13":{"start":{"line":28,"column":6},"end":{"line":28,"column":27}},"14":{"start":{"line":31,"column":2},"end":{"line":37,"column":3}}},"fnMap":{"0":{"name":"(anonymous_0)","decl":{"start":{"line":1,"column":17},"end":{"line":1,"column":18}},"loc":{"start":{"line":1,"column":40},"end":{"line":38,"column":1}},"line":1},"1":{"name":"createApiKey","decl":{"start":{"line":4,"column":17},"end":{"line":4,"column":29}},"loc":{"start":{"line":4,"column":36},"end":{"line":8,"column":3}},"line":4},"2":{"name":"deleteApiKey","decl":{"start":{"line":10,"column":17},"end":{"line":10,"column":29}},"loc":{"start":{"line":10,"column":40},"end":{"line":15,"column":3}},"line":10},"3":{"name":"getApiKeys","decl":{"start":{"line":17,"column":17},"end":{"line":17,"column":27}},"loc":{"start":{"line":17,"column":29},"end":{"line":20,"column":3}},"line":17},"4":{"name":"getApiKey","decl":{"start":{"line":21,"column":17},"end":{"line":21,"column":26}},"loc":{"start":{"line":21,"column":39},"end":{"line":24,"column":3}},"line":21},"5":{"name":"emptyApiKeys","decl":{"start":{"line":25,"column":17},"end":{"line":25,"column":29}},"loc":{"start":{"line":25,"column":31},"end":{"line":29,"column":3}},"line":25}},"branchMap":{"0":{"loc":{"start":{"line":19,"column":13},"end":{"line":19,"column":26}},"type":"binary-expr","locations":[{"start":{"line":19,"column":13},"end":{"line":19,"column":20}},{"start":{"line":19,"column":24},"end":{"line":19,"column":26}}],"line":19},"1":{"loc":{"start":{"line":23,"column":13},"end":{"line":23,"column":26}},"type":"binary-expr","locations":[{"start":{"line":23,"column":13},"end":{"line":23,"column":20}},{"start":{"line":23,"column":24},"end":{"line":23,"column":26}}],"line":23},"2":{"loc":{"start":{"line":28,"column":13},"end":{"line":28,"column":26}},"type":"binary-expr","locations":[{"start":{"line":28,"column":13},"end":{"line":28,"column":20}},{"start":{"line":28,"column":24},"end":{"line":28,"column":26}}],"line":28}},"s":{"0":0,"1":0,"2":0,"3":0,"4":0,"5":0,"6":0,"7":0,"8":0,"9":0,"10":0,"11":0,"12":0,"13":0,"14":0},"f":{"0":0,"1":0,"2":0,"3":0,"4":0,"5":0},"b":{"0":[0,0],"1":[0,0],"2":[0,0]},"all":true},"/Users/cguzman/Developer/PlatziMasterProjects/music_app/back-end/api/components/apiKey/index.js":{"path":"/Users/cguzman/Developer/PlatziMasterProjects/music_app/back-end/api/components/apiKey/index.js","statementMap":{"0":{"start":{"line":1,"column":14},"end":{"line":1,"column":47}},"1":{"start":{"line":2,"column":19},"end":{"line":2,"column":42}},"2":{"start":{"line":4,"column":0},"end":{"line":4,"column":35}}},"fnMap":{},"branchMap":{},"s":{"0":0,"1":0,"2":0},"f":{},"b":{},"all":true},"/Users/cguzman/Developer/PlatziMasterProjects/music_app/back-end/api/components/artist/controller.js":{"path":"/Users/cguzman/Developer/PlatziMasterProjects/music_app/back-end/api/components/artist/controller.js","statementMap":{"0":{"start":{"line":1,"column":0},"end":{"line":57,"column":1}},"1":{"start":{"line":2,"column":16},"end":{"line":2,"column":29}},"2":{"start":{"line":3,"column":22},"end":{"line":3,"column":24}},"3":{"start":{"line":6,"column":24},"end":{"line":6,"column":39}},"4":{"start":{"line":7,"column":8},"end":{"line":7,"column":29}},"5":{"start":{"line":8,"column":8},"end":{"line":8,"column":23}},"6":{"start":{"line":12,"column":24},"end":{"line":15,"column":10}},"7":{"start":{"line":16,"column":8},"end":{"line":16,"column":32}},"8":{"start":{"line":20,"column":30},"end":{"line":22,"column":10}},"9":{"start":{"line":23,"column":8},"end":{"line":23,"column":29}},"10":{"start":{"line":27,"column":21},"end":{"line":27,"column":43}},"11":{"start":{"line":28,"column":24},"end":{"line":28,"column":70}},"12":{"start":{"line":29,"column":22},"end":{"line":29,"column":50}},"13":{"start":{"line":30,"column":34},"end":{"line":34,"column":9}},"14":{"start":{"line":36,"column":8},"end":{"line":36,"column":39}},"15":{"start":{"line":40,"column":23},"end":{"line":40,"column":55}},"16":{"start":{"line":41,"column":8},"end":{"line":41,"column":31}},"17":{"start":{"line":45,"column":24},"end":{"line":45,"column":85}},"18":{"start":{"line":46,"column":8},"end":{"line":46,"column":29}},"19":{"start":{"line":49,"column":4},"end":{"line":56,"column":5}}},"fnMap":{"0":{"name":"(anonymous_0)","decl":{"start":{"line":1,"column":17},"end":{"line":1,"column":18}},"loc":{"start":{"line":1,"column":42},"end":{"line":57,"column":1}},"line":1},"1":{"name":"createArtist","decl":{"start":{"line":5,"column":19},"end":{"line":5,"column":31}},"loc":{"start":{"line":5,"column":38},"end":{"line":9,"column":5}},"line":5},"2":{"name":"updateArtist","decl":{"start":{"line":11,"column":19},"end":{"line":11,"column":31}},"loc":{"start":{"line":11,"column":48},"end":{"line":17,"column":5}},"line":11},"3":{"name":"deleteArtist","decl":{"start":{"line":19,"column":19},"end":{"line":19,"column":31}},"loc":{"start":{"line":19,"column":42},"end":{"line":24,"column":5}},"line":19},"4":{"name":"getArtists","decl":{"start":{"line":26,"column":19},"end":{"line":26,"column":29}},"loc":{"start":{"line":26,"column":40},"end":{"line":37,"column":5}},"line":26},"5":{"name":"getArtist","decl":{"start":{"line":39,"column":19},"end":{"line":39,"column":28}},"loc":{"start":{"line":39,"column":42},"end":{"line":42,"column":5}},"line":39},"6":{"name":"searchArtists","decl":{"start":{"line":44,"column":19},"end":{"line":44,"column":32}},"loc":{"start":{"line":44,"column":41},"end":{"line":47,"column":5}},"line":44}},"branchMap":{"0":{"loc":{"start":{"line":16,"column":15},"end":{"line":16,"column":31}},"type":"binary-expr","locations":[{"start":{"line":16,"column":15},"end":{"line":16,"column":22}},{"start":{"line":16,"column":26},"end":{"line":16,"column":31}}],"line":16},"1":{"loc":{"start":{"line":26,"column":30},"end":{"line":26,"column":38}},"type":"default-arg","locations":[{"start":{"line":26,"column":37},"end":{"line":26,"column":38}}],"line":26},"2":{"loc":{"start":{"line":36,"column":15},"end":{"line":36,"column":38}},"type":"binary-expr","locations":[{"start":{"line":36,"column":15},"end":{"line":36,"column":32}},{"start":{"line":36,"column":36},"end":{"line":36,"column":38}}],"line":36},"3":{"loc":{"start":{"line":41,"column":15},"end":{"line":41,"column":30}},"type":"binary-expr","locations":[{"start":{"line":41,"column":15},"end":{"line":41,"column":21}},{"start":{"line":41,"column":25},"end":{"line":41,"column":30}}],"line":41},"4":{"loc":{"start":{"line":46,"column":15},"end":{"line":46,"column":28}},"type":"binary-expr","locations":[{"start":{"line":46,"column":15},"end":{"line":46,"column":22}},{"start":{"line":46,"column":26},"end":{"line":46,"column":28}}],"line":46}},"s":{"0":0,"1":0,"2":0,"3":0,"4":0,"5":0,"6":0,"7":0,"8":0,"9":0,"10":0,"11":0,"12":0,"13":0,"14":0,"15":0,"16":0,"17":0,"18":0,"19":0},"f":{"0":0,"1":0,"2":0,"3":0,"4":0,"5":0,"6":0},"b":{"0":[0,0],"1":[0],"2":[0,0],"3":[0,0],"4":[0,0]},"all":true},"/Users/cguzman/Developer/PlatziMasterProjects/music_app/back-end/api/components/artist/routes.js":{"path":"/Users/cguzman/Developer/PlatziMasterProjects/music_app/back-end/api/components/artist/routes.js","statementMap":{"0":{"start":{"line":1,"column":19},"end":{"line":1,"column":37}},"1":{"start":{"line":2,"column":15},"end":{"line":2,"column":23}},"2":{"start":{"line":3,"column":17},"end":{"line":3,"column":36}},"3":{"start":{"line":5,"column":22},"end":{"line":5,"column":42}},"4":{"start":{"line":7,"column":32},"end":{"line":7,"column":92}},"5":{"start":{"line":10,"column":0},"end":{"line":10,"column":46}},"6":{"start":{"line":13,"column":26},"end":{"line":13,"column":46}},"7":{"start":{"line":14,"column":4},"end":{"line":14,"column":35}},"8":{"start":{"line":16,"column":4},"end":{"line":19,"column":36}},"9":{"start":{"line":20,"column":4},"end":{"line":23,"column":36}},"10":{"start":{"line":24,"column":4},"end":{"line":27,"column":36}},"11":{"start":{"line":28,"column":4},"end":{"line":31,"column":34}},"12":{"start":{"line":32,"column":4},"end":{"line":35,"column":33}},"13":{"start":{"line":38,"column":0},"end":{"line":38,"column":30}}},"fnMap":{"0":{"name":"artistRoutes","decl":{"start":{"line":12,"column":9},"end":{"line":12,"column":21}},"loc":{"start":{"line":12,"column":34},"end":{"line":36,"column":1}},"line":12}},"branchMap":{},"s":{"0":0,"1":0,"2":0,"3":0,"4":0,"5":0,"6":0,"7":0,"8":0,"9":0,"10":0,"11":0,"12":0,"13":0},"f":{"0":0},"b":{},"all":true},"/Users/cguzman/Developer/PlatziMasterProjects/music_app/back-end/api/components/artist/service.js":{"path":"/Users/cguzman/Developer/PlatziMasterProjects/music_app/back-end/api/components/artist/service.js","statementMap":{"0":{"start":{"line":1,"column":17},"end":{"line":1,"column":51}},"1":{"start":{"line":2,"column":19},"end":{"line":2,"column":42}},"2":{"start":{"line":3,"column":13},"end":{"line":3,"column":28}},"3":{"start":{"line":5,"column":16},"end":{"line":5,"column":29}},"4":{"start":{"line":6,"column":23},"end":{"line":6,"column":40}},"5":{"start":{"line":8,"column":23},"end":{"line":16,"column":5}},"6":{"start":{"line":9,"column":8},"end":{"line":15,"column":9}},"7":{"start":{"line":10,"column":25},"end":{"line":10,"column":49}},"8":{"start":{"line":11,"column":28},"end":{"line":11,"column":61}},"9":{"start":{"line":12,"column":12},"end":{"line":12,"column":53}},"10":{"start":{"line":14,"column":12},"end":{"line":14,"column":59}},"11":{"start":{"line":18,"column":22},"end":{"line":33,"column":5}},"12":{"start":{"line":19,"column":27},"end":{"line":19,"column":30}},"13":{"start":{"line":20,"column":8},"end":{"line":32,"column":9}},"14":{"start":{"line":21,"column":27},"end":{"line":21,"column":76}},"15":{"start":{"line":22,"column":12},"end":{"line":29,"column":13}},"16":{"start":{"line":23,"column":16},"end":{"line":23,"column":56}},"17":{"start":{"line":25,"column":16},"end":{"line":28,"column":25}},"18":{"start":{"line":31,"column":12},"end":{"line":31,"column":59}},"19":{"start":{"line":35,"column":25},"end":{"line":43,"column":5}},"20":{"start":{"line":36,"column":31},"end":{"line":36,"column":34}},"21":{"start":{"line":37,"column":8},"end":{"line":42,"column":9}},"22":{"start":{"line":38,"column":34},"end":{"line":38,"column":69}},"23":{"start":{"line":39,"column":12},"end":{"line":39,"column":59}},"24":{"start":{"line":41,"column":12},"end":{"line":41,"column":59}},"25":{"start":{"line":45,"column":25},"end":{"line":58,"column":5}},"26":{"start":{"line":46,"column":27},"end":{"line":46,"column":30}},"27":{"start":{"line":47,"column":31},"end":{"line":47,"column":34}},"28":{"start":{"line":48,"column":8},"end":{"line":57,"column":9}},"29":{"start":{"line":49,"column":34},"end":{"line":49,"column":86}},"30":{"start":{"line":50,"column":12},"end":{"line":53,"column":21}},"31":{"start":{"line":50,"column":32},"end":{"line":53,"column":21}},"32":{"start":{"line":54,"column":12},"end":{"line":54,"column":59}},"33":{"start":{"line":56,"column":12},"end":{"line":56,"column":59}},"34":{"start":{"line":60,"column":25},"end":{"line":72,"column":5}},"35":{"start":{"line":61,"column":27},"end":{"line":61,"column":30}},"36":{"start":{"line":62,"column":8},"end":{"line":71,"column":9}},"37":{"start":{"line":63,"column":34},"end":{"line":63,"column":80}},"38":{"start":{"line":64,"column":12},"end":{"line":67,"column":21}},"39":{"start":{"line":64,"column":32},"end":{"line":67,"column":21}},"40":{"start":{"line":68,"column":12},"end":{"line":68,"column":59}},"41":{"start":{"line":70,"column":12},"end":{"line":70,"column":59}},"42":{"start":{"line":75,"column":4},"end":{"line":81,"column":5}},"43":{"start":{"line":84,"column":0},"end":{"line":84,"column":31}}},"fnMap":{"0":{"name":"artistService","decl":{"start":{"line":4,"column":9},"end":{"line":4,"column":22}},"loc":{"start":{"line":4,"column":38},"end":{"line":82,"column":1}},"line":4},"1":{"name":"(anonymous_1)","decl":{"start":{"line":8,"column":23},"end":{"line":8,"column":24}},"loc":{"start":{"line":8,"column":49},"end":{"line":16,"column":5}},"line":8},"2":{"name":"(anonymous_2)","decl":{"start":{"line":18,"column":22},"end":{"line":18,"column":23}},"loc":{"start":{"line":18,"column":48},"end":{"line":33,"column":5}},"line":18},"3":{"name":"(anonymous_3)","decl":{"start":{"line":35,"column":25},"end":{"line":35,"column":26}},"loc":{"start":{"line":35,"column":51},"end":{"line":43,"column":5}},"line":35},"4":{"name":"(anonymous_4)","decl":{"start":{"line":45,"column":25},"end":{"line":45,"column":26}},"loc":{"start":{"line":45,"column":51},"end":{"line":58,"column":5}},"line":45},"5":{"name":"(anonymous_5)","decl":{"start":{"line":60,"column":25},"end":{"line":60,"column":26}},"loc":{"start":{"line":60,"column":51},"end":{"line":72,"column":5}},"line":60}},"branchMap":{"0":{"loc":{"start":{"line":22,"column":12},"end":{"line":29,"column":13}},"type":"if","locations":[{"start":{"line":22,"column":12},"end":{"line":29,"column":13}},{"start":{"line":22,"column":12},"end":{"line":29,"column":13}}],"line":22},"1":{"loc":{"start":{"line":50,"column":12},"end":{"line":53,"column":21}},"type":"if","locations":[{"start":{"line":50,"column":12},"end":{"line":53,"column":21}},{"start":{"line":50,"column":12},"end":{"line":53,"column":21}}],"line":50},"2":{"loc":{"start":{"line":64,"column":12},"end":{"line":67,"column":21}},"type":"if","locations":[{"start":{"line":64,"column":12},"end":{"line":67,"column":21}},{"start":{"line":64,"column":12},"end":{"line":67,"column":21}}],"line":64}},"s":{"0":0,"1":0,"2":0,"3":0,"4":0,"5":0,"6":0,"7":0,"8":0,"9":0,"10":0,"11":0,"12":0,"13":0,"14":0,"15":0,"16":0,"17":0,"18":0,"19":0,"20":0,"21":0,"22":0,"23":0,"24":0,"25":0,"26":0,"27":0,"28":0,"29":0,"30":0,"31":0,"32":0,"33":0,"34":0,"35":0,"36":0,"37":0,"38":0,"39":0,"40":0,"41":0,"42":0,"43":0},"f":{"0":0,"1":0,"2":0,"3":0,"4":0,"5":0},"b":{"0":[0,0],"1":[0,0],"2":[0,0]},"all":true},"/Users/cguzman/Developer/PlatziMasterProjects/music_app/back-end/api/components/auth/routes.js":{"path":"/Users/cguzman/Developer/PlatziMasterProjects/music_app/back-end/api/components/auth/routes.js","statementMap":{"0":{"start":{"line":1,"column":19},"end":{"line":1,"column":37}},"1":{"start":{"line":2,"column":15},"end":{"line":2,"column":23}},"2":{"start":{"line":3,"column":17},"end":{"line":3,"column":36}},"3":{"start":{"line":5,"column":20},"end":{"line":5,"column":67}},"4":{"start":{"line":6,"column":18},"end":{"line":6,"column":50}},"5":{"start":{"line":7,"column":21},"end":{"line":7,"column":54}},"6":{"start":{"line":9,"column":20},"end":{"line":9,"column":56}},"7":{"start":{"line":10,"column":34},"end":{"line":10,"column":96}},"8":{"start":{"line":11,"column":39},"end":{"line":11,"column":106}},"9":{"start":{"line":13,"column":0},"end":{"line":13,"column":48}},"10":{"start":{"line":17,"column":2},"end":{"line":17,"column":31}},"11":{"start":{"line":23,"column":2},"end":{"line":27,"column":4}},"12":{"start":{"line":33,"column":2},"end":{"line":33,"column":46}},"13":{"start":{"line":37,"column":2},"end":{"line":40,"column":4}},"14":{"start":{"line":45,"column":2},"end":{"line":48,"column":4}},"15":{"start":{"line":54,"column":2},"end":{"line":56,"column":4}},"16":{"start":{"line":58,"column":0},"end":{"line":58,"column":28}}},"fnMap":{"0":{"name":"authRoutes","decl":{"start":{"line":15,"column":9},"end":{"line":15,"column":19}},"loc":{"start":{"line":15,"column":25},"end":{"line":57,"column":1}},"line":15}},"branchMap":{},"s":{"0":0,"1":0,"2":0,"3":0,"4":0,"5":0,"6":0,"7":0,"8":0,"9":0,"10":0,"11":0,"12":0,"13":0,"14":0,"15":0,"16":0},"f":{"0":0},"b":{},"all":true},"/Users/cguzman/Developer/PlatziMasterProjects/music_app/back-end/api/components/auth/service.js":{"path":"/Users/cguzman/Developer/PlatziMasterProjects/music_app/back-end/api/components/auth/service.js","statementMap":{"0":{"start":{"line":1,"column":17},"end":{"line":1,"column":51}},"1":{"start":{"line":2,"column":23},"end":{"line":2,"column":52}},"2":{"start":{"line":3,"column":25},"end":{"line":3,"column":56}},"3":{"start":{"line":4,"column":17},"end":{"line":4,"column":53}},"4":{"start":{"line":5,"column":27},"end":{"line":5,"column":60}},"5":{"start":{"line":7,"column":13},"end":{"line":7,"column":28}},"6":{"start":{"line":8,"column":17},"end":{"line":8,"column":36}},"7":{"start":{"line":9,"column":12},"end":{"line":9,"column":35}},"8":{"start":{"line":10,"column":15},"end":{"line":10,"column":47}},"9":{"start":{"line":11,"column":19},"end":{"line":11,"column":40}},"10":{"start":{"line":12,"column":31},"end":{"line":12,"column":86}},"11":{"start":{"line":13,"column":31},"end":{"line":13,"column":86}},"12":{"start":{"line":14,"column":26},"end":{"line":14,"column":75}},"13":{"start":{"line":15,"column":14},"end":{"line":15,"column":30}},"14":{"start":{"line":16,"column":14},"end":{"line":16,"column":30}},"15":{"start":{"line":17,"column":14},"end":{"line":17,"column":31}},"16":{"start":{"line":19,"column":18},"end":{"line":27,"column":2}},"17":{"start":{"line":32,"column":0},"end":{"line":32,"column":48}},"18":{"start":{"line":35,"column":18},"end":{"line":35,"column":27}},"19":{"start":{"line":36,"column":21},"end":{"line":36,"column":33}},"20":{"start":{"line":37,"column":25},"end":{"line":37,"column":50}},"21":{"start":{"line":38,"column":27},"end":{"line":38,"column":57}},"22":{"start":{"line":44,"column":17},"end":{"line":94,"column":3}},"23":{"start":{"line":45,"column":4},"end":{"line":93,"column":5}},"24":{"start":{"line":46,"column":30},"end":{"line":46,"column":38}},"25":{"start":{"line":47,"column":6},"end":{"line":49,"column":7}},"26":{"start":{"line":48,"column":8},"end":{"line":48,"column":62}},"27":{"start":{"line":50,"column":6},"end":{"line":90,"column":25}},"28":{"start":{"line":51,"column":8},"end":{"line":89,"column":9}},"29":{"start":{"line":52,"column":10},"end":{"line":54,"column":11}},"30":{"start":{"line":53,"column":12},"end":{"line":53,"column":67}},"31":{"start":{"line":55,"column":10},"end":{"line":59,"column":13}},"32":{"start":{"line":56,"column":12},"end":{"line":58,"column":13}},"33":{"start":{"line":57,"column":14},"end":{"line":57,"column":31}},"34":{"start":{"line":61,"column":25},"end":{"line":63,"column":12}},"35":{"start":{"line":66,"column":10},"end":{"line":68,"column":11}},"36":{"start":{"line":67,"column":12},"end":{"line":67,"column":61}},"37":{"start":{"line":70,"column":39},"end":{"line":70,"column":43}},"38":{"start":{"line":71,"column":26},"end":{"line":76,"column":11}},"39":{"start":{"line":77,"column":24},"end":{"line":79,"column":12}},"40":{"start":{"line":80,"column":29},"end":{"line":84,"column":11}},"41":{"start":{"line":85,"column":10},"end":{"line":85,"column":32}},"42":{"start":{"line":86,"column":10},"end":{"line":86,"column":54}},"43":{"start":{"line":88,"column":10},"end":{"line":88,"column":51}},"44":{"start":{"line":92,"column":6},"end":{"line":92,"column":53}},"45":{"start":{"line":100,"column":17},"end":{"line":135,"column":3}},"46":{"start":{"line":101,"column":17},"end":{"line":101,"column":25}},"47":{"start":{"line":102,"column":4},"end":{"line":134,"column":5}},"48":{"start":{"line":103,"column":23},"end":{"line":103,"column":70}},"49":{"start":{"line":104,"column":6},"end":{"line":128,"column":7}},"50":{"start":{"line":105,"column":8},"end":{"line":105,"column":55}},"51":{"start":{"line":107,"column":24},"end":{"line":107,"column":61}},"52":{"start":{"line":110,"column":35},"end":{"line":110,"column":63}},"53":{"start":{"line":111,"column":28},"end":{"line":111,"column":79}},"54":{"start":{"line":112,"column":8},"end":{"line":113,"column":42}},"55":{"start":{"line":113,"column":10},"end":{"line":113,"column":42}},"56":{"start":{"line":117,"column":24},"end":{"line":121,"column":9}},"57":{"start":{"line":123,"column":25},"end":{"line":123,"column":60}},"58":{"start":{"line":124,"column":8},"end":{"line":126,"column":9}},"59":{"start":{"line":125,"column":10},"end":{"line":125,"column":39}},"60":{"start":{"line":127,"column":8},"end":{"line":127,"column":49}},"61":{"start":{"line":130,"column":6},"end":{"line":132,"column":7}},"62":{"start":{"line":131,"column":8},"end":{"line":131,"column":62}},"63":{"start":{"line":133,"column":6},"end":{"line":133,"column":53}},"64":{"start":{"line":141,"column":26},"end":{"line":160,"column":3}},"65":{"start":{"line":142,"column":4},"end":{"line":159,"column":5}},"66":{"start":{"line":143,"column":21},"end":{"line":143,"column":30}},"67":{"start":{"line":144,"column":19},"end":{"line":144,"column":60}},"68":{"start":{"line":145,"column":6},"end":{"line":156,"column":7}},"69":{"start":{"line":146,"column":8},"end":{"line":146,"column":29}},"70":{"start":{"line":147,"column":30},"end":{"line":147,"column":71}},"71":{"start":{"line":148,"column":8},"end":{"line":148,"column":55}},"72":{"start":{"line":150,"column":8},"end":{"line":155,"column":10}},"73":{"start":{"line":158,"column":6},"end":{"line":158,"column":51}},"74":{"start":{"line":166,"column":23},"end":{"line":207,"column":3}},"75":{"start":{"line":167,"column":43},"end":{"line":167,"column":51}},"76":{"start":{"line":168,"column":4},"end":{"line":206,"column":5}},"77":{"start":{"line":169,"column":19},"end":{"line":169,"column":68}},"78":{"start":{"line":170,"column":6},"end":{"line":203,"column":7}},"79":{"start":{"line":172,"column":8},"end":{"line":174,"column":9}},"80":{"start":{"line":173,"column":10},"end":{"line":173,"column":64}},"81":{"start":{"line":176,"column":23},"end":{"line":178,"column":8}},"82":{"start":{"line":181,"column":6},"end":{"line":183,"column":7}},"83":{"start":{"line":182,"column":8},"end":{"line":182,"column":57}},"84":{"start":{"line":185,"column":37},"end":{"line":185,"column":41}},"85":{"start":{"line":186,"column":24},"end":{"line":191,"column":9}},"86":{"start":{"line":192,"column":22},"end":{"line":194,"column":10}},"87":{"start":{"line":195,"column":27},"end":{"line":199,"column":9}},"88":{"start":{"line":200,"column":8},"end":{"line":200,"column":30}},"89":{"start":{"line":202,"column":8},"end":{"line":202,"column":52}},"90":{"start":{"line":205,"column":6},"end":{"line":205,"column":53}},"91":{"start":{"line":214,"column":25},"end":{"line":255,"column":1}},"92":{"start":{"line":215,"column":2},"end":{"line":254,"column":3}},"93":{"start":{"line":216,"column":22},"end":{"line":216,"column":30}},"94":{"start":{"line":217,"column":17},"end":{"line":217,"column":60}},"95":{"start":{"line":218,"column":19},"end":{"line":218,"column":27}},"96":{"start":{"line":219,"column":24},"end":{"line":219,"column":44}},"97":{"start":{"line":220,"column":4},"end":{"line":220,"column":55}},"98":{"start":{"line":222,"column":4},"end":{"line":222,"column":19}},"99":{"start":{"line":223,"column":4},"end":{"line":251,"column":5}},"100":{"start":{"line":224,"column":26},"end":{"line":224,"column":71}},"101":{"start":{"line":227,"column":22},"end":{"line":231,"column":7}},"102":{"start":{"line":232,"column":6},"end":{"line":232,"column":39}},"103":{"start":{"line":234,"column":23},"end":{"line":234,"column":58}},"104":{"start":{"line":236,"column":6},"end":{"line":238,"column":7}},"105":{"start":{"line":237,"column":8},"end":{"line":237,"column":41}},"106":{"start":{"line":239,"column":6},"end":{"line":239,"column":64}},"107":{"start":{"line":241,"column":6},"end":{"line":241,"column":71}},"108":{"start":{"line":245,"column":6},"end":{"line":250,"column":8}},"109":{"start":{"line":253,"column":4},"end":{"line":253,"column":49}},"110":{"start":{"line":258,"column":2},"end":{"line":264,"column":4}},"111":{"start":{"line":267,"column":0},"end":{"line":267,"column":29}}},"fnMap":{"0":{"name":"authService","decl":{"start":{"line":34,"column":9},"end":{"line":34,"column":20}},"loc":{"start":{"line":34,"column":46},"end":{"line":265,"column":1}},"line":34},"1":{"name":"(anonymous_1)","decl":{"start":{"line":44,"column":17},"end":{"line":44,"column":18}},"loc":{"start":{"line":44,"column":43},"end":{"line":94,"column":3}},"line":44},"2":{"name":"(anonymous_2)","decl":{"start":{"line":50,"column":37},"end":{"line":50,"column":38}},"loc":{"start":{"line":50,"column":64},"end":{"line":90,"column":7}},"line":50},"3":{"name":"(anonymous_3)","decl":{"start":{"line":55,"column":46},"end":{"line":55,"column":47}},"loc":{"start":{"line":55,"column":67},"end":{"line":59,"column":11}},"line":55},"4":{"name":"(anonymous_4)","decl":{"start":{"line":100,"column":17},"end":{"line":100,"column":18}},"loc":{"start":{"line":100,"column":43},"end":{"line":135,"column":3}},"line":100},"5":{"name":"(anonymous_5)","decl":{"start":{"line":141,"column":26},"end":{"line":141,"column":27}},"loc":{"start":{"line":141,"column":52},"end":{"line":160,"column":3}},"line":141},"6":{"name":"(anonymous_6)","decl":{"start":{"line":166,"column":23},"end":{"line":166,"column":24}},"loc":{"start":{"line":166,"column":49},"end":{"line":207,"column":3}},"line":166},"7":{"name":"(anonymous_7)","decl":{"start":{"line":214,"column":25},"end":{"line":214,"column":26}},"loc":{"start":{"line":214,"column":51},"end":{"line":255,"column":1}},"line":214}},"branchMap":{"0":{"loc":{"start":{"line":47,"column":6},"end":{"line":49,"column":7}},"type":"if","locations":[{"start":{"line":47,"column":6},"end":{"line":49,"column":7}},{"start":{"line":47,"column":6},"end":{"line":49,"column":7}}],"line":47},"1":{"loc":{"start":{"line":52,"column":10},"end":{"line":54,"column":11}},"type":"if","locations":[{"start":{"line":52,"column":10},"end":{"line":54,"column":11}},{"start":{"line":52,"column":10},"end":{"line":54,"column":11}}],"line":52},"2":{"loc":{"start":{"line":52,"column":14},"end":{"line":52,"column":26}},"type":"binary-expr","locations":[{"start":{"line":52,"column":14},"end":{"line":52,"column":17}},{"start":{"line":52,"column":21},"end":{"line":52,"column":26}}],"line":52},"3":{"loc":{"start":{"line":56,"column":12},"end":{"line":58,"column":13}},"type":"if","locations":[{"start":{"line":56,"column":12},"end":{"line":58,"column":13}},{"start":{"line":56,"column":12},"end":{"line":58,"column":13}}],"line":56},"4":{"loc":{"start":{"line":66,"column":10},"end":{"line":68,"column":11}},"type":"if","locations":[{"start":{"line":66,"column":10},"end":{"line":68,"column":11}},{"start":{"line":66,"column":10},"end":{"line":68,"column":11}}],"line":66},"5":{"loc":{"start":{"line":104,"column":6},"end":{"line":128,"column":7}},"type":"if","locations":[{"start":{"line":104,"column":6},"end":{"line":128,"column":7}},{"start":{"line":104,"column":6},"end":{"line":128,"column":7}}],"line":104},"6":{"loc":{"start":{"line":112,"column":8},"end":{"line":113,"column":42}},"type":"if","locations":[{"start":{"line":112,"column":8},"end":{"line":113,"column":42}},{"start":{"line":112,"column":8},"end":{"line":113,"column":42}}],"line":112},"7":{"loc":{"start":{"line":124,"column":8},"end":{"line":126,"column":9}},"type":"if","locations":[{"start":{"line":124,"column":8},"end":{"line":126,"column":9}},{"start":{"line":124,"column":8},"end":{"line":126,"column":9}}],"line":124},"8":{"loc":{"start":{"line":130,"column":6},"end":{"line":132,"column":7}},"type":"if","locations":[{"start":{"line":130,"column":6},"end":{"line":132,"column":7}},{"start":{"line":130,"column":6},"end":{"line":132,"column":7}}],"line":130},"9":{"loc":{"start":{"line":145,"column":6},"end":{"line":156,"column":7}},"type":"if","locations":[{"start":{"line":145,"column":6},"end":{"line":156,"column":7}},{"start":{"line":145,"column":6},"end":{"line":156,"column":7}}],"line":145},"10":{"loc":{"start":{"line":170,"column":6},"end":{"line":203,"column":7}},"type":"if","locations":[{"start":{"line":170,"column":6},"end":{"line":203,"column":7}},{"start":{"line":170,"column":6},"end":{"line":203,"column":7}}],"line":170},"11":{"loc":{"start":{"line":172,"column":8},"end":{"line":174,"column":9}},"type":"if","locations":[{"start":{"line":172,"column":8},"end":{"line":174,"column":9}},{"start":{"line":172,"column":8},"end":{"line":174,"column":9}}],"line":172},"12":{"loc":{"start":{"line":181,"column":6},"end":{"line":183,"column":7}},"type":"if","locations":[{"start":{"line":181,"column":6},"end":{"line":183,"column":7}},{"start":{"line":181,"column":6},"end":{"line":183,"column":7}}],"line":181},"13":{"loc":{"start":{"line":223,"column":4},"end":{"line":251,"column":5}},"type":"if","locations":[{"start":{"line":223,"column":4},"end":{"line":251,"column":5}},{"start":{"line":223,"column":4},"end":{"line":251,"column":5}}],"line":223},"14":{"loc":{"start":{"line":236,"column":6},"end":{"line":238,"column":7}},"type":"if","locations":[{"start":{"line":236,"column":6},"end":{"line":238,"column":7}},{"start":{"line":236,"column":6},"end":{"line":238,"column":7}}],"line":236}},"s":{"0":0,"1":0,"2":0,"3":0,"4":0,"5":0,"6":0,"7":0,"8":0,"9":0,"10":0,"11":0,"12":0,"13":0,"14":0,"15":0,"16":0,"17":0,"18":0,"19":0,"20":0,"21":0,"22":0,"23":0,"24":0,"25":0,"26":0,"27":0,"28":0,"29":0,"30":0,"31":0,"32":0,"33":0,"34":0,"35":0,"36":0,"37":0,"38":0,"39":0,"40":0,"41":0,"42":0,"43":0,"44":0,"45":0,"46":0,"47":0,"48":0,"49":0,"50":0,"51":0,"52":0,"53":0,"54":0,"55":0,"56":0,"57":0,"58":0,"59":0,"60":0,"61":0,"62":0,"63":0,"64":0,"65":0,"66":0,"67":0,"68":0,"69":0,"70":0,"71":0,"72":0,"73":0,"74":0,"75":0,"76":0,"77":0,"78":0,"79":0,"80":0,"81":0,"82":0,"83":0,"84":0,"85":0,"86":0,"87":0,"88":0,"89":0,"90":0,"91":0,"92":0,"93":0,"94":0,"95":0,"96":0,"97":0,"98":0,"99":0,"100":0,"101":0,"102":0,"103":0,"104":0,"105":0,"106":0,"107":0,"108":0,"109":0,"110":0,"111":0},"f":{"0":0,"1":0,"2":0,"3":0,"4":0,"5":0,"6":0,"7":0},"b":{"0":[0,0],"1":[0,0],"2":[0,0],"3":[0,0],"4":[0,0],"5":[0,0],"6":[0,0],"7":[0,0],"8":[0,0],"9":[0,0],"10":[0,0],"11":[0,0],"12":[0,0],"13":[0,0],"14":[0,0]},"all":true},"/Users/cguzman/Developer/PlatziMasterProjects/music_app/back-end/api/components/playlist/controller.js":{"path":"/Users/cguzman/Developer/PlatziMasterProjects/music_app/back-end/api/components/playlist/controller.js","statementMap":{"0":{"start":{"line":1,"column":17},"end":{"line":1,"column":36}},"1":{"start":{"line":2,"column":15},"end":{"line":2,"column":32}},"2":{"start":{"line":4,"column":0},"end":{"line":122,"column":1}},"3":{"start":{"line":5,"column":16},"end":{"line":5,"column":29}},"4":{"start":{"line":6,"column":26},"end":{"line":6,"column":36}},"5":{"start":{"line":7,"column":25},"end":{"line":7,"column":34}},"6":{"start":{"line":10,"column":32},"end":{"line":10,"column":47}},"7":{"start":{"line":11,"column":8},"end":{"line":11,"column":37}},"8":{"start":{"line":12,"column":27},"end":{"line":12,"column":69}},"9":{"start":{"line":13,"column":8},"end":{"line":13,"column":31}},"10":{"start":{"line":17,"column":24},"end":{"line":20,"column":10}},"11":{"start":{"line":21,"column":8},"end":{"line":21,"column":32}},"12":{"start":{"line":25,"column":32},"end":{"line":27,"column":10}},"13":{"start":{"line":28,"column":8},"end":{"line":28,"column":31}},"14":{"start":{"line":32,"column":26},"end":{"line":32,"column":104}},"15":{"start":{"line":33,"column":8},"end":{"line":33,"column":31}},"16":{"start":{"line":37,"column":25},"end":{"line":37,"column":123}},"17":{"start":{"line":38,"column":8},"end":{"line":38,"column":33}},"18":{"start":{"line":42,"column":25},"end":{"line":42,"column":65}},"19":{"start":{"line":43,"column":30},"end":{"line":46,"column":9}},"20":{"start":{"line":47,"column":8},"end":{"line":47,"column":44}},"21":{"start":{"line":48,"column":32},"end":{"line":48,"column":53}},"22":{"start":{"line":49,"column":8},"end":{"line":49,"column":40}},"23":{"start":{"line":53,"column":25},"end":{"line":53,"column":65}},"24":{"start":{"line":54,"column":8},"end":{"line":54,"column":58}},"25":{"start":{"line":55,"column":24},"end":{"line":55,"column":39}},"26":{"start":{"line":56,"column":8},"end":{"line":56,"column":32}},"27":{"start":{"line":60,"column":31},"end":{"line":60,"column":109}},"28":{"start":{"line":61,"column":8},"end":{"line":62,"column":34}},"29":{"start":{"line":62,"column":12},"end":{"line":62,"column":34}},"30":{"start":{"line":64,"column":28},"end":{"line":72,"column":9}},"31":{"start":{"line":73,"column":33},"end":{"line":73,"column":55}},"32":{"start":{"line":74,"column":8},"end":{"line":74,"column":38}},"33":{"start":{"line":75,"column":8},"end":{"line":75,"column":32}},"34":{"start":{"line":79,"column":25},"end":{"line":79,"column":127}},"35":{"start":{"line":80,"column":8},"end":{"line":80,"column":33}},"36":{"start":{"line":84,"column":25},"end":{"line":84,"column":65}},"37":{"start":{"line":85,"column":35},"end":{"line":88,"column":9}},"38":{"start":{"line":89,"column":8},"end":{"line":89,"column":54}},"39":{"start":{"line":90,"column":32},"end":{"line":90,"column":53}},"40":{"start":{"line":91,"column":8},"end":{"line":91,"column":40}},"41":{"start":{"line":95,"column":25},"end":{"line":95,"column":121}},"42":{"start":{"line":96,"column":8},"end":{"line":96,"column":24}},"43":{"start":{"line":100,"column":8},"end":{"line":105,"column":9}},"44":{"start":{"line":101,"column":30},"end":{"line":101,"column":120}},"45":{"start":{"line":102,"column":12},"end":{"line":102,"column":35}},"46":{"start":{"line":104,"column":12},"end":{"line":104,"column":31}},"47":{"start":{"line":108,"column":4},"end":{"line":121,"column":5}}},"fnMap":{"0":{"name":"(anonymous_0)","decl":{"start":{"line":4,"column":17},"end":{"line":4,"column":18}},"loc":{"start":{"line":4,"column":42},"end":{"line":122,"column":1}},"line":4},"1":{"name":"createPlaylist","decl":{"start":{"line":9,"column":19},"end":{"line":9,"column":33}},"loc":{"start":{"line":9,"column":46},"end":{"line":14,"column":5}},"line":9},"2":{"name":"updatePlaylist","decl":{"start":{"line":16,"column":19},"end":{"line":16,"column":33}},"loc":{"start":{"line":16,"column":52},"end":{"line":22,"column":5}},"line":16},"3":{"name":"deletePlaylist","decl":{"start":{"line":24,"column":19},"end":{"line":24,"column":33}},"loc":{"start":{"line":24,"column":46},"end":{"line":29,"column":5}},"line":24},"4":{"name":"getPlaylists","decl":{"start":{"line":31,"column":19},"end":{"line":31,"column":31}},"loc":{"start":{"line":31,"column":40},"end":{"line":34,"column":5}},"line":31},"5":{"name":"getPlaylist","decl":{"start":{"line":36,"column":19},"end":{"line":36,"column":30}},"loc":{"start":{"line":36,"column":51},"end":{"line":39,"column":5}},"line":36},"6":{"name":"addPlaylistTrack","decl":{"start":{"line":41,"column":19},"end":{"line":41,"column":35}},"loc":{"start":{"line":41,"column":55},"end":{"line":50,"column":5}},"line":41},"7":{"name":"deletePlaylistTrack","decl":{"start":{"line":52,"column":19},"end":{"line":52,"column":38}},"loc":{"start":{"line":52,"column":68},"end":{"line":57,"column":5}},"line":52},"8":{"name":"createFavPlaylist","decl":{"start":{"line":59,"column":19},"end":{"line":59,"column":36}},"loc":{"start":{"line":59,"column":43},"end":{"line":76,"column":5}},"line":59},"9":{"name":"getFavorites","decl":{"start":{"line":78,"column":19},"end":{"line":78,"column":31}},"loc":{"start":{"line":78,"column":40},"end":{"line":81,"column":5}},"line":78},"10":{"name":"subscribe","decl":{"start":{"line":83,"column":19},"end":{"line":83,"column":28}},"loc":{"start":{"line":83,"column":48},"end":{"line":92,"column":5}},"line":83},"11":{"name":"unsubscribe","decl":{"start":{"line":94,"column":19},"end":{"line":94,"column":30}},"loc":{"start":{"line":94,"column":51},"end":{"line":97,"column":5}},"line":94},"12":{"name":"searchPlaylists","decl":{"start":{"line":99,"column":19},"end":{"line":99,"column":34}},"loc":{"start":{"line":99,"column":43},"end":{"line":106,"column":5}},"line":99}},"branchMap":{"0":{"loc":{"start":{"line":21,"column":15},"end":{"line":21,"column":31}},"type":"binary-expr","locations":[{"start":{"line":21,"column":15},"end":{"line":21,"column":22}},{"start":{"line":21,"column":26},"end":{"line":21,"column":31}}],"line":21},"1":{"loc":{"start":{"line":33,"column":15},"end":{"line":33,"column":30}},"type":"binary-expr","locations":[{"start":{"line":33,"column":15},"end":{"line":33,"column":24}},{"start":{"line":33,"column":28},"end":{"line":33,"column":30}}],"line":33},"2":{"loc":{"start":{"line":38,"column":15},"end":{"line":38,"column":32}},"type":"binary-expr","locations":[{"start":{"line":38,"column":15},"end":{"line":38,"column":23}},{"start":{"line":38,"column":27},"end":{"line":38,"column":32}}],"line":38},"3":{"loc":{"start":{"line":49,"column":15},"end":{"line":49,"column":39}},"type":"binary-expr","locations":[{"start":{"line":49,"column":15},"end":{"line":49,"column":30}},{"start":{"line":49,"column":34},"end":{"line":49,"column":39}}],"line":49},"4":{"loc":{"start":{"line":56,"column":15},"end":{"line":56,"column":31}},"type":"binary-expr","locations":[{"start":{"line":56,"column":15},"end":{"line":56,"column":22}},{"start":{"line":56,"column":26},"end":{"line":56,"column":31}}],"line":56},"5":{"loc":{"start":{"line":61,"column":8},"end":{"line":62,"column":34}},"type":"if","locations":[{"start":{"line":61,"column":8},"end":{"line":62,"column":34}},{"start":{"line":61,"column":8},"end":{"line":62,"column":34}}],"line":61},"6":{"loc":{"start":{"line":80,"column":15},"end":{"line":80,"column":32}},"type":"binary-expr","locations":[{"start":{"line":80,"column":15},"end":{"line":80,"column":23}},{"start":{"line":80,"column":27},"end":{"line":80,"column":32}}],"line":80},"7":{"loc":{"start":{"line":91,"column":15},"end":{"line":91,"column":39}},"type":"binary-expr","locations":[{"start":{"line":91,"column":15},"end":{"line":91,"column":30}},{"start":{"line":91,"column":34},"end":{"line":91,"column":39}}],"line":91},"8":{"loc":{"start":{"line":102,"column":19},"end":{"line":102,"column":34}},"type":"binary-expr","locations":[{"start":{"line":102,"column":19},"end":{"line":102,"column":28}},{"start":{"line":102,"column":32},"end":{"line":102,"column":34}}],"line":102}},"s":{"0":0,"1":0,"2":0,"3":0,"4":0,"5":0,"6":0,"7":0,"8":0,"9":0,"10":0,"11":0,"12":0,"13":0,"14":0,"15":0,"16":0,"17":0,"18":0,"19":0,"20":0,"21":0,"22":0,"23":0,"24":0,"25":0,"26":0,"27":0,"28":0,"29":0,"30":0,"31":0,"32":0,"33":0,"34":0,"35":0,"36":0,"37":0,"38":0,"39":0,"40":0,"41":0,"42":0,"43":0,"44":0,"45":0,"46":0,"47":0},"f":{"0":0,"1":0,"2":0,"3":0,"4":0,"5":0,"6":0,"7":0,"8":0,"9":0,"10":0,"11":0,"12":0},"b":{"0":[0,0],"1":[0,0],"2":[0,0],"3":[0,0],"4":[0,0],"5":[0,0],"6":[0,0],"7":[0,0],"8":[0,0]},"all":true},"/Users/cguzman/Developer/PlatziMasterProjects/music_app/back-end/api/components/playlist/routes.js":{"path":"/Users/cguzman/Developer/PlatziMasterProjects/music_app/back-end/api/components/playlist/routes.js","statementMap":{"0":{"start":{"line":1,"column":19},"end":{"line":1,"column":37}},"1":{"start":{"line":2,"column":15},"end":{"line":2,"column":23}},"2":{"start":{"line":3,"column":17},"end":{"line":3,"column":36}},"3":{"start":{"line":5,"column":24},"end":{"line":5,"column":44}},"4":{"start":{"line":7,"column":32},"end":{"line":7,"column":92}},"5":{"start":{"line":8,"column":34},"end":{"line":8,"column":96}},"6":{"start":{"line":11,"column":0},"end":{"line":11,"column":46}},"7":{"start":{"line":14,"column":28},"end":{"line":14,"column":50}},"8":{"start":{"line":15,"column":4},"end":{"line":15,"column":37}},"9":{"start":{"line":17,"column":4},"end":{"line":20,"column":40}},"10":{"start":{"line":21,"column":4},"end":{"line":24,"column":40}},"11":{"start":{"line":25,"column":4},"end":{"line":29,"column":40}},"12":{"start":{"line":30,"column":4},"end":{"line":33,"column":38}},"13":{"start":{"line":34,"column":4},"end":{"line":38,"column":37}},"14":{"start":{"line":39,"column":4},"end":{"line":43,"column":42}},"15":{"start":{"line":44,"column":4},"end":{"line":49,"column":45}},"16":{"start":{"line":50,"column":4},"end":{"line":53,"column":38}},"17":{"start":{"line":54,"column":4},"end":{"line":58,"column":35}},"18":{"start":{"line":59,"column":4},"end":{"line":63,"column":37}},"19":{"start":{"line":66,"column":0},"end":{"line":66,"column":32}}},"fnMap":{"0":{"name":"playlistRoutes","decl":{"start":{"line":13,"column":9},"end":{"line":13,"column":23}},"loc":{"start":{"line":13,"column":36},"end":{"line":64,"column":1}},"line":13}},"branchMap":{},"s":{"0":0,"1":0,"2":0,"3":0,"4":0,"5":0,"6":0,"7":0,"8":0,"9":0,"10":0,"11":0,"12":0,"13":0,"14":0,"15":0,"16":0,"17":0,"18":0,"19":0},"f":{"0":0},"b":{},"all":true},"/Users/cguzman/Developer/PlatziMasterProjects/music_app/back-end/api/components/playlist/service.js":{"path":"/Users/cguzman/Developer/PlatziMasterProjects/music_app/back-end/api/components/playlist/service.js","statementMap":{"0":{"start":{"line":1,"column":13},"end":{"line":1,"column":28}},"1":{"start":{"line":3,"column":17},"end":{"line":3,"column":51}},"2":{"start":{"line":4,"column":19},"end":{"line":4,"column":42}},"3":{"start":{"line":5,"column":23},"end":{"line":5,"column":52}},"4":{"start":{"line":6,"column":18},"end":{"line":6,"column":50}},"5":{"start":{"line":11,"column":16},"end":{"line":11,"column":29}},"6":{"start":{"line":12,"column":23},"end":{"line":12,"column":40}},"7":{"start":{"line":14,"column":25},"end":{"line":22,"column":5}},"8":{"start":{"line":15,"column":8},"end":{"line":21,"column":9}},"9":{"start":{"line":16,"column":25},"end":{"line":16,"column":38}},"10":{"start":{"line":17,"column":30},"end":{"line":17,"column":69}},"11":{"start":{"line":18,"column":12},"end":{"line":18,"column":55}},"12":{"start":{"line":20,"column":12},"end":{"line":20,"column":59}},"13":{"start":{"line":24,"column":24},"end":{"line":40,"column":5}},"14":{"start":{"line":25,"column":27},"end":{"line":25,"column":30}},"15":{"start":{"line":26,"column":21},"end":{"line":26,"column":34}},"16":{"start":{"line":27,"column":8},"end":{"line":39,"column":9}},"17":{"start":{"line":28,"column":29},"end":{"line":28,"column":86}},"18":{"start":{"line":29,"column":12},"end":{"line":36,"column":13}},"19":{"start":{"line":30,"column":16},"end":{"line":30,"column":58}},"20":{"start":{"line":32,"column":16},"end":{"line":35,"column":25}},"21":{"start":{"line":38,"column":12},"end":{"line":38,"column":59}},"22":{"start":{"line":42,"column":27},"end":{"line":51,"column":5}},"23":{"start":{"line":43,"column":31},"end":{"line":43,"column":34}},"24":{"start":{"line":44,"column":21},"end":{"line":44,"column":34}},"25":{"start":{"line":45,"column":8},"end":{"line":50,"column":9}},"26":{"start":{"line":46,"column":36},"end":{"line":46,"column":83}},"27":{"start":{"line":47,"column":12},"end":{"line":47,"column":61}},"28":{"start":{"line":49,"column":12},"end":{"line":49,"column":59}},"29":{"start":{"line":53,"column":27},"end":{"line":66,"column":5}},"30":{"start":{"line":54,"column":27},"end":{"line":54,"column":30}},"31":{"start":{"line":55,"column":31},"end":{"line":55,"column":34}},"32":{"start":{"line":56,"column":8},"end":{"line":65,"column":9}},"33":{"start":{"line":57,"column":36},"end":{"line":57,"column":92}},"34":{"start":{"line":58,"column":12},"end":{"line":61,"column":21}},"35":{"start":{"line":58,"column":34},"end":{"line":61,"column":21}},"36":{"start":{"line":62,"column":12},"end":{"line":62,"column":61}},"37":{"start":{"line":64,"column":12},"end":{"line":64,"column":59}},"38":{"start":{"line":68,"column":27},"end":{"line":80,"column":5}},"39":{"start":{"line":69,"column":27},"end":{"line":69,"column":30}},"40":{"start":{"line":70,"column":8},"end":{"line":79,"column":9}},"41":{"start":{"line":71,"column":36},"end":{"line":71,"column":86}},"42":{"start":{"line":72,"column":12},"end":{"line":75,"column":21}},"43":{"start":{"line":72,"column":34},"end":{"line":75,"column":21}},"44":{"start":{"line":76,"column":12},"end":{"line":76,"column":61}},"45":{"start":{"line":78,"column":12},"end":{"line":78,"column":59}},"46":{"start":{"line":82,"column":29},"end":{"line":101,"column":5}},"47":{"start":{"line":83,"column":31},"end":{"line":83,"column":41}},"48":{"start":{"line":84,"column":31},"end":{"line":84,"column":34}},"49":{"start":{"line":85,"column":8},"end":{"line":100,"column":9}},"50":{"start":{"line":86,"column":34},"end":{"line":86,"column":74}},"51":{"start":{"line":87,"column":12},"end":{"line":91,"column":25}},"52":{"start":{"line":88,"column":16},"end":{"line":91,"column":25}},"53":{"start":{"line":93,"column":12},"end":{"line":93,"column":40}},"54":{"start":{"line":95,"column":31},"end":{"line":95,"column":90}},"55":{"start":{"line":97,"column":12},"end":{"line":97,"column":56}},"56":{"start":{"line":99,"column":12},"end":{"line":99,"column":59}},"57":{"start":{"line":103,"column":32},"end":{"line":115,"column":5}},"58":{"start":{"line":104,"column":40},"end":{"line":104,"column":50}},"59":{"start":{"line":105,"column":8},"end":{"line":114,"column":9}},"60":{"start":{"line":106,"column":32},"end":{"line":106,"column":89}},"61":{"start":{"line":107,"column":12},"end":{"line":110,"column":21}},"62":{"start":{"line":107,"column":30},"end":{"line":110,"column":21}},"63":{"start":{"line":111,"column":12},"end":{"line":111,"column":57}},"64":{"start":{"line":113,"column":12},"end":{"line":113,"column":59}},"65":{"start":{"line":117,"column":30},"end":{"line":132,"column":5}},"66":{"start":{"line":118,"column":31},"end":{"line":118,"column":56}},"67":{"start":{"line":119,"column":8},"end":{"line":131,"column":9}},"68":{"start":{"line":120,"column":25},"end":{"line":120,"column":70}},"69":{"start":{"line":121,"column":12},"end":{"line":122,"column":74}},"70":{"start":{"line":122,"column":16},"end":{"line":122,"column":74}},"71":{"start":{"line":124,"column":37},"end":{"line":124,"column":77}},"72":{"start":{"line":125,"column":12},"end":{"line":126,"column":90}},"73":{"start":{"line":126,"column":16},"end":{"line":126,"column":90}},"74":{"start":{"line":128,"column":12},"end":{"line":128,"column":36}},"75":{"start":{"line":130,"column":12},"end":{"line":130,"column":59}},"76":{"start":{"line":134,"column":25},"end":{"line":149,"column":5}},"77":{"start":{"line":135,"column":21},"end":{"line":135,"column":34}},"78":{"start":{"line":136,"column":8},"end":{"line":136,"column":53}},"79":{"start":{"line":137,"column":8},"end":{"line":148,"column":9}},"80":{"start":{"line":138,"column":29},"end":{"line":138,"column":68}},"81":{"start":{"line":139,"column":12},"end":{"line":145,"column":58}},"82":{"start":{"line":140,"column":16},"end":{"line":143,"column":25}},"83":{"start":{"line":145,"column":16},"end":{"line":145,"column":58}},"84":{"start":{"line":147,"column":12},"end":{"line":147,"column":59}},"85":{"start":{"line":151,"column":22},"end":{"line":166,"column":5}},"86":{"start":{"line":152,"column":27},"end":{"line":152,"column":30}},"87":{"start":{"line":153,"column":21},"end":{"line":153,"column":34}},"88":{"start":{"line":154,"column":8},"end":{"line":165,"column":9}},"89":{"start":{"line":155,"column":30},"end":{"line":155,"column":85}},"90":{"start":{"line":156,"column":12},"end":{"line":160,"column":25}},"91":{"start":{"line":157,"column":16},"end":{"line":160,"column":25}},"92":{"start":{"line":162,"column":12},"end":{"line":162,"column":55}},"93":{"start":{"line":164,"column":12},"end":{"line":164,"column":59}},"94":{"start":{"line":168,"column":24},"end":{"line":183,"column":5}},"95":{"start":{"line":169,"column":27},"end":{"line":169,"column":30}},"96":{"start":{"line":170,"column":21},"end":{"line":170,"column":34}},"97":{"start":{"line":171,"column":8},"end":{"line":182,"column":9}},"98":{"start":{"line":172,"column":32},"end":{"line":172,"column":89}},"99":{"start":{"line":173,"column":12},"end":{"line":177,"column":25}},"100":{"start":{"line":174,"column":16},"end":{"line":177,"column":25}},"101":{"start":{"line":179,"column":12},"end":{"line":179,"column":57}},"102":{"start":{"line":181,"column":12},"end":{"line":181,"column":59}},"103":{"start":{"line":185,"column":4},"end":{"line":197,"column":5}},"104":{"start":{"line":200,"column":0},"end":{"line":200,"column":33}}},"fnMap":{"0":{"name":"playlistService","decl":{"start":{"line":9,"column":9},"end":{"line":9,"column":24}},"loc":{"start":{"line":9,"column":40},"end":{"line":198,"column":1}},"line":9},"1":{"name":"(anonymous_1)","decl":{"start":{"line":14,"column":25},"end":{"line":14,"column":26}},"loc":{"start":{"line":14,"column":51},"end":{"line":22,"column":5}},"line":14},"2":{"name":"(anonymous_2)","decl":{"start":{"line":24,"column":24},"end":{"line":24,"column":25}},"loc":{"start":{"line":24,"column":50},"end":{"line":40,"column":5}},"line":24},"3":{"name":"(anonymous_3)","decl":{"start":{"line":42,"column":27},"end":{"line":42,"column":28}},"loc":{"start":{"line":42,"column":53},"end":{"line":51,"column":5}},"line":42},"4":{"name":"(anonymous_4)","decl":{"start":{"line":53,"column":27},"end":{"line":53,"column":28}},"loc":{"start":{"line":53,"column":53},"end":{"line":66,"column":5}},"line":53},"5":{"name":"(anonymous_5)","decl":{"start":{"line":68,"column":27},"end":{"line":68,"column":28}},"loc":{"start":{"line":68,"column":53},"end":{"line":80,"column":5}},"line":68},"6":{"name":"(anonymous_6)","decl":{"start":{"line":82,"column":29},"end":{"line":82,"column":30}},"loc":{"start":{"line":82,"column":55},"end":{"line":101,"column":5}},"line":82},"7":{"name":"(anonymous_7)","decl":{"start":{"line":103,"column":32},"end":{"line":103,"column":33}},"loc":{"start":{"line":103,"column":58},"end":{"line":115,"column":5}},"line":103},"8":{"name":"(anonymous_8)","decl":{"start":{"line":117,"column":30},"end":{"line":117,"column":31}},"loc":{"start":{"line":117,"column":48},"end":{"line":132,"column":5}},"line":117},"9":{"name":"(anonymous_9)","decl":{"start":{"line":134,"column":25},"end":{"line":134,"column":26}},"loc":{"start":{"line":134,"column":51},"end":{"line":149,"column":5}},"line":134},"10":{"name":"(anonymous_10)","decl":{"start":{"line":151,"column":22},"end":{"line":151,"column":23}},"loc":{"start":{"line":151,"column":48},"end":{"line":166,"column":5}},"line":151},"11":{"name":"(anonymous_11)","decl":{"start":{"line":168,"column":24},"end":{"line":168,"column":25}},"loc":{"start":{"line":168,"column":50},"end":{"line":183,"column":5}},"line":168}},"branchMap":{"0":{"loc":{"start":{"line":29,"column":12},"end":{"line":36,"column":13}},"type":"if","locations":[{"start":{"line":29,"column":12},"end":{"line":36,"column":13}},{"start":{"line":29,"column":12},"end":{"line":36,"column":13}}],"line":29},"1":{"loc":{"start":{"line":58,"column":12},"end":{"line":61,"column":21}},"type":"if","locations":[{"start":{"line":58,"column":12},"end":{"line":61,"column":21}},{"start":{"line":58,"column":12},"end":{"line":61,"column":21}}],"line":58},"2":{"loc":{"start":{"line":72,"column":12},"end":{"line":75,"column":21}},"type":"if","locations":[{"start":{"line":72,"column":12},"end":{"line":75,"column":21}},{"start":{"line":72,"column":12},"end":{"line":75,"column":21}}],"line":72},"3":{"loc":{"start":{"line":87,"column":12},"end":{"line":91,"column":25}},"type":"if","locations":[{"start":{"line":87,"column":12},"end":{"line":91,"column":25}},{"start":{"line":87,"column":12},"end":{"line":91,"column":25}}],"line":87},"4":{"loc":{"start":{"line":107,"column":12},"end":{"line":110,"column":21}},"type":"if","locations":[{"start":{"line":107,"column":12},"end":{"line":110,"column":21}},{"start":{"line":107,"column":12},"end":{"line":110,"column":21}}],"line":107},"5":{"loc":{"start":{"line":121,"column":12},"end":{"line":122,"column":74}},"type":"if","locations":[{"start":{"line":121,"column":12},"end":{"line":122,"column":74}},{"start":{"line":121,"column":12},"end":{"line":122,"column":74}}],"line":121},"6":{"loc":{"start":{"line":125,"column":12},"end":{"line":126,"column":90}},"type":"if","locations":[{"start":{"line":125,"column":12},"end":{"line":126,"column":90}},{"start":{"line":125,"column":12},"end":{"line":126,"column":90}}],"line":125},"7":{"loc":{"start":{"line":139,"column":12},"end":{"line":145,"column":58}},"type":"if","locations":[{"start":{"line":139,"column":12},"end":{"line":145,"column":58}},{"start":{"line":139,"column":12},"end":{"line":145,"column":58}}],"line":139},"8":{"loc":{"start":{"line":156,"column":12},"end":{"line":160,"column":25}},"type":"if","locations":[{"start":{"line":156,"column":12},"end":{"line":160,"column":25}},{"start":{"line":156,"column":12},"end":{"line":160,"column":25}}],"line":156},"9":{"loc":{"start":{"line":173,"column":12},"end":{"line":177,"column":25}},"type":"if","locations":[{"start":{"line":173,"column":12},"end":{"line":177,"column":25}},{"start":{"line":173,"column":12},"end":{"line":177,"column":25}}],"line":173}},"s":{"0":0,"1":0,"2":0,"3":0,"4":0,"5":0,"6":0,"7":0,"8":0,"9":0,"10":0,"11":0,"12":0,"13":0,"14":0,"15":0,"16":0,"17":0,"18":0,"19":0,"20":0,"21":0,"22":0,"23":0,"24":0,"25":0,"26":0,"27":0,"28":0,"29":0,"30":0,"31":0,"32":0,"33":0,"34":0,"35":0,"36":0,"37":0,"38":0,"39":0,"40":0,"41":0,"42":0,"43":0,"44":0,"45":0,"46":0,"47":0,"48":0,"49":0,"50":0,"51":0,"52":0,"53":0,"54":0,"55":0,"56":0,"57":0,"58":0,"59":0,"60":0,"61":0,"62":0,"63":0,"64":0,"65":0,"66":0,"67":0,"68":0,"69":0,"70":0,"71":0,"72":0,"73":0,"74":0,"75":0,"76":0,"77":0,"78":0,"79":0,"80":0,"81":0,"82":0,"83":0,"84":0,"85":0,"86":0,"87":0,"88":0,"89":0,"90":0,"91":0,"92":0,"93":0,"94":0,"95":0,"96":0,"97":0,"98":0,"99":0,"100":0,"101":0,"102":0,"103":0,"104":0},"f":{"0":0,"1":0,"2":0,"3":0,"4":0,"5":0,"6":0,"7":0,"8":0,"9":0,"10":0,"11":0},"b":{"0":[0,0],"1":[0,0],"2":[0,0],"3":[0,0],"4":[0,0],"5":[0,0],"6":[0,0],"7":[0,0],"8":[0,0],"9":[0,0]},"all":true},"/Users/cguzman/Developer/PlatziMasterProjects/music_app/back-end/api/components/searchHistory/controller.js":{"path":"/Users/cguzman/Developer/PlatziMasterProjects/music_app/back-end/api/components/searchHistory/controller.js","statementMap":{"0":{"start":{"line":1,"column":15},"end":{"line":1,"column":32}},"1":{"start":{"line":4,"column":15},"end":{"line":4,"column":49}},"2":{"start":{"line":5,"column":14},"end":{"line":5,"column":47}},"3":{"start":{"line":6,"column":17},"end":{"line":6,"column":53}},"4":{"start":{"line":9,"column":25},"end":{"line":9,"column":56}},"5":{"start":{"line":10,"column":24},"end":{"line":10,"column":54}},"6":{"start":{"line":11,"column":27},"end":{"line":11,"column":60}},"7":{"start":{"line":13,"column":0},"end":{"line":72,"column":1}},"8":{"start":{"line":14,"column":16},"end":{"line":14,"column":29}},"9":{"start":{"line":19,"column":8},"end":{"line":19,"column":52}},"10":{"start":{"line":20,"column":31},"end":{"line":20,"column":79}},"11":{"start":{"line":23,"column":8},"end":{"line":23,"column":49}},"12":{"start":{"line":24,"column":30},"end":{"line":24,"column":76}},"13":{"start":{"line":27,"column":8},"end":{"line":27,"column":58}},"14":{"start":{"line":28,"column":33},"end":{"line":28,"column":85}},"15":{"start":{"line":30,"column":23},"end":{"line":39,"column":9}},"16":{"start":{"line":41,"column":8},"end":{"line":41,"column":47}},"17":{"start":{"line":45,"column":24},"end":{"line":45,"column":39}},"18":{"start":{"line":46,"column":8},"end":{"line":46,"column":29}},"19":{"start":{"line":47,"column":8},"end":{"line":47,"column":23}},"20":{"start":{"line":51,"column":28},"end":{"line":54,"column":34}},"21":{"start":{"line":55,"column":8},"end":{"line":55,"column":33}},"22":{"start":{"line":59,"column":27},"end":{"line":63,"column":10}},"23":{"start":{"line":64,"column":8},"end":{"line":64,"column":26}},"24":{"start":{"line":67,"column":4},"end":{"line":71,"column":5}}},"fnMap":{"0":{"name":"(anonymous_0)","decl":{"start":{"line":13,"column":17},"end":{"line":13,"column":18}},"loc":{"start":{"line":13,"column":42},"end":{"line":72,"column":1}},"line":13},"1":{"name":"search","decl":{"start":{"line":16,"column":19},"end":{"line":16,"column":25}},"loc":{"start":{"line":16,"column":44},"end":{"line":42,"column":5}},"line":16},"2":{"name":"saveSearchHistory","decl":{"start":{"line":44,"column":19},"end":{"line":44,"column":36}},"loc":{"start":{"line":44,"column":43},"end":{"line":48,"column":5}},"line":44},"3":{"name":"getLastSearchs","decl":{"start":{"line":50,"column":19},"end":{"line":50,"column":33}},"loc":{"start":{"line":50,"column":40},"end":{"line":56,"column":5}},"line":50},"4":{"name":"getTopSearches","decl":{"start":{"line":58,"column":19},"end":{"line":58,"column":33}},"loc":{"start":{"line":58,"column":36},"end":{"line":65,"column":5}},"line":58}},"branchMap":{"0":{"loc":{"start":{"line":55,"column":15},"end":{"line":55,"column":32}},"type":"binary-expr","locations":[{"start":{"line":55,"column":15},"end":{"line":55,"column":26}},{"start":{"line":55,"column":30},"end":{"line":55,"column":32}}],"line":55}},"s":{"0":0,"1":0,"2":0,"3":0,"4":0,"5":0,"6":0,"7":0,"8":0,"9":0,"10":0,"11":0,"12":0,"13":0,"14":0,"15":0,"16":0,"17":0,"18":0,"19":0,"20":0,"21":0,"22":0,"23":0,"24":0},"f":{"0":0,"1":0,"2":0,"3":0,"4":0},"b":{"0":[0,0]},"all":true},"/Users/cguzman/Developer/PlatziMasterProjects/music_app/back-end/api/components/searchHistory/routes.js":{"path":"/Users/cguzman/Developer/PlatziMasterProjects/music_app/back-end/api/components/searchHistory/routes.js","statementMap":{"0":{"start":{"line":1,"column":19},"end":{"line":1,"column":37}},"1":{"start":{"line":2,"column":15},"end":{"line":2,"column":23}},"2":{"start":{"line":3,"column":17},"end":{"line":3,"column":36}},"3":{"start":{"line":5,"column":29},"end":{"line":5,"column":49}},"4":{"start":{"line":7,"column":32},"end":{"line":7,"column":92}},"5":{"start":{"line":10,"column":33},"end":{"line":10,"column":60}},"6":{"start":{"line":11,"column":4},"end":{"line":11,"column":35}},"7":{"start":{"line":13,"column":4},"end":{"line":17,"column":6}},"8":{"start":{"line":19,"column":4},"end":{"line":23,"column":6}},"9":{"start":{"line":25,"column":4},"end":{"line":29,"column":6}},"10":{"start":{"line":32,"column":0},"end":{"line":32,"column":37}}},"fnMap":{"0":{"name":"searchHistoryRoutes","decl":{"start":{"line":9,"column":9},"end":{"line":9,"column":28}},"loc":{"start":{"line":9,"column":41},"end":{"line":30,"column":1}},"line":9}},"branchMap":{},"s":{"0":0,"1":0,"2":0,"3":0,"4":0,"5":0,"6":0,"7":0,"8":0,"9":0,"10":0},"f":{"0":0},"b":{},"all":true},"/Users/cguzman/Developer/PlatziMasterProjects/music_app/back-end/api/components/searchHistory/service.js":{"path":"/Users/cguzman/Developer/PlatziMasterProjects/music_app/back-end/api/components/searchHistory/service.js","statementMap":{"0":{"start":{"line":1,"column":17},"end":{"line":1,"column":51}},"1":{"start":{"line":2,"column":19},"end":{"line":2,"column":42}},"2":{"start":{"line":3,"column":13},"end":{"line":3,"column":28}},"3":{"start":{"line":6,"column":16},"end":{"line":6,"column":29}},"4":{"start":{"line":7,"column":23},"end":{"line":7,"column":40}},"5":{"start":{"line":9,"column":19},"end":{"line":18,"column":5}},"6":{"start":{"line":10,"column":27},"end":{"line":10,"column":30}},"7":{"start":{"line":11,"column":21},"end":{"line":11,"column":34}},"8":{"start":{"line":12,"column":8},"end":{"line":17,"column":9}},"9":{"start":{"line":13,"column":33},"end":{"line":13,"column":85}},"10":{"start":{"line":14,"column":12},"end":{"line":14,"column":58}},"11":{"start":{"line":16,"column":12},"end":{"line":16,"column":59}},"12":{"start":{"line":20,"column":25},"end":{"line":28,"column":5}},"13":{"start":{"line":21,"column":21},"end":{"line":21,"column":34}},"14":{"start":{"line":22,"column":8},"end":{"line":27,"column":9}},"15":{"start":{"line":23,"column":32},"end":{"line":23,"column":73}},"16":{"start":{"line":24,"column":12},"end":{"line":24,"column":57}},"17":{"start":{"line":26,"column":12},"end":{"line":26,"column":59}},"18":{"start":{"line":30,"column":24},"end":{"line":37,"column":5}},"19":{"start":{"line":31,"column":8},"end":{"line":36,"column":9}},"20":{"start":{"line":32,"column":31},"end":{"line":32,"column":64}},"21":{"start":{"line":33,"column":12},"end":{"line":33,"column":56}},"22":{"start":{"line":35,"column":12},"end":{"line":35,"column":59}},"23":{"start":{"line":39,"column":4},"end":{"line":43,"column":5}},"24":{"start":{"line":46,"column":0},"end":{"line":46,"column":38}}},"fnMap":{"0":{"name":"searchHistoryService","decl":{"start":{"line":5,"column":9},"end":{"line":5,"column":29}},"loc":{"start":{"line":5,"column":45},"end":{"line":44,"column":1}},"line":5},"1":{"name":"(anonymous_1)","decl":{"start":{"line":9,"column":19},"end":{"line":9,"column":20}},"loc":{"start":{"line":9,"column":45},"end":{"line":18,"column":5}},"line":9},"2":{"name":"(anonymous_2)","decl":{"start":{"line":20,"column":25},"end":{"line":20,"column":26}},"loc":{"start":{"line":20,"column":51},"end":{"line":28,"column":5}},"line":20},"3":{"name":"(anonymous_3)","decl":{"start":{"line":30,"column":24},"end":{"line":30,"column":25}},"loc":{"start":{"line":30,"column":50},"end":{"line":37,"column":5}},"line":30}},"branchMap":{},"s":{"0":0,"1":0,"2":0,"3":0,"4":0,"5":0,"6":0,"7":0,"8":0,"9":0,"10":0,"11":0,"12":0,"13":0,"14":0,"15":0,"16":0,"17":0,"18":0,"19":0,"20":0,"21":0,"22":0,"23":0,"24":0},"f":{"0":0,"1":0,"2":0,"3":0},"b":{},"all":true},"/Users/cguzman/Developer/PlatziMasterProjects/music_app/back-end/api/components/spotPlaylist/controller.js":{"path":"/Users/cguzman/Developer/PlatziMasterProjects/music_app/back-end/api/components/spotPlaylist/controller.js","statementMap":{"0":{"start":{"line":1,"column":0},"end":{"line":13,"column":1}},"1":{"start":{"line":2,"column":16},"end":{"line":2,"column":29}},"2":{"start":{"line":5,"column":33},"end":{"line":5,"column":70}},"3":{"start":{"line":6,"column":8},"end":{"line":6,"column":38}},"4":{"start":{"line":9,"column":4},"end":{"line":11,"column":5}}},"fnMap":{"0":{"name":"(anonymous_0)","decl":{"start":{"line":1,"column":17},"end":{"line":1,"column":18}},"loc":{"start":{"line":1,"column":42},"end":{"line":13,"column":1}},"line":1},"1":{"name":"getUnprocessedSpots","decl":{"start":{"line":4,"column":19},"end":{"line":4,"column":38}},"loc":{"start":{"line":4,"column":41},"end":{"line":7,"column":5}},"line":4}},"branchMap":{"0":{"loc":{"start":{"line":6,"column":15},"end":{"line":6,"column":37}},"type":"binary-expr","locations":[{"start":{"line":6,"column":15},"end":{"line":6,"column":31}},{"start":{"line":6,"column":35},"end":{"line":6,"column":37}}],"line":6}},"s":{"0":0,"1":0,"2":0,"3":0,"4":0},"f":{"0":0,"1":0},"b":{"0":[0,0]},"all":true},"/Users/cguzman/Developer/PlatziMasterProjects/music_app/back-end/api/components/spotPlaylist/index.js":{"path":"/Users/cguzman/Developer/PlatziMasterProjects/music_app/back-end/api/components/spotPlaylist/index.js","statementMap":{"0":{"start":{"line":1,"column":14},"end":{"line":1,"column":54}},"1":{"start":{"line":2,"column":19},"end":{"line":2,"column":42}},"2":{"start":{"line":4,"column":0},"end":{"line":4,"column":35}}},"fnMap":{},"branchMap":{},"s":{"0":0,"1":0,"2":0},"f":{},"b":{},"all":true},"/Users/cguzman/Developer/PlatziMasterProjects/music_app/back-end/api/components/track/controller.js":{"path":"/Users/cguzman/Developer/PlatziMasterProjects/music_app/back-end/api/components/track/controller.js","statementMap":{"0":{"start":{"line":1,"column":0},"end":{"line":57,"column":1}},"1":{"start":{"line":2,"column":14},"end":{"line":2,"column":27}},"2":{"start":{"line":3,"column":20},"end":{"line":3,"column":22}},"3":{"start":{"line":6,"column":20},"end":{"line":6,"column":35}},"4":{"start":{"line":7,"column":4},"end":{"line":7,"column":25}},"5":{"start":{"line":8,"column":4},"end":{"line":8,"column":19}},"6":{"start":{"line":12,"column":20},"end":{"line":15,"column":6}},"7":{"start":{"line":16,"column":4},"end":{"line":16,"column":28}},"8":{"start":{"line":20,"column":28},"end":{"line":22,"column":6}},"9":{"start":{"line":23,"column":4},"end":{"line":23,"column":27}},"10":{"start":{"line":27,"column":17},"end":{"line":27,"column":39}},"11":{"start":{"line":28,"column":19},"end":{"line":28,"column":65}},"12":{"start":{"line":29,"column":18},"end":{"line":29,"column":46}},"13":{"start":{"line":30,"column":30},"end":{"line":34,"column":5}},"14":{"start":{"line":35,"column":4},"end":{"line":35,"column":35}},"15":{"start":{"line":39,"column":18},"end":{"line":39,"column":49}},"16":{"start":{"line":40,"column":4},"end":{"line":40,"column":26}},"17":{"start":{"line":44,"column":19},"end":{"line":44,"column":81}},"18":{"start":{"line":45,"column":4},"end":{"line":45,"column":24}},"19":{"start":{"line":49,"column":2},"end":{"line":56,"column":3}}},"fnMap":{"0":{"name":"(anonymous_0)","decl":{"start":{"line":1,"column":17},"end":{"line":1,"column":18}},"loc":{"start":{"line":1,"column":42},"end":{"line":57,"column":1}},"line":1},"1":{"name":"createTrack","decl":{"start":{"line":5,"column":17},"end":{"line":5,"column":28}},"loc":{"start":{"line":5,"column":35},"end":{"line":9,"column":3}},"line":5},"2":{"name":"updateTrack","decl":{"start":{"line":11,"column":17},"end":{"line":11,"column":28}},"loc":{"start":{"line":11,"column":44},"end":{"line":17,"column":3}},"line":11},"3":{"name":"deleteTrack","decl":{"start":{"line":19,"column":17},"end":{"line":19,"column":28}},"loc":{"start":{"line":19,"column":38},"end":{"line":24,"column":3}},"line":19},"4":{"name":"getTracks","decl":{"start":{"line":26,"column":17},"end":{"line":26,"column":26}},"loc":{"start":{"line":26,"column":37},"end":{"line":36,"column":3}},"line":26},"5":{"name":"getTrack","decl":{"start":{"line":38,"column":17},"end":{"line":38,"column":25}},"loc":{"start":{"line":38,"column":38},"end":{"line":41,"column":3}},"line":38},"6":{"name":"searchTracks","decl":{"start":{"line":43,"column":17},"end":{"line":43,"column":29}},"loc":{"start":{"line":43,"column":38},"end":{"line":46,"column":3}},"line":43}},"branchMap":{"0":{"loc":{"start":{"line":16,"column":11},"end":{"line":16,"column":27}},"type":"binary-expr","locations":[{"start":{"line":16,"column":11},"end":{"line":16,"column":18}},{"start":{"line":16,"column":22},"end":{"line":16,"column":27}}],"line":16},"1":{"loc":{"start":{"line":26,"column":27},"end":{"line":26,"column":35}},"type":"default-arg","locations":[{"start":{"line":26,"column":34},"end":{"line":26,"column":35}}],"line":26},"2":{"loc":{"start":{"line":32,"column":19},"end":{"line":32,"column":34}},"type":"cond-expr","locations":[{"start":{"line":32,"column":26},"end":{"line":32,"column":30}},{"start":{"line":32,"column":33},"end":{"line":32,"column":34}}],"line":32},"3":{"loc":{"start":{"line":35,"column":11},"end":{"line":35,"column":34}},"type":"binary-expr","locations":[{"start":{"line":35,"column":11},"end":{"line":35,"column":28}},{"start":{"line":35,"column":32},"end":{"line":35,"column":34}}],"line":35},"4":{"loc":{"start":{"line":40,"column":11},"end":{"line":40,"column":25}},"type":"binary-expr","locations":[{"start":{"line":40,"column":11},"end":{"line":40,"column":16}},{"start":{"line":40,"column":20},"end":{"line":40,"column":25}}],"line":40},"5":{"loc":{"start":{"line":45,"column":11},"end":{"line":45,"column":23}},"type":"binary-expr","locations":[{"start":{"line":45,"column":11},"end":{"line":45,"column":17}},{"start":{"line":45,"column":21},"end":{"line":45,"column":23}}],"line":45}},"s":{"0":0,"1":0,"2":0,"3":0,"4":0,"5":0,"6":0,"7":0,"8":0,"9":0,"10":0,"11":0,"12":0,"13":0,"14":0,"15":0,"16":0,"17":0,"18":0,"19":0},"f":{"0":0,"1":0,"2":0,"3":0,"4":0,"5":0,"6":0},"b":{"0":[0,0],"1":[0],"2":[0,0],"3":[0,0],"4":[0,0],"5":[0,0]},"all":true},"/Users/cguzman/Developer/PlatziMasterProjects/music_app/back-end/api/components/track/routes.js":{"path":"/Users/cguzman/Developer/PlatziMasterProjects/music_app/back-end/api/components/track/routes.js","statementMap":{"0":{"start":{"line":1,"column":19},"end":{"line":1,"column":37}},"1":{"start":{"line":2,"column
[...]
0},"end":{"line":63,"column":5}},"line":46},"5":{"name":"(anonymous_5)","decl":{"start":{"line":65,"column":24},"end":{"line":65,"column":25}},"loc":{"start":{"line":65,"column":50},"end":{"line":77,"column":5}},"line":65},"6":{"name":"(anonymous_6)","decl":{"start":{"line":79,"column":29},"end":{"line":79,"column":30}},"loc":{"start":{"line":79,"column":54},"end":{"line":87,"column":5}},"line":79}},"branchMap":{"0":{"loc":{"start":{"line":23,"column":12},"end":{"line":30,"column":13}},"type":"if","locations":[{"start":{"line":23,"column":12},"end":{"line":30,"column":13}},{"start":{"line":23,"column":12},"end":{"line":30,"column":13}}],"line":23},"1":{"loc":{"start":{"line":51,"column":12},"end":{"line":59,"column":13}},"type":"if","locations":[{"start":{"line":51,"column":12},"end":{"line":59,"column":13}},{"start":{"line":51,"column":12},"end":{"line":59,"column":13}}],"line":51},"2":{"loc":{"start":{"line":69,"column":12},"end":{"line":73,"column":13}},"type":"if","locations":[{"start":{"line":69,"column":12},"end":{"line":73,"column":13}},{"start":{"line":69,"column":12},"end":{"line":73,"column":13}}],"line":69},"3":{"loc":{"start":{"line":83,"column":19},"end":{"line":83,"column":33}},"type":"binary-expr","locations":[{"start":{"line":83,"column":19},"end":{"line":83,"column":24}},{"start":{"line":83,"column":28},"end":{"line":83,"column":33}}],"line":83}},"s":{"0":0,"1":0,"2":0,"3":0,"4":0,"5":0,"6":0,"7":0,"8":0,"9":0,"10":0,"11":0,"12":0,"13":0,"14":0,"15":0,"16":0,"17":0,"18":0,"19":0,"20":0,"21":0,"22":0,"23":0,"24":0,"25":0,"26":0,"27":0,"28":0,"29":0,"30":0,"31":0,"32":0,"33":0,"34":0,"35":0,"36":0,"37":0,"38":0,"39":0,"40":0,"41":0,"42":0,"43":0,"44":0,"45":0,"46":0,"47":0,"48":0,"49":0},"f":{"0":0,"1":0,"2":0,"3":0,"4":0,"5":0,"6":0},"b":{"0":[0,0],"1":[0,0],"2":[0,0],"3":[0,0]},"all":true},"/Users/cguzman/Developer/PlatziMasterProjects/music_app/back-end/api/components/user/controller.js":{"path":"/Users/cguzman/Developer/PlatziMasterProjects/music_app/back-end/api/components/user/controller.js","statementMap":{"0":{"start":{"line":1,"column":0},"end":{"line":58,"column":1}},"1":{"start":{"line":3,"column":14},"end":{"line":3,"column":27}},"2":{"start":{"line":6,"column":24},"end":{"line":6,"column":39}},"3":{"start":{"line":7,"column":8},"end":{"line":7,"column":29}},"4":{"start":{"line":8,"column":8},"end":{"line":8,"column":23}},"5":{"start":{"line":12,"column":24},"end":{"line":15,"column":10}},"6":{"start":{"line":16,"column":8},"end":{"line":16,"column":32}},"7":{"start":{"line":20,"column":28},"end":{"line":22,"column":8}},"8":{"start":{"line":23,"column":6},"end":{"line":23,"column":28}},"9":{"start":{"line":27,"column":22},"end":{"line":27,"column":61}},"10":{"start":{"line":28,"column":8},"end":{"line":28,"column":27}},"11":{"start":{"line":32,"column":21},"end":{"line":32,"column":47}},"12":{"start":{"line":33,"column":8},"end":{"line":33,"column":29}},"13":{"start":{"line":37,"column":21},"end":{"line":37,"column":51}},"14":{"start":{"line":38,"column":8},"end":{"line":38,"column":29}},"15":{"start":{"line":42,"column":21},"end":{"line":42,"column":60}},"16":{"start":{"line":43,"column":8},"end":{"line":44,"column":24}},"17":{"start":{"line":44,"column":12},"end":{"line":44,"column":24}},"18":{"start":{"line":45,"column":8},"end":{"line":45,"column":36}},"19":{"start":{"line":46,"column":8},"end":{"line":46,"column":53}},"20":{"start":{"line":49,"column":4},"end":{"line":57,"column":5}}},"fnMap":{"0":{"name":"(anonymous_0)","decl":{"start":{"line":1,"column":17},"end":{"line":1,"column":18}},"loc":{"start":{"line":1,"column":40},"end":{"line":58,"column":1}},"line":1},"1":{"name":"createUser","decl":{"start":{"line":5,"column":17},"end":{"line":5,"column":27}},"loc":{"start":{"line":5,"column":34},"end":{"line":9,"column":5}},"line":5},"2":{"name":"updateUser","decl":{"start":{"line":11,"column":19},"end":{"line":11,"column":29}},"loc":{"start":{"line":11,"column":44},"end":{"line":17,"column":5}},"line":11},"3":{"name":"deleteUser","decl":{"start":{"line":19,"column":19},"end":{"line":19,"column":29}},"loc":{"start":{"line":19,"column":38},"end":{"line":24,"column":5}},"line":19},"4":{"name":"getUsers","decl":{"start":{"line":26,"column":19},"end":{"line":26,"column":27}},"loc":{"start":{"line":26,"column":29},"end":{"line":29,"column":5}},"line":26},"5":{"name":"getUser","decl":{"start":{"line":31,"column":19},"end":{"line":31,"column":26}},"loc":{"start":{"line":31,"column":34},"end":{"line":34,"column":5}},"line":31},"6":{"name":"getUserByEmail","decl":{"start":{"line":36,"column":19},"end":{"line":36,"column":33}},"loc":{"start":{"line":36,"column":41},"end":{"line":39,"column":5}},"line":36},"7":{"name":"getOrCreateUser","decl":{"start":{"line":41,"column":19},"end":{"line":41,"column":34}},"loc":{"start":{"line":41,"column":41},"end":{"line":47,"column":5}},"line":41}},"branchMap":{"0":{"loc":{"start":{"line":16,"column":15},"end":{"line":16,"column":31}},"type":"binary-expr","locations":[{"start":{"line":16,"column":15},"end":{"line":16,"column":22}},{"start":{"line":16,"column":26},"end":{"line":16,"column":31}}],"line":16},"1":{"loc":{"start":{"line":28,"column":15},"end":{"line":28,"column":26}},"type":"binary-expr","locations":[{"start":{"line":28,"column":15},"end":{"line":28,"column":20}},{"start":{"line":28,"column":24},"end":{"line":28,"column":26}}],"line":28},"2":{"loc":{"start":{"line":33,"column":15},"end":{"line":33,"column":28}},"type":"binary-expr","locations":[{"start":{"line":33,"column":15},"end":{"line":33,"column":19}},{"start":{"line":33,"column":23},"end":{"line":33,"column":28}}],"line":33},"3":{"loc":{"start":{"line":38,"column":15},"end":{"line":38,"column":28}},"type":"binary-expr","locations":[{"start":{"line":38,"column":15},"end":{"line":38,"column":19}},{"start":{"line":38,"column":23},"end":{"line":38,"column":28}}],"line":38},"4":{"loc":{"start":{"line":43,"column":8},"end":{"line":44,"column":24}},"type":"if","locations":[{"start":{"line":43,"column":8},"end":{"line":44,"column":24}},{"start":{"line":43,"column":8},"end":{"line":44,"column":24}}],"line":43}},"s":{"0":0,"1":0,"2":0,"3":0,"4":0,"5":0,"6":0,"7":0,"8":0,"9":0,"10":0,"11":0,"12":0,"13":0,"14":0,"15":0,"16":0,"17":0,"18":0,"19":0,"20":0},"f":{"0":0,"1":0,"2":0,"3":0,"4":0,"5":0,"6":0,"7":0},"b":{"0":[0,0],"1":[0,0],"2":[0,0],"3":[0,0],"4":[0,0]},"all":true},"/Users/cguzman/Developer/PlatziMasterProjects/music_app/back-end/api/components/user/routes.js":{"path":"/Users/cguzman/Developer/PlatziMasterProjects/music_app/back-end/api/components/user/routes.js","statementMap":{"0":{"start":{"line":1,"column":19},"end":{"line":1,"column":37}},"1":{"start":{"line":2,"column":15},"end":{"line":2,"column":23}},"2":{"start":{"line":3,"column":17},"end":{"line":3,"column":36}},"3":{"start":{"line":5,"column":20},"end":{"line":5,"column":40}},"4":{"start":{"line":7,"column":32},"end":{"line":7,"column":92}},"5":{"start":{"line":10,"column":0},"end":{"line":10,"column":46}},"6":{"start":{"line":13,"column":22},"end":{"line":13,"column":40}},"7":{"start":{"line":14,"column":2},"end":{"line":14,"column":31}},"8":{"start":{"line":16,"column":2},"end":{"line":21,"column":4}},"9":{"start":{"line":22,"column":2},"end":{"line":28,"column":4}},"10":{"start":{"line":29,"column":2},"end":{"line":34,"column":4}},"11":{"start":{"line":35,"column":2},"end":{"line":40,"column":4}},"12":{"start":{"line":41,"column":2},"end":{"line":46,"column":4}},"13":{"start":{"line":49,"column":0},"end":{"line":49,"column":28}}},"fnMap":{"0":{"name":"userRoutes","decl":{"start":{"line":12,"column":9},"end":{"line":12,"column":19}},"loc":{"start":{"line":12,"column":32},"end":{"line":47,"column":1}},"line":12}},"branchMap":{},"s":{"0":0,"1":0,"2":0,"3":0,"4":0,"5":0,"6":0,"7":0,"8":0,"9":0,"10":0,"11":0,"12":0,"13":0},"f":{"0":0},"b":{},"all":true},"/Users/cguzman/Developer/PlatziMasterProjects/music_app/back-end/api/components/user/service.js":{"path":"/Users/cguzman/Developer/PlatziMasterProjects/music_app/back-end/api/components/user/service.js","statementMap":{"0":{"start":{"line":1,"column":17},"end":{"line":1,"column":51}},"1":{"start":{"line":2,"column":19},"end":{"line":2,"column":42}},"2":{"start":{"line":3,"column":14},"end":{"line":3,"column":50}},"3":{"start":{"line":4,"column":13},"end":{"line":4,"column":28}},"4":{"start":{"line":7,"column":16},"end":{"line":7,"column":29}},"5":{"start":{"line":8,"column":23},"end":{"line":8,"column":40}},"6":{"start":{"line":10,"column":21},"end":{"line":17,"column":5}},"7":{"start":{"line":11,"column":8},"end":{"line":16,"column":9}},"8":{"start":{"line":12,"column":26},"end":{"line":12,"column":53}},"9":{"start":{"line":13,"column":12},"end":{"line":13,"column":51}},"10":{"start":{"line":15,"column":12},"end":{"line":15,"column":24}},"11":{"start":{"line":19,"column":20},"end":{"line":34,"column":5}},"12":{"start":{"line":20,"column":27},"end":{"line":20,"column":30}},"13":{"start":{"line":21,"column":8},"end":{"line":33,"column":9}},"14":{"start":{"line":22,"column":25},"end":{"line":22,"column":70}},"15":{"start":{"line":23,"column":12},"end":{"line":30,"column":13}},"16":{"start":{"line":24,"column":16},"end":{"line":24,"column":54}},"17":{"start":{"line":26,"column":16},"end":{"line":29,"column":25}},"18":{"start":{"line":32,"column":12},"end":{"line":32,"column":24}},"19":{"start":{"line":36,"column":23},"end":{"line":55,"column":5}},"20":{"start":{"line":37,"column":31},"end":{"line":37,"column":34}},"21":{"start":{"line":38,"column":8},"end":{"line":54,"column":9}},"22":{"start":{"line":39,"column":32},"end":{"line":39,"column":65}},"23":{"start":{"line":40,"column":14},"end":{"line":42,"column":15}},"24":{"start":{"line":41,"column":16},"end":{"line":41,"column":61}},"25":{"start":{"line":50,"column":10},"end":{"line":52,"column":11}},"26":{"start":{"line":51,"column":12},"end":{"line":51,"column":66}},"27":{"start":{"line":53,"column":10},"end":{"line":53,"column":57}},"28":{"start":{"line":57,"column":23},"end":{"line":75,"column":5}},"29":{"start":{"line":58,"column":27},"end":{"line":58,"column":30}},"30":{"start":{"line":59,"column":31},"end":{"line":59,"column":34}},"31":{"start":{"line":60,"column":8},"end":{"line":74,"column":9}},"32":{"start":{"line":61,"column":32},"end":{"line":61,"column":80}},"33":{"start":{"line":62,"column":12},"end":{"line":69,"column":12}},"34":{"start":{"line":63,"column":14},"end":{"line":66,"column":23}},"35":{"start":{"line":68,"column":12},"end":{"line":68,"column":57}},"36":{"start":{"line":73,"column":12},"end":{"line":73,"column":24}},"37":{"start":{"line":77,"column":23},"end":{"line":95,"column":5}},"38":{"start":{"line":78,"column":27},"end":{"line":78,"column":30}},"39":{"start":{"line":79,"column":8},"end":{"line":94,"column":9}},"40":{"start":{"line":80,"column":32},"end":{"line":80,"column":74}},"41":{"start":{"line":81,"column":12},"end":{"line":89,"column":13}},"42":{"start":{"line":82,"column":14},"end":{"line":85,"column":23}},"43":{"start":{"line":88,"column":14},"end":{"line":88,"column":66}},"44":{"start":{"line":93,"column":12},"end":{"line":93,"column":24}},"45":{"start":{"line":97,"column":23},"end":{"line":100,"column":5}},"46":{"start":{"line":98,"column":29},"end":{"line":98,"column":67}},"47":{"start":{"line":99,"column":8},"end":{"line":99,"column":36}},"48":{"start":{"line":102,"column":28},"end":{"line":109,"column":5}},"49":{"start":{"line":103,"column":8},"end":{"line":108,"column":9}},"50":{"start":{"line":104,"column":25},"end":{"line":104,"column":67}},"51":{"start":{"line":105,"column":12},"end":{"line":105,"column":33}},"52":{"start":{"line":107,"column":12},"end":{"line":107,"column":25}},"53":{"start":{"line":111,"column":4},"end":{"line":119,"column":5}},"54":{"start":{"line":122,"column":0},"end":{"line":122,"column":29}}},"fnMap":{"0":{"name":"userService","decl":{"start":{"line":6,"column":9},"end":{"line":6,"column":20}},"loc":{"start":{"line":6,"column":36},"end":{"line":120,"column":1}},"line":6},"1":{"name":"(anonymous_1)","decl":{"start":{"line":10,"column":21},"end":{"line":10,"column":22}},"loc":{"start":{"line":10,"column":47},"end":{"line":17,"column":5}},"line":10},"2":{"name":"(anonymous_2)","decl":{"start":{"line":19,"column":20},"end":{"line":19,"column":21}},"loc":{"start":{"line":19,"column":46},"end":{"line":34,"column":5}},"line":19},"3":{"name":"(anonymous_3)","decl":{"start":{"line":36,"column":23},"end":{"line":36,"column":24}},"loc":{"start":{"line":36,"column":49},"end":{"line":55,"column":5}},"line":36},"4":{"name":"(anonymous_4)","decl":{"start":{"line":57,"column":23},"end":{"line":57,"column":24}},"loc":{"start":{"line":57,"column":49},"end":{"line":75,"column":5}},"line":57},"5":{"name":"(anonymous_5)","decl":{"start":{"line":77,"column":23},"end":{"line":77,"column":24}},"loc":{"start":{"line":77,"column":49},"end":{"line":95,"column":5}},"line":77},"6":{"name":"(anonymous_6)","decl":{"start":{"line":97,"column":23},"end":{"line":97,"column":24}},"loc":{"start":{"line":97,"column":40},"end":{"line":100,"column":5}},"line":97},"7":{"name":"(anonymous_7)","decl":{"start":{"line":102,"column":28},"end":{"line":102,"column":29}},"loc":{"start":{"line":102,"column":48},"end":{"line":109,"column":5}},"line":102}},"branchMap":{"0":{"loc":{"start":{"line":23,"column":12},"end":{"line":30,"column":13}},"type":"if","locations":[{"start":{"line":23,"column":12},"end":{"line":30,"column":13}},{"start":{"line":23,"column":12},"end":{"line":30,"column":13}}],"line":23},"1":{"loc":{"start":{"line":40,"column":14},"end":{"line":42,"column":15}},"type":"if","locations":[{"start":{"line":40,"column":14},"end":{"line":42,"column":15}},{"start":{"line":40,"column":14},"end":{"line":42,"column":15}}],"line":40},"2":{"loc":{"start":{"line":50,"column":10},"end":{"line":52,"column":11}},"type":"if","locations":[{"start":{"line":50,"column":10},"end":{"line":52,"column":11}},{"start":{"line":50,"column":10},"end":{"line":52,"column":11}}],"line":50},"3":{"loc":{"start":{"line":62,"column":12},"end":{"line":69,"column":12}},"type":"if","locations":[{"start":{"line":62,"column":12},"end":{"line":69,"column":12}},{"start":{"line":62,"column":12},"end":{"line":69,"column":12}}],"line":62},"4":{"loc":{"start":{"line":81,"column":12},"end":{"line":89,"column":13}},"type":"if","locations":[{"start":{"line":81,"column":12},"end":{"line":89,"column":13}},{"start":{"line":81,"column":12},"end":{"line":89,"column":13}}],"line":81},"5":{"loc":{"start":{"line":99,"column":15},"end":{"line":99,"column":35}},"type":"binary-expr","locations":[{"start":{"line":99,"column":15},"end":{"line":99,"column":27}},{"start":{"line":99,"column":31},"end":{"line":99,"column":35}}],"line":99},"6":{"loc":{"start":{"line":105,"column":19},"end":{"line":105,"column":32}},"type":"binary-expr","locations":[{"start":{"line":105,"column":19},"end":{"line":105,"column":23}},{"start":{"line":105,"column":27},"end":{"line":105,"column":32}}],"line":105}},"s":{"0":0,"1":0,"2":0,"3":0,"4":0,"5":0,"6":0,"7":0,"8":0,"9":0,"10":0,"11":0,"12":0,"13":0,"14":0,"15":0,"16":0,"17":0,"18":0,"19":0,"20":0,"21":0,"22":0,"23":0,"24":0,"25":0,"26":0,"27":0,"28":0,"29":0,"30":0,"31":0,"32":0,"33":0,"34":0,"35":0,"36":0,"37":0,"38":0,"39":0,"40":0,"41":0,"42":0,"43":0,"44":0,"45":0,"46":0,"47":0,"48":0,"49":0,"50":0,"51":0,"52":0,"53":0,"54":0},"f":{"0":0,"1":0,"2":0,"3":0,"4":0,"5":0,"6":0,"7":0},"b":{"0":[0,0],"1":[0,0],"2":[0,0],"3":[0,0],"4":[0,0],"5":[0,0],"6":[0,0]},"all":true},"/Users/cguzman/Developer/PlatziMasterProjects/music_app/back-end/api/index.js":{"path":"/Users/cguzman/Developer/PlatziMasterProjects/music_app/back-end/api/index.js","statementMap":{"0":{"start":{"line":1,"column":16},"end":{"line":1,"column":34}},"1":{"start":{"line":2,"column":15},"end":{"line":2,"column":32}},"2":{"start":{"line":3,"column":13},"end":{"line":3,"column":28}},"3":{"start":{"line":6,"column":14},"end":{"line":6,"column":47}},"4":{"start":{"line":7,"column":14},"end":{"line":7,"column":30}},"5":{"start":{"line":9,"column":15},"end":{"line":9,"column":41}},"6":{"start":{"line":10,"column":11},"end":{"line":10,"column":31}},"7":{"start":{"line":15,"column":4},"end":{"line":15,"column":48}},"8":{"start":{"line":17,"column":18},"end":{"line":17,"column":47}},"9":{"start":{"line":18,"column":19},"end":{"line":18,"column":44}},"10":{"start":{"line":21,"column":19},"end":{"line":21,"column":54}},"11":{"start":{"line":22,"column":21},"end":{"line":22,"column":58}},"12":{"start":{"line":23,"column":20},"end":{"line":23,"column":56}},"13":{"start":{"line":24,"column":20},"end":{"line":24,"column":56}},"14":{"start":{"line":25,"column":19},"end":{"line":25,"column":54}},"15":{"start":{"line":26,"column":23},"end":{"line":26,"column":62}},"16":{"start":{"line":27,"column":21},"end":{"line":27,"column":65}},"17":{"start":{"line":30,"column":13},"end":{"line":30,"column":39}},"18":{"start":{"line":31,"column":15},"end":{"line":31,"column":43}},"19":{"start":{"line":32,"column":14},"end":{"line":32,"column":41}},"20":{"start":{"line":33,"column":14},"end":{"line":33,"column":41}},"21":{"start":{"line":34,"column":17},"end":{"line":34,"column":47}},"22":{"start":{"line":35,"column":22},"end":{"line":35,"column":56}},"23":{"start":{"line":39,"column":12},"end":{"line":39,"column":21}},"24":{"start":{"line":41,"column":0},"end":{"line":41,"column":16}},"25":{"start":{"line":42,"column":0},"end":{"line":42,"column":24}},"26":{"start":{"line":43,"column":0},"end":{"line":43,"column":49}},"27":{"start":{"line":44,"column":0},"end":{"line":44,"column":18}},"28":{"start":{"line":46,"column":0},"end":{"line":46,"column":59}},"29":{"start":{"line":46,"column":32},"end":{"line":46,"column":55}},"30":{"start":{"line":48,"column":0},"end":{"line":48,"column":67}},"31":{"start":{"line":52,"column":0},"end":{"line":60,"column":1}},"32":{"start":{"line":53,"column":18},"end":{"line":53,"column":42}},"33":{"start":{"line":54,"column":2},"end":{"line":54,"column":73}},"34":{"start":{"line":55,"column":2},"end":{"line":55,"column":22}},"35":{"start":{"line":58,"column":2},"end":{"line":58,"column":49}},"36":{"start":{"line":59,"column":2},"end":{"line":59,"column":15}},"37":{"start":{"line":63,"column":0},"end":{"line":63,"column":22}},"38":{"start":{"line":64,"column":0},"end":{"line":64,"column":26}},"39":{"start":{"line":65,"column":0},"end":{"line":65,"column":24}},"40":{"start":{"line":66,"column":0},"end":{"line":66,"column":24}},"41":{"start":{"line":67,"column":0},"end":{"line":67,"column":22}},"42":{"start":{"line":68,"column":0},"end":{"line":68,"column":30}},"43":{"start":{"line":69,"column":0},"end":{"line":69,"column":33}},"44":{"start":{"line":72,"column":0},"end":{"line":72,"column":19}},"45":{"start":{"line":73,"column":0},"end":{"line":73,"column":22}},"46":{"start":{"line":77,"column":0},"end":{"line":79,"column":2}},"47":{"start":{"line":78,"column":4},"end":{"line":78,"column":76}}},"fnMap":{"0":{"name":"(anonymous_0)","decl":{"start":{"line":46,"column":16},"end":{"line":46,"column":17}},"loc":{"start":{"line":46,"column":30},"end":{"line":46,"column":57}},"line":46},"1":{"name":"(anonymous_1)","decl":{"start":{"line":77,"column":24},"end":{"line":77,"column":25}},"loc":{"start":{"line":77,"column":30},"end":{"line":79,"column":1}},"line":77}},"branchMap":{"0":{"loc":{"start":{"line":52,"column":0},"end":{"line":60,"column":1}},"type":"if","locations":[{"start":{"line":52,"column":0},"end":{"line":60,"column":1}},{"start":{"line":52,"column":0},"end":{"line":60,"column":1}}],"line":52}},"s":{"0":0,"1":0,"2":0,"3":0,"4":0,"5":0,"6":0,"7":0,"8":0,"9":0,"10":0,"11":0,"12":0,"13":0,"14":0,"15":0,"16":0,"17":0,"18":0,"19":0,"20":0,"21":0,"22":0,"23":0,"24":0,"25":0,"26":0,"27":0,"28":0,"29":0,"30":0,"31":0,"32":0,"33":0,"34":0,"35":0,"36":0,"37":0,"38":0,"39":0,"40":0,"41":0,"42":0,"43":0,"44":0,"45":0,"46":0,"47":0},"f":{"0":0,"1":0},"b":{"0":[0,0]},"all":true}}