{"C:\\Users\\M5056567\\Desktop\\DocsM\\Platzi\\Platzi Master\\Final Project\\src\\api\\components\\album\\controller.js": {"path":"C:\\Users\\M5056567\\Desktop\\DocsM\\Platzi\\Platzi Master\\Final Project\\src\\api\\components\\album\\controller.js","statementMap":{"0":{"start":{"line":1,"column":0},"end":{"line":42,"column":1}},"1":{"start":{"line":2,"column":14},"end":{"line":2,"column":27}},"2":{"start":{"line":5,"column":22},"end":{"line":5,"column":37}},"3":{"start":{"line":6,"column":6},"end":{"line":6,"column":27}},"4":{"start":{"line":7,"column":6},"end":{"line":7,"column":21}},"5":{"start":{"line":11,"column":22},"end":{"line":14,"column":8}},"6":{"start":{"line":15,"column":6},"end":{"line":15,"column":30}},"7":{"start":{"line":19,"column":30},"end":{"line":21,"column":8}},"8":{"start":{"line":22,"column":6},"end":{"line":22,"column":29}},"9":{"start":{"line":26,"column":21},"end":{"line":26,"column":39}},"10":{"start":{"line":27,"column":6},"end":{"line":27,"column":26}},"11":{"start":{"line":31,"column":20},"end":{"line":31,"column":57}},"12":{"start":{"line":32,"column":6},"end":{"line":32,"column":28}},"13":{"start":{"line":35,"column":2},"end":{"line":41,"column":3}}},"fnMap":{"0":{"name":"(anonymous_0)","decl":{"start":{"line":1,"column":17},"end":{"line":1,"column":18}},"loc":{"start":{"line":1,"column":40},"end":{"line":42,"column":1}},"line":1},"1":{"name":"createAlbum","decl":{"start":{"line":4,"column":17},"end":{"line":4,"column":28}},"loc":{"start":{"line":4,"column":35},"end":{"line":8,"column":3}},"line":4},"2":{"name":"updateAlbum","decl":{"start":{"line":10,"column":17},"end":{"line":10,"column":28}},"loc":{"start":{"line":10,"column":44},"end":{"line":16,"column":3}},"line":10},"3":{"name":"deleteAlbum","decl":{"start":{"line":18,"column":17},"end":{"line":18,"column":28}},"loc":{"start":{"line":18,"column":38},"end":{"line":23,"column":3}},"line":18},"4":{"name":"getAlbums","decl":{"start":{"line":25,"column":17},"end":{"line":25,"column":26}},"loc":{"start":{"line":25,"column":28},"end":{"line":28,"column":3}},"line":25},"5":{"name":"getAlbum","decl":{"start":{"line":30,"column":17},"end":{"line":30,"column":25}},"loc":{"start":{"line":30,"column":35},"end":{"line":33,"column":3}},"line":30}},"branchMap":{"0":{"loc":{"start":{"line":15,"column":13},"end":{"line":15,"column":29}},"type":"binary-expr","locations":[{"start":{"line":15,"column":13},"end":{"line":15,"column":20}},{"start":{"line":15,"column":24},"end":{"line":15,"column":29}}],"line":15},"1":{"loc":{"start":{"line":27,"column":13},"end":{"line":27,"column":25}},"type":"binary-expr","locations":[{"start":{"line":27,"column":13},"end":{"line":27,"column":19}},{"start":{"line":27,"column":23},"end":{"line":27,"column":25}}],"line":27},"2":{"loc":{"start":{"line":32,"column":13},"end":{"line":32,"column":27}},"type":"binary-expr","locations":[{"start":{"line":32,"column":13},"end":{"line":32,"column":18}},{"start":{"line":32,"column":22},"end":{"line":32,"column":27}}],"line":32}},"s":{"0":1,"1":1,"2":0,"3":0,"4":0,"5":0,"6":0,"7":0,"8":0,"9":1,"10":0,"11":0,"12":0,"13":1},"f":{"0":1,"1":0,"2":0,"3":0,"4":1,"5":0},"b":{"0":[0,0],"1":[0,0],"2":[0,0]},"_coverageSchema":"1a1c01bbd47fc00a2c39e90264f33305004495a9","hash":"4a9c20fa81d0bae00d452fdeae053873bd87cfac"}
,"C:\\Users\\M5056567\\Desktop\\DocsM\\Platzi\\Platzi Master\\Final Project\\src\\api\\components\\album\\routes.js": {"path":"C:\\Users\\M5056567\\Desktop\\DocsM\\Platzi\\Platzi Master\\Final Project\\src\\api\\components\\album\\routes.js","statementMap":{"0":{"start":{"line":1,"column":19},"end":{"line":1,"column":37}},"1":{"start":{"line":2,"column":15},"end":{"line":2,"column":23}},"2":{"start":{"line":3,"column":17},"end":{"line":3,"column":36}},"3":{"start":{"line":5,"column":21},"end":{"line":5,"column":41}},"4":{"start":{"line":7,"column":32},"end":{"line":7,"column":92}},"5":{"start":{"line":8,"column":34},"end":{"line":8,"column":96}},"6":{"start":{"line":11,"column":23},"end":{"line":11,"column":42}},"7":{"start":{"line":12,"column":2},"end":{"line":12,"column":31}},"8":{"start":{"line":14,"column":2},"end":{"line":18,"column":3}},"9":{"start":{"line":19,"column":2},"end":{"line":24,"column":3}},"10":{"start":{"line":25,"column":2},"end":{"line":29,"column":4}},"11":{"start":{"line":30,"column":2},"end":{"line":35,"column":4}},"12":{"start":{"line":36,"column":2},"end":{"line":41,"column":4}},"13":{"start":{"line":43,"column":0},"end":{"line":43,"column":29}}},"fnMap":{"0":{"name":"albumRoutes","decl":{"start":{"line":10,"column":9},"end":{"line":10,"column":20}},"loc":{"start":{"line":10,"column":32},"end":{"line":42,"column":1}},"line":10}},"branchMap":{},"s":{"0":1,"1":1,"2":1,"3":1,"4":1,"5":1,"6":1,"7":1,"8":1,"9":1,"10":1,"11":1,"12":1,"13":1},"f":{"0":1},"b":{},"_coverageSchema":"1a1c01bbd47fc00a2c39e90264f33305004495a9","hash":"7985e21e1ac6fc56c11d5268cf8447dbdd3817ad"}
,"C:\\Users\\M5056567\\Desktop\\DocsM\\Platzi\\Platzi Master\\Final Project\\src\\api\\components\\album\\service.js": {"path":"C:\\Users\\M5056567\\Desktop\\DocsM\\Platzi\\Platzi Master\\Final Project\\src\\api\\components\\album\\service.js","statementMap":{"0":{"start":{"line":1,"column":17},"end":{"line":1,"column":51}},"1":{"start":{"line":2,"column":19},"end":{"line":2,"column":42}},"2":{"start":{"line":3,"column":13},"end":{"line":3,"column":28}},"3":{"start":{"line":7,"column":16},"end":{"line":7,"column":29}},"4":{"start":{"line":8,"column":23},"end":{"line":8,"column":40}},"5":{"start":{"line":10,"column":22},"end":{"line":17,"column":5}},"6":{"start":{"line":11,"column":8},"end":{"line":16,"column":9}},"7":{"start":{"line":12,"column":27},"end":{"line":12,"column":55}},"8":{"start":{"line":13,"column":12},"end":{"line":13,"column":52}},"9":{"start":{"line":15,"column":12},"end":{"line":15,"column":24}},"10":{"start":{"line":19,"column":21},"end":{"line":34,"column":5}},"11":{"start":{"line":20,"column":27},"end":{"line":20,"column":30}},"12":{"start":{"line":21,"column":8},"end":{"line":33,"column":9}},"13":{"start":{"line":22,"column":26},"end":{"line":22,"column":67}},"14":{"start":{"line":23,"column":12},"end":{"line":30,"column":13}},"15":{"start":{"line":24,"column":16},"end":{"line":24,"column":55}},"16":{"start":{"line":26,"column":16},"end":{"line":29,"column":25}},"17":{"start":{"line":32,"column":12},"end":{"line":32,"column":24}},"18":{"start":{"line":36,"column":24},"end":{"line":44,"column":5}},"19":{"start":{"line":37,"column":31},"end":{"line":37,"column":34}},"20":{"start":{"line":38,"column":8},"end":{"line":43,"column":9}},"21":{"start":{"line":39,"column":33},"end":{"line":39,"column":67}},"22":{"start":{"line":40,"column":12},"end":{"line":40,"column":58}},"23":{"start":{"line":42,"column":10},"end":{"line":42,"column":57}},"24":{"start":{"line":46,"column":24},"end":{"line":63,"column":5}},"25":{"start":{"line":47,"column":27},"end":{"line":47,"column":30}},"26":{"start":{"line":48,"column":31},"end":{"line":48,"column":34}},"27":{"start":{"line":49,"column":8},"end":{"line":62,"column":9}},"28":{"start":{"line":50,"column":33},"end":{"line":50,"column":83}},"29":{"start":{"line":51,"column":12},"end":{"line":59,"column":13}},"30":{"start":{"line":52,"column":14},"end":{"line":55,"column":23}},"31":{"start":{"line":58,"column":14},"end":{"line":58,"column":60}},"32":{"start":{"line":61,"column":12},"end":{"line":61,"column":24}},"33":{"start":{"line":65,"column":24},"end":{"line":77,"column":5}},"34":{"start":{"line":66,"column":27},"end":{"line":66,"column":30}},"35":{"start":{"line":67,"column":8},"end":{"line":76,"column":9}},"36":{"start":{"line":68,"column":33},"end":{"line":68,"column":77}},"37":{"start":{"line":69,"column":12},"end":{"line":73,"column":13}},"38":{"start":{"line":70,"column":14},"end":{"line":70,"column":101}},"39":{"start":{"line":72,"column":14},"end":{"line":72,"column":60}},"40":{"start":{"line":75,"column":12},"end":{"line":75,"column":24}},"41":{"start":{"line":79,"column":29},"end":{"line":87,"column":5}},"42":{"start":{"line":80,"column":8},"end":{"line":86,"column":9}},"43":{"start":{"line":81,"column":30},"end":{"line":81,"column":38}},"44":{"start":{"line":82,"column":26},"end":{"line":82,"column":70}},"45":{"start":{"line":83,"column":12},"end":{"line":83,"column":34}},"46":{"start":{"line":85,"column":12},"end":{"line":85,"column":24}},"47":{"start":{"line":89,"column":4},"end":{"line":96,"column":5}},"48":{"start":{"line":99,"column":0},"end":{"line":99,"column":30}}},"fnMap":{"0":{"name":"albumService","decl":{"start":{"line":6,"column":9},"end":{"line":6,"column":21}},"loc":{"start":{"line":6,"column":37},"end":{"line":97,"column":1}},"line":6},"1":{"name":"(anonymous_1)","decl":{"start":{"line":10,"column":22},"end":{"line":10,"column":23}},"loc":{"start":{"line":10,"column":48},"end":{"line":17,"column":5}},"line":10},"2":{"name":"(anonymous_2)","decl":{"start":{"line":19,"column":21},"end":{"line":19,"column":22}},"loc":{"start":{"line":19,"column":47},"end":{"line":34,"column":5}},"line":19},"3":{"name":"(anonymous_3)","decl":{"start":{"line":36,"column":24},"end":{"line":36,"column":25}},"loc":{"start":{"line":36,"column":50},"end":{"line":44,"column":5}},"line":36},"4":{"name":"(anonymous_4)","decl":{"start":{"line":46,"column":24},"end":{"line":46,"column":25}},"loc":{"start":{"line":46,"column":50},"end":{"line":63,"column":5}},"line":46},"5":{"name":"(anonymous_5)","decl":{"start":{"line":65,"column":24},"end":{"line":65,"column":25}},"loc":{"start":{"line":65,"column":50},"end":{"line":77,"column":5}},"line":65},"6":{"name":"(anonymous_6)","decl":{"start":{"line":79,"column":29},"end":{"line":79,"column":30}},"loc":{"start":{"line":79,"column":54},"end":{"line":87,"column":5}},"line":79}},"branchMap":{"0":{"loc":{"start":{"line":23,"column":12},"end":{"line":30,"column":13}},"type":"if","locations":[{"start":{"line":23,"column":12},"end":{"line":30,"column":13}},{"start":{"line":23,"column":12},"end":{"line":30,"column":13}}],"line":23},"1":{"loc":{"start":{"line":51,"column":12},"end":{"line":59,"column":13}},"type":"if","locations":[{"start":{"line":51,"column":12},"end":{"line":59,"column":13}},{"start":{"line":51,"column":12},"end":{"line":59,"column":13}}],"line":51},"2":{"loc":{"start":{"line":69,"column":12},"end":{"line":73,"column":13}},"type":"if","locations":[{"start":{"line":69,"column":12},"end":{"line":73,"column":13}},{"start":{"line":69,"column":12},"end":{"line":73,"column":13}}],"line":69},"3":{"loc":{"start":{"line":83,"column":19},"end":{"line":83,"column":33}},"type":"binary-expr","locations":[{"start":{"line":83,"column":19},"end":{"line":83,"column":24}},{"start":{"line":83,"column":28},"end":{"line":83,"column":33}}],"line":83}},"s":{"0":1,"1":1,"2":1,"3":1,"4":1,"5":1,"6":1,"7":1,"8":0,"9":1,"10":1,"11":0,"12":0,"13":0,"14":0,"15":0,"16":0,"17":0,"18":1,"19":0,"20":0,"21":0,"22":0,"23":0,"24":1,"25":0,"26":0,"27":0,"28":0,"29":0,"30":0,"31":0,"32":0,"33":1,"34":0,"35":0,"36":0,"37":0,"38":0,"39":0,"40":0,"41":1,"42":0,"43":0,"44":0,"45":0,"46":0,"47":1,"48":1},"f":{"0":1,"1":1,"2":0,"3":0,"4":0,"5":0,"6":0},"b":{"0":[0,0],"1":[0,0],"2":[0,0],"3":[0,0]},"_coverageSchema":"1a1c01bbd47fc00a2c39e90264f33305004495a9","hash":"aec51d72f6f990acf03df7d9aca9b20b0a528338"}
,"C:\\Users\\M5056567\\Desktop\\DocsM\\Platzi\\Platzi Master\\Final Project\\src\\utils\\response.js": {"path":"C:\\Users\\M5056567\\Desktop\\DocsM\\Platzi\\Platzi Master\\Final Project\\src\\utils\\response.js","statementMap":{"0":{"start":{"line":1,"column":0},"end":{"line":10,"column":4}},"1":{"start":{"line":2,"column":21},"end":{"line":2,"column":34}},"2":{"start":{"line":3,"column":24},"end":{"line":3,"column":37}},"3":{"start":{"line":5,"column":4},"end":{"line":9,"column":7}},"4":{"start":{"line":12,"column":2},"end":{"line":21,"column":4}},"5":{"start":{"line":13,"column":21},"end":{"line":13,"column":34}},"6":{"start":{"line":14,"column":24},"end":{"line":14,"column":58}},"7":{"start":{"line":16,"column":4},"end":{"line":20,"column":7}}},"fnMap":{"0":{"name":"(anonymous_0)","decl":{"start":{"line":1,"column":18},"end":{"line":1,"column":19}},"loc":{"start":{"line":1,"column":49},"end":{"line":10,"column":3}},"line":1},"1":{"name":"(anonymous_1)","decl":{"start":{"line":12,"column":18},"end":{"line":12,"column":19}},"loc":{"start":{"line":12,"column":49},"end":{"line":21,"column":3}},"line":12}},"branchMap":{"0":{"loc":{"start":{"line":2,"column":21},"end":{"line":2,"column":34}},"type":"binary-expr","locations":[{"start":{"line":2,"column":21},"end":{"line":2,"column":27}},{"start":{"line":2,"column":31},"end":{"line":2,"column":34}}],"line":2},"1":{"loc":{"start":{"line":3,"column":24},"end":{"line":3,"column":37}},"type":"binary-expr","locations":[{"start":{"line":3,"column":24},"end":{"line":3,"column":31}},{"start":{"line":3,"column":35},"end":{"line":3,"column":37}}],"line":3},"2":{"loc":{"start":{"line":13,"column":21},"end":{"line":13,"column":34}},"type":"binary-expr","locations":[{"start":{"line":13,"column":21},"end":{"line":13,"column":27}},{"start":{"line":13,"column":31},"end":{"line":13,"column":34}}],"line":13},"3":{"loc":{"start":{"line":14,"column":24},"end":{"line":14,"column":58}},"type":"binary-expr","locations":[{"start":{"line":14,"column":24},"end":{"line":14,"column":31}},{"start":{"line":14,"column":35},"end":{"line":14,"column":58}}],"line":14}},"s":{"0":1,"1":0,"2":0,"3":0,"4":1,"5":0,"6":0,"7":0},"f":{"0":0,"1":0},"b":{"0":[0,0],"1":[0,0],"2":[0,0],"3":[0,0]},"_coverageSchema":"1a1c01bbd47fc00a2c39e90264f33305004495a9","hash":"fbc6ddc66e95bbc36b968e8ac8114820c7ebc643"}
,"C:\\Users\\M5056567\\Desktop\\DocsM\\Platzi\\Platzi Master\\Final Project\\src\\utils\\testServer.js": {"path":"C:\\Users\\M5056567\\Desktop\\DocsM\\Platzi\\Platzi Master\\Final Project\\src\\utils\\testServer.js","statementMap":{"0":{"start":{"line":1,"column":16},"end":{"line":1,"column":34}},"1":{"start":{"line":2,"column":18},"end":{"line":2,"column":38}},"2":{"start":{"line":5,"column":16},"end":{"line":5,"column":25}},"3":{"start":{"line":6,"column":4},"end":{"line":6,"column":15}},"4":{"start":{"line":7,"column":4},"end":{"line":7,"column":26}},"5":{"start":{"line":10,"column":0},"end":{"line":10,"column":28}}},"fnMap":{"0":{"name":"testServer","decl":{"start":{"line":4,"column":9},"end":{"line":4,"column":19}},"loc":{"start":{"line":4,"column":27},"end":{"line":8,"column":1}},"line":4}},"branchMap":{},"s":{"0":1,"1":1,"2":1,"3":1,"4":1,"5":1},"f":{"0":1},"b":{},"_coverageSchema":"1a1c01bbd47fc00a2c39e90264f33305004495a9","hash":"167c4e10fab9ece9e048e8821b0e50a12d8b6c0f"}
,"C:\\Users\\M5056567\\Desktop\\DocsM\\Platzi\\Platzi Master\\Final Project\\src\\utils\\middleware\\objectIdValidationHanlder.js": {"path":"C:\\Users\\M5056567\\Desktop\\DocsM\\Platzi\\Platzi Master\\Final Project\\src\\utils\\middleware\\objectIdValidationHanlder.js","statementMap":{"0":{"start":{"line":1,"column":17},"end":{"line":1,"column":39}},"1":{"start":{"line":2,"column":13},"end":{"line":2,"column":28}},"2":{"start":{"line":5,"column":2},"end":{"line":13,"column":3}},"3":{"start":{"line":6,"column":16},"end":{"line":6,"column":52}},"4":{"start":{"line":7,"column":4},"end":{"line":12,"column":5}},"5":{"start":{"line":8,"column":8},"end":{"line":8,"column":53}},"6":{"start":{"line":11,"column":6},"end":{"line":11,"column":13}},"7":{"start":{"line":16,"column":0},"end":{"line":16,"column":42}}},"fnMap":{"0":{"name":"objectIdValidationHandler","decl":{"start":{"line":4,"column":9},"end":{"line":4,"column":34}},"loc":{"start":{"line":4,"column":44},"end":{"line":14,"column":1}},"line":4},"1":{"name":"(anonymous_1)","decl":{"start":{"line":5,"column":9},"end":{"line":5,"column":10}},"loc":{"start":{"line":5,"column":28},"end":{"line":13,"column":3}},"line":5}},"branchMap":{"0":{"loc":{"start":{"line":6,"column":16},"end":{"line":6,"column":52}},"type":"binary-expr","locations":[{"start":{"line":6,"column":16},"end":{"line":6,"column":36}},{"start":{"line":6,"column":40},"end":{"line":6,"column":52}}],"line":6},"1":{"loc":{"start":{"line":7,"column":4},"end":{"line":12,"column":5}},"type":"if","locations":[{"start":{"line":7,"column":4},"end":{"line":12,"column":5}},{"start":{"line":7,"column":4},"end":{"line":12,"column":5}}],"line":7}},"s":{"0":1,"1":1,"2":3,"3":0,"4":0,"5":0,"6":0,"7":1},"f":{"0":3,"1":0},"b":{"0":[0,0],"1":[0,0]},"_coverageSchema":"1a1c01bbd47fc00a2c39e90264f33305004495a9","hash":"7f6612685c49906aa4d19fb83fbb077513fe88a6"}
,"C:\\Users\\M5056567\\Desktop\\DocsM\\Platzi\\Platzi Master\\Final Project\\src\\utils\\middleware\\scopesValidationHandler.js": {"path":"C:\\Users\\M5056567\\Desktop\\DocsM\\Platzi\\Platzi Master\\Final Project\\src\\utils\\middleware\\scopesValidationHandler.js","statementMap":{"0":{"start":{"line":1,"column":17},"end":{"line":1,"column":39}},"1":{"start":{"line":2,"column":13},"end":{"line":2,"column":28}},"2":{"start":{"line":5,"column":4},"end":{"line":23,"column":5}},"3":{"start":{"line":6,"column":8},"end":{"line":11,"column":9}},"4":{"start":{"line":7,"column":12},"end":{"line":10,"column":22}},"5":{"start":{"line":13,"column":28},"end":{"line":14,"column":58}},"6":{"start":{"line":14,"column":26},"end":{"line":14,"column":57}},"7":{"start":{"line":16,"column":26},"end":{"line":16,"column":54}},"8":{"start":{"line":18,"column":8},"end":{"line":22,"column":9}},"9":{"start":{"line":19,"column":12},"end":{"line":19,"column":19}},"10":{"start":{"line":21,"column":12},"end":{"line":21,"column":59}},"11":{"start":{"line":26,"column":0},"end":{"line":26,"column":41}}},"fnMap":{"0":{"name":"scopesValidationHandler","decl":{"start":{"line":4,"column":9},"end":{"line":4,"column":32}},"loc":{"start":{"line":4,"column":48},"end":{"line":24,"column":1}},"line":4},"1":{"name":"(anonymous_1)","decl":{"start":{"line":5,"column":11},"end":{"line":5,"column":12}},"loc":{"start":{"line":5,"column":31},"end":{"line":23,"column":5}},"line":5},"2":{"name":"(anonymous_2)","decl":{"start":{"line":14,"column":17},"end":{"line":14,"column":18}},"loc":{"start":{"line":14,"column":26},"end":{"line":14,"column":57}},"line":14}},"branchMap":{"0":{"loc":{"start":{"line":6,"column":8},"end":{"line":11,"column":9}},"type":"if","locations":[{"start":{"line":6,"column":8},"end":{"line":11,"column":9}},{"start":{"line":6,"column":8},"end":{"line":11,"column":9}}],"line":6},"1":{"loc":{"start":{"line":6,"column":12},"end":{"line":6,"column":55}},"type":"binary-expr","locations":[{"start":{"line":6,"column":12},"end":{"line":6,"column":21}},{"start":{"line":6,"column":26},"end":{"line":6,"column":34}},{"start":{"line":6,"column":38},"end":{"line":6,"column":54}}],"line":6},"2":{"loc":{"start":{"line":18,"column":8},"end":{"line":22,"column":9}},"type":"if","locations":[{"start":{"line":18,"column":8},"end":{"line":22,"column":9}},{"start":{"line":18,"column":8},"end":{"line":22,"column":9}}],"line":18}},"s":{"0":1,"1":1,"2":4,"3":0,"4":0,"5":0,"6":0,"7":0,"8":0,"9":0,"10":0,"11":1},"f":{"0":4,"1":0,"2":0},"b":{"0":[0,0],"1":[0,0,0],"2":[0,0]},"_coverageSchema":"1a1c01bbd47fc00a2c39e90264f33305004495a9","hash":"c93546ab303f67395a03407da2dfb86e604f6a45"}
}
