TN:
SF:api\components\album\controller.js
FN:1,(anonymous_0)
FN:4,createAlbum
FN:10,updateAlbum
FN:18,deleteAlbum
FN:25,getAlbums
FN:30,getAlbum
FNF:6
FNH:2
FNDA:1,(anonymous_0)
FNDA:0,createAlbum
FNDA:0,updateAlbum
FNDA:0,deleteAlbum
FNDA:1,getAlbums
FNDA:0,getAlbum
DA:1,1
DA:2,1
DA:5,0
DA:6,0
DA:7,0
DA:11,0
DA:15,0
DA:19,0
DA:22,0
DA:26,1
DA:27,0
DA:31,0
DA:32,0
DA:35,1
LF:14
LH:4
BRDA:15,0,0,0
BRDA:15,0,1,0
BRDA:27,1,0,0
BRDA:27,1,1,0
BRDA:32,2,0,0
BRDA:32,2,1,0
BRF:6
BRH:0
end_of_record
TN:
SF:api\components\album\routes.js
FN:10,albumRoutes
FNF:1
FNH:1
FNDA:1,albumRoutes
DA:1,1
DA:2,1
DA:3,1
DA:5,1
DA:7,1
DA:8,1
DA:11,1
DA:12,1
DA:14,1
DA:19,1
DA:25,1
DA:30,1
DA:36,1
DA:43,1
LF:14
LH:14
BRF:0
BRH:0
end_of_record
TN:
SF:api\components\album\service.js
FN:6,albumService
FN:10,(anonymous_1)
FN:19,(anonymous_2)
FN:36,(anonymous_3)
FN:46,(anonymous_4)
FN:65,(anonymous_5)
FN:79,(anonymous_6)
FNF:7
FNH:2
FNDA:1,albumService
FNDA:1,(anonymous_1)
FNDA:0,(anonymous_2)
FNDA:0,(anonymous_3)
FNDA:0,(anonymous_4)
FNDA:0,(anonymous_5)
FNDA:0,(anonymous_6)
DA:1,1
DA:2,1
DA:3,1
DA:7,1
DA:8,1
DA:10,1
DA:11,1
DA:12,1
DA:13,0
DA:15,1
DA:19,1
DA:20,0
DA:21,0
DA:22,0
DA:23,0
DA:24,0
DA:26,0
DA:32,0
DA:36,1
DA:37,0
DA:38,0
DA:39,0
DA:40,0
DA:42,0
DA:46,1
DA:47,0
DA:48,0
DA:49,0
DA:50,0
DA:51,0
DA:52,0
DA:58,0
DA:61,0
DA:65,1
DA:66,0
DA:67,0
DA:68,0
DA:69,0
DA:70,0
DA:72,0
DA:75,0
DA:79,1
DA:80,0
DA:81,0
DA:82,0
DA:83,0
DA:85,0
DA:89,1
DA:99,1
LF:49
LH:16
BRDA:23,0,0,0
BRDA:23,0,1,0
BRDA:51,1,0,0
BRDA:51,1,1,0
BRDA:69,2,0,0
BRDA:69,2,1,0
BRDA:83,3,0,0
BRDA:83,3,1,0
BRF:8
BRH:0
end_of_record
TN:
SF:utils\response.js
FN:1,(anonymous_0)
FN:12,(anonymous_1)
FNF:2
FNH:0
FNDA:0,(anonymous_0)
FNDA:0,(anonymous_1)
DA:1,1
DA:2,0
DA:3,0
DA:5,0
DA:12,1
DA:13,0
DA:14,0
DA:16,0
LF:8
LH:2
BRDA:2,0,0,0
BRDA:2,0,1,0
BRDA:3,1,0,0
BRDA:3,1,1,0
BRDA:13,2,0,0
BRDA:13,2,1,0
BRDA:14,3,0,0
BRDA:14,3,1,0
BRF:8
BRH:0
end_of_record
TN:
SF:utils\testServer.js
FN:4,testServer
FNF:1
FNH:1
FNDA:1,testServer
DA:1,1
DA:2,1
DA:5,1
DA:6,1
DA:7,1
DA:10,1
LF:6
LH:6
BRF:0
BRH:0
end_of_record
TN:
SF:utils\middleware\objectIdValidationHanlder.js
FN:4,objectIdValidationHandler
FN:5,(anonymous_1)
FNF:2
FNH:1
FNDA:3,objectIdValidationHandler
FNDA:0,(anonymous_1)
DA:1,1
DA:2,1
DA:5,3
DA:6,0
DA:7,0
DA:8,0
DA:11,0
DA:16,1
LF:8
LH:4
BRDA:6,0,0,0
BRDA:6,0,1,0
BRDA:7,1,0,0
BRDA:7,1,1,0
BRF:4
BRH:0
end_of_record
TN:
SF:utils\middleware\scopesValidationHandler.js
FN:4,scopesValidationHandler
FN:5,(anonymous_1)
FN:14,(anonymous_2)
FNF:3
FNH:1
FNDA:4,scopesValidationHandler
FNDA:0,(anonymous_1)
FNDA:0,(anonymous_2)
DA:1,1
DA:2,1
DA:5,4
DA:6,0
DA:7,0
DA:13,0
DA:14,0
DA:16,0
DA:18,0
DA:19,0
DA:21,0
DA:26,1
LF:12
LH:4
BRDA:6,0,0,0
BRDA:6,0,1,0
BRDA:6,1,0,0
BRDA:6,1,1,0
BRDA:6,1,2,0
BRDA:18,2,0,0
BRDA:18,2,1,0
BRF:7
BRH:0
end_of_record
